0.000000 45219.840000 -0.002727 0.000118 0.000000
1.000000 45420.544000 -0.002684 0.000119 0.000000
2.000000 45129.728000 -0.002647 0.000120 0.000000
3.000000 45486.080000 -0.002682 0.000119 0.000000
4.000000 45428.736000 -0.002731 0.000118 0.000000
5.000000 45412.352000 -0.002771 0.000117 0.000000
6.000000 45445.120000 -0.002770 0.000117 0.000000
7.000000 45428.736000 -0.002747 0.000117 0.000000
8.000000 45498.368000 -0.002729 0.000119 0.000000
9.000000 45494.272000 -0.002719 0.000118 0.000000
10.000000 45187.072000 -0.002738 0.000118 0.000000
11.000000 45416.448000 -0.002751 0.000117 0.000000
12.000000 45510.656000 -0.002736 0.000117 0.000000
13.000000 45473.792000 -0.002747 0.000117 0.000000
14.000000 45113.344000 -0.002739 0.000117 0.000000
15.000000 45211.648000 -0.002750 0.000118 0.000000
16.000000 45355.008000 -0.002725 0.000117 0.000000
17.000000 45375.488000 -0.002740 0.000118 0.000000
18.000000 45465.600000 -0.002728 0.000118 0.000000
19.000000 45449.216000 -0.002700 0.000118 0.000000
20.000000 45363.200000 -0.002693 0.000118 0.000000
21.000000 45473.792000 -0.002664 0.000119 0.000000
22.000000 45498.368000 -0.002699 0.000117 0.000000
23.000000 45498.368000 -0.002726 0.000117 0.000000
24.000000 45490.176000 -0.002726 0.000117 0.000000
25.000000 45522.944000 -0.002699 0.000117 0.000000
26.000000 45522.944000 -0.002716 0.000117 0.000000
27.000000 45527.040000 -0.000319 0.000126 0.000000
28.000000 45522.944000 -0.002399 0.000119 0.000000
29.000000 45416.448000 -0.002677 0.000117 0.000000
30.000000 45522.944000 -0.002687 0.000116 0.000000
31.000000 44732.416000 -0.002664 0.000117 0.000000
32.000000 45481.984000 -0.002662 0.000118 0.000000
33.000000 45535.232000 -0.002660 0.000118 0.000000
34.000000 44593.152000 -0.002666 0.000119 0.000000
35.000000 44396.544000 -0.002391 0.000124 293.000000
36.000000 45350.912000 -0.002665 0.000117 0.000000
37.000000 45420.544000 -0.002660 0.000118 0.000000
38.000000 45404.160000 -0.002688 0.000116 0.000000
39.000000 45490.176000 -0.002676 0.000117 0.000000
40.000000 45281.280000 -0.002667 0.000118 0.000000
41.000000 45481.984000 -0.002674 0.000117 0.000000
42.000000 45441.024000 -0.002671 0.000118 0.000000
43.000000 45453.312000 -0.002659 0.000118 0.000000
44.000000 45490.176000 -0.002672 0.000118 0.000000
45.000000 45449.216000 -0.002674 0.000118 0.000000
46.000000 45424.640000 -0.002655 0.000117 0.000000
47.000000 45412.352000 -0.002652 0.000118 0.000000
48.000000 45416.448000 -0.002642 0.000118 0.000000
49.000000 45453.312000 -0.002619 0.000118 0.000000
50.000000 45498.368000 -0.002645 0.000117 0.000000
51.000000 45494.272000 -0.002647 0.000117 0.000000
52.000000 45465.600000 -0.002636 0.000118 0.000000
53.000000 45539.328000 -0.002636 0.000118 0.000000
54.000000 45522.944000 -0.002641 0.000118 0.000000
55.000000 45375.488000 -0.002633 0.000117 0.000000
56.000000 45535.232000 -0.002647 0.000118 0.000000
57.000000 45568.000000 -0.002641 0.000117 0.000000
58.000000 45498.368000 -0.002629 0.000117 0.000000
59.000000 45494.272000 -0.002627 0.000118 0.000000
60.000000 45461.504000 -0.002628 0.000117 0.000000
61.000000 45543.424000 -0.002601 0.000118 0.000000
62.000000 45518.848000 -0.002588 0.000118 0.000000
63.000000 45551.616000 -0.002567 0.000118 0.000000
64.000000 45305.856000 -0.002565 0.000119 0.000000
65.000000 38928.384000 -0.001140 0.000149 1615.000000
66.000000 43712.512000 -0.002595 0.000117 0.000000
67.000000 45494.272000 -0.002589 0.000118 0.000000
68.000000 45502.464000 -0.002603 0.000117 0.000000
69.000000 45481.984000 -0.002604 0.000117 0.000000
70.000000 45514.752000 -0.002585 0.000117 0.000000
71.000000 45461.504000 -0.002594 0.000118 0.000000
72.000000 45449.216000 -0.002585 0.000118 0.000000
73.000000 45490.176000 -0.002589 0.000118 0.000000
74.000000 45522.944000 -0.002582 0.000118 0.000000
75.000000 45477.888000 -0.002585 0.000118 0.000000
76.000000 45383.680000 -0.002568 0.000118 0.000000
77.000000 45477.888000 -0.002566 0.000118 0.000000
78.000000 45514.752000 -0.002563 0.000118 0.000000
79.000000 45465.600000 -0.002553 0.000118 0.000000
80.000000 45469.696000 -0.002568 0.000118 0.000000
81.000000 45535.232000 -0.002538 0.000118 0.000000
82.000000 45404.160000 -0.002545 0.000117 0.000000
83.000000 45518.848000 -0.002552 0.000117 0.000000
84.000000 45481.984000 -0.002557 0.000118 0.000000
85.000000 45494.272000 -0.002531 0.000118 0.000000
86.000000 45527.040000 -0.002542 0.000118 0.000000
87.000000 45522.944000 -0.002535 0.000118 0.000000
88.000000 45518.848000 -0.000309 0.000127 0.000000
89.000000 45559.808000 -0.002538 0.000118 0.000000
90.000000 45473.792000 -0.002543 0.000118 0.000000
91.000000 45436.928000 -0.002531 0.000117 0.000000
92.000000 45522.944000 -0.002549 0.000118 0.000000
93.000000 45510.656000 -0.002545 0.000117 0.000000
94.000000 45432.832000 -0.002537 0.000118 0.000000
95.000000 45244.416000 -0.002541 0.000118 0.000000
96.000000 45387.776000 -0.002518 0.000118 0.000000
97.000000 45510.656000 -0.002503 0.000117 0.000000
98.000000 45527.040000 -0.002539 0.000117 0.000000
99.000000 45518.848000 -0.002535 0.000117 0.000000
100.000000 45412.352000 -0.002518 0.000116 0.000000
101.000000 41205.760000 -0.002520 0.000117 0.000000
102.000000 45465.600000 -0.002522 0.000116 0.000000
103.000000 45506.560000 -0.002500 0.000116 0.000000
104.000000 45301.760000 -0.002510 0.000117 0.000000
105.000000 45551.616000 -0.002516 0.000116 0.000000
106.000000 45314.048000 -0.002513 0.000117 0.000000
107.000000 45416.448000 -0.002502 0.000117 0.000000
108.000000 45416.448000 -0.002496 0.000117 0.000000
109.000000 45346.816000 -0.002467 0.000117 0.000000
110.000000 45432.832000 -0.002497 0.000117 0.000000
111.000000 45457.408000 -0.002497 0.000117 0.000000
112.000000 45465.600000 -0.002494 0.000118 0.000000
113.000000 45498.368000 -0.002486 0.000117 0.000000
114.000000 45449.216000 -0.002480 0.000118 0.000000
115.000000 45416.448000 -0.002473 0.000118 0.000000
116.000000 45465.600000 -0.002481 0.000118 0.000000
117.000000 45248.512000 -0.002475 0.000117 0.000000
118.000000 45531.136000 -0.002499 0.000117 0.000000
119.000000 45264.896000 -0.002480 0.000117 0.000000
120.000000 45559.808000 -0.002499 0.000117 0.000000
121.000000 45551.616000 -0.002482 0.000117 0.000000
122.000000 45535.232000 -0.002492 0.000117 0.000000
123.000000 45486.080000 -0.002468 0.000117 0.000000
124.000000 45481.984000 -0.002448 0.000118 0.000000
125.000000 38477.824000 -0.000688 0.000151 1714.000000
126.000000 45535.232000 -0.002448 0.000118 0.000000
127.000000 45355.008000 -0.002423 0.000118 0.000000
128.000000 45510.656000 -0.002450 0.000117 0.000000
129.000000 45498.368000 -0.002447 0.000118 0.000000
130.000000 45527.040000 -0.002452 0.000119 0.000000
131.000000 45535.232000 -0.002446 0.000117 0.000000
132.000000 45518.848000 -0.002440 0.000117 0.000000
133.000000 45326.336000 -0.002443 0.000118 0.000000
134.000000 45502.464000 -0.002449 0.000119 0.000000
135.000000 45416.448000 -0.002442 0.000118 0.000000
136.000000 35381.248000 -0.002433 0.000117 0.000000
137.000000 44883.968000 -0.002451 0.000118 0.000000
138.000000 45076.480000 -0.002430 0.000118 0.000000
139.000000 45391.872000 -0.002420 0.000118 0.000000
140.000000 45301.760000 -0.002438 0.000118 0.000000
141.000000 45461.504000 -0.002402 0.000119 0.000000
142.000000 45461.504000 -0.002408 0.000119 0.000000
143.000000 45506.560000 -0.002443 0.000118 0.000000
144.000000 45481.984000 -0.002447 0.000117 0.000000
145.000000 45395.968000 -0.002434 0.000117 0.000000
146.000000 45551.616000 -0.002443 0.000117 0.000000
147.000000 45522.944000 -0.002444 0.000117 0.000000
148.000000 45543.424000 -0.002432 0.000117 0.000000
149.000000 45121.536000 -0.001975 0.000120 0.000000
150.000000 45969.408000 -0.000622 0.000124 0.000000
151.000000 45522.944000 -0.002408 0.000117 0.000000
152.000000 45535.232000 -0.002423 0.000117 0.000000
153.000000 45420.544000 -0.002387 0.000118 0.000000
154.000000 45436.928000 -0.002414 0.000117 0.000000
155.000000 34889.728000 0.000176 0.000172 2585.000000
156.000000 45522.944000 -0.002418 0.000117 0.000000
157.000000 45498.368000 -0.002408 0.000117 0.000000
158.000000 45436.928000 -0.002406 0.000118 0.000000
159.000000 45486.080000 -0.002404 0.000118 0.000000
160.000000 45322.240000 -0.002401 0.000118 0.000000
161.000000 45543.424000 -0.002393 0.000117 0.000000
162.000000 45199.360000 -0.002392 0.000118 0.000000
163.000000 45506.560000 -0.002393 0.000117 0.000000
164.000000 45502.464000 -0.002383 0.000117 0.000000
165.000000 45477.888000 -0.002227 0.000119 0.000000
166.000000 45436.928000 -0.002376 0.000118 0.000000
167.000000 45412.352000 -0.002366 0.000119 0.000000
168.000000 45432.832000 -0.002363 0.000119 0.000000
169.000000 45416.448000 -0.002369 0.000119 0.000000
170.000000 45465.600000 -0.002397 0.000117 0.000000
171.000000 43991.040000 -0.002397 0.000117 0.000000
172.000000 45371.392000 -0.002379 0.000117 0.000000
173.000000 45486.080000 -0.002385 0.000118 0.000000
174.000000 45441.024000 -0.002389 0.000117 0.000000
175.000000 45531.136000 -0.002387 0.000117 0.000000
176.000000 45490.176000 -0.002397 0.000117 0.000000
177.000000 45588.480000 -0.002377 0.000116 0.000000
178.000000 45600.768000 -0.002384 0.000117 0.000000
179.000000 45563.904000 -0.002376 0.000117 0.000000
180.000000 45465.600000 -0.002380 0.000117 0.000000
181.000000 45559.808000 -0.002374 0.000117 0.000000
182.000000 45551.616000 -0.002375 0.000117 0.000000
183.000000 45535.232000 -0.002363 0.000118 0.000000
184.000000 45510.656000 -0.002357 0.000118 0.000000
185.000000 34385.920000 0.000439 0.000176 2731.000000
186.000000 45588.480000 -0.002375 0.000118 0.000000
187.000000 45608.960000 -0.002349 0.000117 0.000000
188.000000 45608.960000 -0.002360 0.000118 0.000000
189.000000 45486.080000 -0.002353 0.000117 0.000000
190.000000 45600.768000 -0.002331 0.000118 0.000000
191.000000 45547.520000 -0.002332 0.000118 0.000000
192.000000 45531.136000 -0.002328 0.000118 0.000000
193.000000 45592.576000 -0.002337 0.000118 0.000000
194.000000 45584.384000 -0.002333 0.000118 0.000000
195.000000 45621.248000 -0.002339 0.000118 0.000000
196.000000 45473.792000 -0.002322 0.000118 0.000000
197.000000 45420.544000 -0.002324 0.000119 0.000000
198.000000 45367.296000 -0.002332 0.000118 0.000000
199.000000 45457.408000 -0.002323 0.000118 0.000000
200.000000 45473.792000 -0.002344 0.000117 0.000000
201.000000 45498.368000 -0.002345 0.000118 0.000000
202.000000 45506.560000 -0.002337 0.000118 0.000000
203.000000 45469.696000 -0.002308 0.000119 0.000000
204.000000 45498.368000 -0.002287 0.000119 0.000000
205.000000 45518.848000 -0.002328 0.000118 0.000000
206.000000 41299.968000 -0.002342 0.000117 0.000000
207.000000 45142.016000 -0.002336 0.000118 0.000000
208.000000 45539.328000 -0.002332 0.000117 0.000000
209.000000 45146.112000 -0.002321 0.000117 0.000000
210.000000 45449.216000 -0.002330 0.000117 0.000000
211.000000 45481.984000 0.000159 0.000127 0.000000
212.000000 45510.656000 -0.002317 0.000117 0.000000
213.000000 45555.712000 -0.002320 0.000117 0.000000
214.000000 45477.888000 -0.002297 0.000117 0.000000
215.000000 38256.640000 -0.000648 0.000154 1774.000000
216.000000 45494.272000 -0.002261 0.000119 0.000000
217.000000 45547.520000 -0.002275 0.000118 0.000000
218.000000 45531.136000 -0.002285 0.000118 0.000000
219.000000 45559.808000 -0.002300 0.000118 0.000000
220.000000 45510.656000 -0.002285 0.000118 0.000000
221.000000 45555.712000 -0.002291 0.000118 0.000000
222.000000 45584.384000 -0.002284 0.000118 0.000000
223.000000 45576.192000 -0.002291 0.000118 0.000000
224.000000 45092.864000 -0.002293 0.000119 0.000000
225.000000 45285.376000 -0.002287 0.000118 0.000000
226.000000 45469.696000 -0.002029 0.000120 0.000000
227.000000 45432.832000 -0.002239 0.000120 0.000000
228.000000 45076.480000 -0.002265 0.000119 0.000000
229.000000 45207.552000 -0.002299 0.000118 0.000000
230.000000 45408.256000 -0.002305 0.000117 0.000000
231.000000 45420.544000 -0.002313 0.000117 0.000000
232.000000 45473.792000 -0.002305 0.000118 0.000000
233.000000 45432.832000 -0.002306 0.000117 0.000000
234.000000 45477.888000 -0.002299 0.000117 0.000000
235.000000 45502.464000 -0.002270 0.000118 0.000000
236.000000 45481.984000 -0.002283 0.000118 0.000000
237.000000 45506.560000 -0.002279 0.000117 0.000000
238.000000 45568.000000 -0.002281 0.000118 0.000000
239.000000 45527.040000 -0.002262 0.000117 0.000000
240.000000 45391.872000 -0.002206 0.000119 44.000000
241.000000 45572.096000 -0.002258 0.000118 0.000000
242.000000 45203.456000 -0.002262 0.000117 0.000000
243.000000 45543.424000 -0.002251 0.000118 0.000000
244.000000 45506.560000 -0.002235 0.000118 0.000000
245.000000 28270.592000 0.002905 0.000229 4214.000000
246.000000 45588.480000 -0.002266 0.000118 0.000000
247.000000 45613.056000 -0.002250 0.000118 0.000000
248.000000 45588.480000 -0.002254 0.000118 0.000000
249.000000 45572.096000 -0.002241 0.000117 0.000000
250.000000 45563.904000 -0.002238 0.000119 0.000000
251.000000 45494.272000 -0.002223 0.000118 0.000000
252.000000 45555.712000 -0.002232 0.000119 0.000000
253.000000 45608.960000 -0.002229 0.000119 0.000000
254.000000 45568.000000 -0.002238 0.000119 0.000000
255.000000 45596.672000 -0.002225 0.000119 0.000000
256.000000 45588.480000 -0.002232 0.000119 0.000000
257.000000 45412.352000 -0.002248 0.000118 0.000000
258.000000 45432.832000 -0.002257 0.000118 0.000000
259.000000 45023.232000 -0.002235 0.000119 0.000000
260.000000 45088.768000 -0.002269 0.000118 0.000000
261.000000 45461.504000 -0.002270 0.000117 0.000000
262.000000 45502.464000 -0.002261 0.000117 0.000000
263.000000 45469.696000 -0.002266 0.000118 0.000000
264.000000 45453.312000 -0.002233 0.000118 0.000000
265.000000 45502.464000 -0.002216 0.000119 0.000000
266.000000 45494.272000 -0.002243 0.000118 0.000000
267.000000 45531.136000 -0.002237 0.000117 0.000000
268.000000 45518.848000 -0.002245 0.000118 0.000000
269.000000 45469.696000 -0.002238 0.000118 0.000000
270.000000 45572.096000 -0.002239 0.000118 0.000000
271.000000 45572.096000 0.000191 0.000128 0.000000
272.000000 41340.928000 -0.002188 0.000119 0.000000
273.000000 45547.520000 -0.002214 0.000118 0.000000
274.000000 45219.840000 -0.002192 0.000119 0.000000
275.000000 25075.712000 0.004677 0.000265 4982.000000
276.000000 45522.944000 -0.002216 0.000118 0.000000
277.000000 45522.944000 -0.002209 0.000118 0.000000
278.000000 45428.736000 -0.002199 0.000117 0.000000
279.000000 45535.232000 -0.002229 0.000116 0.000000
280.000000 45428.736000 -0.002226 0.000118 0.000000
281.000000 45391.872000 -0.002225 0.000116 0.000000
282.000000 45506.560000 -0.002202 0.000117 0.000000
283.000000 45641.728000 -0.001834 0.000120 0.000000
284.000000 45576.192000 -0.002225 0.000117 0.000000
285.000000 45596.672000 -0.002211 0.000118 0.000000
286.000000 45535.232000 -0.002076 0.000119 0.000000
287.000000 45305.856000 -0.002206 0.000118 0.000000
288.000000 45367.296000 -0.002213 0.000118 0.000000
289.000000 45035.520000 -0.002205 0.000118 0.000000
290.000000 45297.664000 -0.002205 0.000118 0.000000
291.000000 45047.808000 -0.002205 0.000118 0.000000
292.000000 45408.256000 -0.002199 0.000118 0.000000
293.000000 45453.312000 -0.002184 0.000118 0.000000
294.000000 45408.256000 -0.002194 0.000119 0.000000
295.000000 45395.968000 -0.002173 0.000119 0.000000
296.000000 45375.488000 -0.002163 0.000119 0.000000
297.000000 45453.312000 -0.002168 0.000119 0.000000
298.000000 45490.176000 -0.002190 0.000118 0.000000
299.000000 45457.408000 -0.002191 0.000118 0.000000
300.000000 45514.752000 -0.002195 0.000118 0.000000
301.000000 45535.232000 -0.002180 0.000118 0.000000
302.000000 43835.392000 -0.002188 0.000118 0.000000
303.000000 45510.656000 -0.002170 0.000118 0.000000
304.000000 45494.272000 -0.002165 0.000119 0.000000
305.000000 18993.152000 0.009568 0.000369 6460.000000
306.000000 45576.192000 -0.002188 0.000117 0.000000
307.000000 45449.216000 -0.002165 0.000118 0.000000
308.000000 45363.200000 -0.002142 0.000118 0.000000
309.000000 45301.760000 -0.002177 0.000118 0.000000
310.000000 45408.256000 -0.002171 0.000118 0.000000
311.000000 45547.520000 -0.002187 0.000118 0.000000
312.000000 45547.520000 -0.002172 0.000118 0.000000
313.000000 45481.984000 -0.002180 0.000118 0.000000
314.000000 45592.576000 -0.002183 0.000118 0.000000
315.000000 45568.000000 -0.002180 0.000118 0.000000
316.000000 45551.616000 -0.002172 0.000118 0.000000
317.000000 45371.392000 -0.002174 0.000118 0.000000
318.000000 45355.008000 -0.002158 0.000119 0.000000
319.000000 45383.680000 -0.002165 0.000118 0.000000
320.000000 45182.976000 -0.002165 0.000119 0.000000
321.000000 45408.256000 -0.002174 0.000118 0.000000
322.000000 45350.912000 -0.002175 0.000118 0.000000
323.000000 45457.408000 -0.002156 0.000118 0.000000
324.000000 44851.200000 -0.002161 0.000119 0.000000
325.000000 45355.008000 -0.002115 0.000119 0.000000
326.000000 45477.888000 -0.002117 0.000120 0.000000
327.000000 45465.600000 -0.002140 0.000119 0.000000
328.000000 45477.888000 -0.002148 0.000120 0.000000
329.000000 45494.272000 -0.002139 0.000119 0.000000
330.000000 45199.360000 -0.001690 0.000120 0.000000
331.000000 45838.336000 0.000417 0.000126 0.000000
332.000000 45543.424000 -0.002180 0.000117 0.000000
333.000000 45580.288000 -0.002167 0.000117 0.000000
334.000000 45502.464000 -0.002147 0.000118 0.000000
335.000000 19726.336000 0.008879 0.000354 6316.000000
336.000000 45580.288000 -0.002160 0.000117 0.000000
337.000000 45150.208000 -0.002155 0.000118 0.000000
338.000000 45555.712000 -0.002150 0.000117 0.000000
339.000000 45477.888000 -0.002151 0.000118 0.000000
340.000000 45490.176000 -0.002138 0.000118 0.000000
341.000000 45592.576000 -0.002148 0.000118 0.000000
342.000000 45592.576000 -0.002143 0.000118 0.000000
343.000000 45608.960000 -0.002143 0.000117 0.000000
344.000000 45531.136000 -0.002146 0.000118 0.000000
345.000000 45555.712000 -0.002137 0.000118 0.000000
346.000000 45584.384000 -0.002133 0.000118 0.000000
347.000000 45494.272000 -0.002139 0.000118 0.000000
348.000000 45297.664000 -0.002142 0.000118 0.000000
349.000000 44998.656000 -0.002150 0.000118 0.000000
350.000000 45350.912000 -0.002150 0.000119 0.000000
351.000000 45404.160000 -0.002144 0.000118 0.000000
352.000000 45121.536000 -0.002141 0.000119 0.000000
353.000000 45424.640000 -0.002128 0.000117 0.000000
354.000000 45264.896000 -0.002140 0.000118 0.000000
355.000000 45223.936000 -0.002126 0.000119 0.000000
356.000000 45494.272000 -0.002142 0.000118 0.000000
357.000000 45481.984000 -0.002132 0.000118 0.000000
358.000000 45432.832000 -0.002143 0.000118 0.000000
359.000000 45486.080000 -0.002131 0.000118 0.000000
360.000000 45289.472000 -0.002135 0.000119 0.000000
361.000000 45461.504000 -0.002109 0.000118 0.000000
362.000000 45531.136000 -0.002159 0.000117 0.000000
363.000000 45604.864000 -0.002149 0.000117 0.000000
364.000000 45297.664000 -0.002137 0.000118 0.000000
365.000000 17281.024000 0.011635 0.000412 6904.000000
366.000000 45572.096000 -0.002129 0.000118 0.000000
367.000000 39534.592000 -0.002109 0.000118 0.000000
368.000000 45531.136000 -0.002131 0.000117 0.000000
369.000000 45543.424000 -0.002112 0.000118 0.000000
370.000000 45592.576000 -0.002116 0.000118 0.000000
371.000000 45580.288000 -0.002141 0.000117 0.000000
372.000000 45604.864000 -0.002147 0.000117 0.000000
373.000000 45617.152000 -0.002148 0.000117 0.000000
374.000000 45604.864000 -0.002139 0.000116 0.000000
375.000000 45555.712000 -0.002141 0.000116 0.000000
376.000000 45514.752000 -0.002137 0.000117 0.000000
377.000000 45572.096000 -0.002137 0.000117 0.000000
378.000000 45371.392000 -0.002131 0.000118 0.000000
379.000000 45342.720000 -0.002108 0.000118 0.000000
380.000000 45379.584000 -0.002123 0.000118 0.000000
381.000000 45453.312000 -0.002140 0.000118 0.000000
382.000000 45424.640000 -0.002116 0.000118 0.000000
383.000000 45490.176000 -0.002075 0.000119 0.000000
384.000000 45408.256000 -0.002107 0.000117 0.000000
385.000000 45318.144000 -0.002129 0.000118 0.000000
386.000000 45371.392000 -0.002082 0.000118 0.000000
387.000000 45436.928000 -0.002107 0.000117 0.000000
388.000000 45461.504000 -0.002128 0.000117 0.000000
389.000000 45236.224000 -0.002116 0.000118 0.000000
390.000000 45416.448000 -0.002131 0.000117 0.000000
391.000000 45428.736000 -0.002099 0.000118 0.000000
392.000000 45129.728000 -0.002107 0.000119 0.000000
393.000000 45539.328000 0.000789 0.000128 0.000000
394.000000 45449.216000 -0.002092 0.000118 0.000000
395.000000 15613.952000 0.014004 0.000462 7300.000000
396.000000 45559.808000 -0.002123 0.000117 0.000000
397.000000 44486.656000 -0.002117 0.000117 0.000000
398.000000 45416.448000 -0.002112 0.000117 0.000000
399.000000 45494.272000 -0.002111 0.000118 0.000000
400.000000 45608.960000 -0.002098 0.000118 0.000000
401.000000 45596.672000 -0.002104 0.000118 0.000000
402.000000 45428.736000 -0.002092 0.000118 0.000000
403.000000 45608.960000 -0.002084 0.000117 0.000000
404.000000 45592.576000 -0.002098 0.000118 0.000000
405.000000 45592.576000 -0.002109 0.000118 0.000000
406.000000 45613.056000 -0.002102 0.000118 0.000000
407.000000 45531.136000 -0.002088 0.000118 0.000000
408.000000 45297.664000 -0.002072 0.000119 0.000000
409.000000 45322.240000 -0.002087 0.000119 0.000000
410.000000 45412.352000 -0.002079 0.000117 0.000000
411.000000 45387.776000 -0.002084 0.000118 0.000000
412.000000 45449.216000 -0.002090 0.000118 0.000000
413.000000 45420.544000 -0.002094 0.000117 0.000000
414.000000 45096.960000 -0.002110 0.000118 0.000000
415.000000 45285.376000 -0.002105 0.000118 0.000000
416.000000 45219.840000 -0.002116 0.000117 0.000000
417.000000 45473.792000 -0.002110 0.000117 0.000000
418.000000 45461.504000 -0.002112 0.000117 0.000000
419.000000 45469.696000 -0.002110 0.000117 0.000000
420.000000 45420.544000 -0.002115 0.000117 0.000000
421.000000 45543.424000 -0.002105 0.000118 0.000000
422.000000 45334.528000 -0.002118 0.000118 0.000000
423.000000 45514.752000 -0.002103 0.000118 0.000000
424.000000 45445.120000 -0.002096 0.000118 0.000000
425.000000 45355.008000 -0.002095 0.000118 0.000000
426.000000 45551.616000 -0.002089 0.000117 0.000000
427.000000 45555.712000 -0.002081 0.000117 0.000000
428.000000 45555.712000 -0.002079 0.000117 0.000000
429.000000 45469.696000 -0.002080 0.000118 0.000000
430.000000 45625.344000 -0.002080 0.000117 0.000000
431.000000 45658.112000 -0.002102 0.000117 0.000000
432.000000 43343.872000 -0.002101 0.000117 0.000000
433.000000 40304.640000 -0.002064 0.000117 0.000000
434.000000 45355.008000 -0.002094 0.000117 0.000000
435.000000 45527.040000 -0.002083 0.000117 0.000000
436.000000 45559.808000 -0.002072 0.000118 0.000000
437.000000 45555.712000 -0.002079 0.000117 0.000000
438.000000 45031.424000 -0.002075 0.000118 0.000000
439.000000 44978.176000 -0.002064 0.000119 0.000000
440.000000 45248.512000 -0.002072 0.000117 0.000000
441.000000 44957.696000 -0.002074 0.000118 0.000000
442.000000 45150.208000 -0.002058 0.000118 0.000000
443.000000 45469.696000 -0.002065 0.000118 0.000000
444.000000 45395.968000 -0.002064 0.000118 0.000000
445.000000 45412.352000 -0.002056 0.000118 0.000000
446.000000 45506.560000 -0.002058 0.000117 0.000000
447.000000 45400.064000 -0.002022 0.000118 0.000000
448.000000 45436.928000 -0.002019 0.000118 0.000000
449.000000 45486.080000 -0.002040 0.000117 0.000000
450.000000 45543.424000 -0.002044 0.000117 0.000000
451.000000 45494.272000 -0.002027 0.000117 0.000000
452.000000 45494.272000 -0.002040 0.000117 0.000000
453.000000 45563.904000 0.000271 0.000126 0.000000
454.000000 45559.808000 -0.001725 0.000119 0.000000
455.000000 45236.224000 -0.001994 0.000118 0.000000
456.000000 45522.944000 -0.001989 0.000117 0.000000
457.000000 45596.672000 -0.001977 0.000117 0.000000
458.000000 45584.384000 -0.001972 0.000118 0.000000
459.000000 45543.424000 -0.001961 0.000118 0.000000
460.000000 45629.440000 -0.001956 0.000118 0.000000
461.000000 45641.728000 -0.002020 0.000116 0.000000
462.000000 45658.112000 -0.002007 0.000116 0.000000
463.000000 45547.520000 -0.002012 0.000117 0.000000
464.000000 45568.000000 -0.002019 0.000117 0.000000
465.000000 45498.368000 -0.002006 0.000117 0.000000
466.000000 45633.536000 -0.001985 0.000117 0.000000
467.000000 45621.248000 -0.001966 0.000117 0.000000
468.000000 44916.736000 -0.001942 0.000119 0.000000
469.000000 45301.760000 -0.001954 0.000119 0.000000
470.000000 45359.104000 -0.001991 0.000117 0.000000
471.000000 45391.872000 -0.001994 0.000117 0.000000
472.000000 45428.736000 -0.001989 0.000118 0.000000
473.000000 45350.912000 -0.001977 0.000118 0.000000
474.000000 45445.120000 -0.001979 0.000117 0.000000
475.000000 45432.832000 -0.001965 0.000118 0.000000
476.000000 45416.448000 -0.001968 0.000118 0.000000
477.000000 45481.984000 -0.001959 0.000118 0.000000
478.000000 45457.408000 -0.001960 0.000118 0.000000
479.000000 45428.736000 -0.001956 0.000118 0.000000
480.000000 45465.600000 -0.001956 0.000118 0.000000
481.000000 45522.944000 -0.001940 0.000118 0.000000
482.000000 45436.928000 -0.001939 0.000118 0.000000
483.000000 45543.424000 -0.001945 0.000117 0.000000
484.000000 45457.408000 -0.001949 0.000118 0.000000
485.000000 45510.656000 -0.001964 0.000117 0.000000
486.000000 45584.384000 -0.001954 0.000116 0.000000
487.000000 45588.480000 -0.001935 0.000116 0.000000
488.000000 45559.808000 -0.001959 0.000117 0.000000
489.000000 45547.520000 -0.001947 0.000117 0.000000
490.000000 45604.864000 -0.001947 0.000117 0.000000
491.000000 45522.944000 -0.001946 0.000116 0.000000
492.000000 45592.576000 -0.001941 0.000117 0.000000
493.000000 45637.632000 -0.001944 0.000117 0.000000
494.000000 45432.832000 -0.001945 0.000117 0.000000
495.000000 45379.584000 -0.001945 0.000117 0.000000
496.000000 45486.080000 -0.001909 0.000117 0.000000
497.000000 45641.728000 -0.001901 0.000118 0.000000
498.000000 40538.112000 -0.001891 0.000118 0.000000
499.000000 45318.144000 -0.001911 0.000118 0.000000
