0.000000 44617.728000 0.001208 0.000120 1.000000
1.000000 44638.208000 0.001688 0.000123 0.000000
2.000000 44711.936000 0.001334 0.000121 0.000000
3.000000 44732.416000 0.001247 0.000119 0.000000
4.000000 44929.024000 0.001440 0.000120 0.000000
5.000000 45166.592000 0.001425 0.000119 0.000000
6.000000 44769.280000 0.001448 0.000120 0.000000
7.000000 44994.560000 0.001574 0.000121 0.000000
8.000000 45338.624000 0.001179 0.000119 0.000000
9.000000 45293.568000 0.001716 0.000121 0.000000
10.000000 45416.448000 0.001348 0.000120 0.000000
11.000000 45477.888000 0.001404 0.000120 0.000000
12.000000 45387.776000 0.001147 0.000119 0.000000
13.000000 45412.352000 0.001456 0.000120 0.000000
14.000000 45346.816000 0.002622 0.000124 0.000000
15.000000 45346.816000 0.001689 0.000122 0.000000
16.000000 45412.352000 0.001384 0.000120 0.000000
17.000000 45379.584000 0.001638 0.000120 0.000000
18.000000 44982.272000 0.001495 0.000121 0.000000
19.000000 45019.136000 0.001550 0.000120 0.000000
20.000000 45441.024000 0.001168 0.000118 0.000000
21.000000 45400.064000 0.001582 0.000120 0.000000
22.000000 45588.480000 0.001381 0.000119 0.000000
23.000000 45453.312000 0.001765 0.000120 0.000000
24.000000 45289.472000 0.001276 0.000119 0.000000
25.000000 45346.816000 0.001505 0.000119 0.000000
26.000000 45101.056000 0.001307 0.000120 7.000000
27.000000 45170.688000 0.001440 0.000120 0.000000
28.000000 45105.152000 0.001185 0.000119 0.000000
29.000000 45240.320000 0.001588 0.000120 0.000000
30.000000 44679.168000 0.001182 0.000119 0.000000
31.000000 45236.224000 0.001773 0.000122 0.000000
32.000000 45457.408000 0.001241 0.000119 0.000000
33.000000 45191.168000 0.001615 0.000120 0.000000
34.000000 45355.008000 0.001241 0.000119 0.000000
35.000000 45363.200000 0.001418 0.000120 0.000000
36.000000 44810.240000 0.001309 0.000120 0.000000
37.000000 45834.240000 0.001952 0.000121 0.000000
38.000000 45428.736000 0.001378 0.000119 0.000000
39.000000 45314.048000 0.001685 0.000120 0.000000
40.000000 45355.008000 0.001205 0.000119 0.000000
41.000000 45158.400000 0.001625 0.000122 0.000000
42.000000 45514.752000 0.001180 0.000118 0.000000
43.000000 45371.392000 0.001685 0.000120 0.000000
44.000000 45395.968000 0.001348 0.000118 0.000000
45.000000 45355.008000 0.001330 0.000119 0.000000
46.000000 45076.480000 0.001294 0.000119 0.000000
47.000000 45633.536000 0.001533 0.000120 18.000000
48.000000 45412.352000 0.001248 0.000119 0.000000
49.000000 45371.392000 0.001265 0.000119 0.000000
50.000000 45252.608000 0.001266 0.000120 0.000000
51.000000 45015.040000 0.001434 0.000120 0.000000
52.000000 45830.144000 0.001393 0.000119 0.000000
53.000000 45432.832000 0.001414 0.000120 0.000000
54.000000 45404.160000 0.001246 0.000119 0.000000
55.000000 45494.272000 0.001693 0.000120 0.000000
56.000000 45211.648000 0.001317 0.000120 0.000000
57.000000 45600.768000 0.001922 0.000121 0.000000
58.000000 45223.936000 0.001159 0.000118 0.000000
59.000000 45133.824000 0.001705 0.000121 0.000000
60.000000 45072.384000 0.001252 0.000119 0.000000
61.000000 45096.960000 0.001377 0.000120 0.000000
62.000000 45637.632000 0.001323 0.000119 0.000000
63.000000 45309.952000 0.001266 0.000119 0.000000
64.000000 45281.280000 0.001373 0.000120 0.000000
65.000000 37199.872000 0.001205 0.000118 0.000000
66.000000 45277.184000 0.001156 0.000118 0.000000
67.000000 45342.720000 0.001378 0.000120 0.000000
68.000000 45342.720000 0.001129 0.000118 0.000000
69.000000 45125.632000 0.001931 0.000121 0.000000
70.000000 45297.664000 0.001152 0.000118 0.000000
71.000000 45309.952000 0.001305 0.000119 0.000000
72.000000 45473.792000 0.001186 0.000118 0.000000
73.000000 45039.616000 0.001660 0.000120 0.000000
74.000000 45072.384000 0.001244 0.000119 0.000000
75.000000 45420.544000 0.001625 0.000121 0.000000
76.000000 45105.152000 0.002388 0.000125 0.000000
77.000000 45740.032000 0.002198 0.000121 0.000000
78.000000 45375.488000 0.001392 0.000120 0.000000
79.000000 45424.640000 0.001356 0.000119 0.000000
80.000000 45490.176000 0.001162 0.000118 0.000000
81.000000 45518.848000 0.001447 0.000120 0.000000
82.000000 45514.752000 0.001321 0.000119 0.000000
83.000000 45551.616000 0.001862 0.000121 0.000000
84.000000 45535.232000 0.001158 0.000118 0.000000
85.000000 45572.096000 0.001401 0.000119 0.000000
86.000000 45457.408000 0.001147 0.000117 0.000000
87.000000 45477.888000 0.001422 0.000119 0.000000
88.000000 45477.888000 0.001249 0.000118 0.000000
89.000000 45408.256000 0.001537 0.000120 0.000000
90.000000 45477.888000 0.001171 0.000118 0.000000
91.000000 45428.736000 0.001530 0.000121 0.000000
92.000000 45432.832000 0.001212 0.000119 0.000000
93.000000 33624.064000 0.001601 0.000120 0.000000
94.000000 45531.136000 0.003507 0.000167 2868.000000
95.000000 45400.064000 0.001611 0.000121 0.000000
96.000000 45289.472000 0.001182 0.000118 0.000000
97.000000 45363.200000 0.001593 0.000121 0.000000
98.000000 45453.312000 0.001169 0.000119 0.000000
99.000000 45379.584000 0.001449 0.000120 0.000000
100.000000 45162.496000 0.001177 0.000119 0.000000
101.000000 45309.952000 0.001619 0.000120 0.000000
102.000000 45473.792000 0.001207 0.000118 0.000000
103.000000 45498.368000 0.001312 0.000119 0.000000
104.000000 45428.736000 0.001120 0.000117 0.000000
105.000000 45330.432000 0.001332 0.000119 0.000000
106.000000 45428.736000 0.001151 0.000118 0.000000
107.000000 45543.424000 0.001513 0.000121 0.000000
108.000000 45510.656000 0.001202 0.000119 0.000000
109.000000 45498.368000 0.001393 0.000119 0.000000
110.000000 45518.848000 0.001147 0.000118 0.000000
111.000000 45490.176000 0.001283 0.000119 0.000000
112.000000 45543.424000 0.001190 0.000118 0.000000
113.000000 45518.848000 0.001386 0.000119 0.000000
114.000000 45445.120000 0.001169 0.000118 0.000000
115.000000 45576.192000 0.001475 0.000120 0.000000
116.000000 45604.864000 0.001191 0.000118 0.000000
117.000000 45555.712000 0.001495 0.000119 0.000000
118.000000 45584.384000 0.001185 0.000118 0.000000
119.000000 45342.720000 0.001349 0.000120 0.000000
120.000000 45428.736000 0.001165 0.000118 0.000000
121.000000 45490.176000 0.001297 0.000119 0.000000
122.000000 45465.600000 0.001169 0.000118 0.000000
123.000000 45355.008000 0.001570 0.000120 0.000000
124.000000 45400.064000 0.001226 0.000119 0.000000
125.000000 45326.336000 0.001422 0.000120 0.000000
126.000000 45330.432000 0.001470 0.000121 0.000000
127.000000 45326.336000 0.001295 0.000120 0.000000
128.000000 45314.048000 0.001496 0.000121 0.000000
129.000000 45314.048000 0.001310 0.000120 0.000000
130.000000 42213.376000 0.001262 0.000120 0.000000
131.000000 41005.056000 0.001226 0.000120 0.000000
132.000000 45154.304000 0.001340 0.000121 0.000000
133.000000 45252.608000 0.001799 0.000121 0.000000
134.000000 45395.968000 0.001375 0.000120 0.000000
135.000000 45400.064000 0.001771 0.000122 0.000000
136.000000 45187.072000 0.001990 0.000124 0.000000
137.000000 45539.328000 0.001772 0.000121 0.000000
138.000000 45334.528000 0.001141 0.000119 0.000000
139.000000 45142.016000 0.001519 0.000121 0.000000
140.000000 45133.824000 0.001303 0.000121 0.000000
141.000000 45260.800000 0.001438 0.000121 16.000000
142.000000 45449.216000 0.001461 0.000121 0.000000
143.000000 45441.024000 0.001423 0.000120 0.000000
144.000000 45416.448000 0.001306 0.000120 0.000000
145.000000 45174.784000 0.001357 0.000120 0.000000
146.000000 45449.216000 0.001350 0.000120 0.000000
147.000000 45539.328000 0.001416 0.000120 0.000000
148.000000 45498.368000 0.001164 0.000118 0.000000
149.000000 44670.976000 0.001355 0.000120 0.000000
150.000000 45084.672000 0.001221 0.000120 0.000000
151.000000 45314.048000 0.001306 0.000120 0.000000
152.000000 45301.760000 0.001470 0.000121 0.000000
153.000000 45465.600000 0.001503 0.000120 0.000000
154.000000 45346.816000 0.001391 0.000120 0.000000
155.000000 45244.416000 0.001247 0.000119 0.000000
156.000000 45326.336000 0.001365 0.000120 0.000000
157.000000 45289.472000 0.001624 0.000121 0.000000
158.000000 45367.296000 0.001288 0.000119 0.000000
159.000000 44965.888000 0.001335 0.000120 20.000000
160.000000 44634.112000 0.001190 0.000120 0.000000
161.000000 37068.800000 0.001385 0.000121 0.000000
162.000000 45363.200000 0.001215 0.000119 0.000000
163.000000 45432.832000 0.001519 0.000120 0.000000
164.000000 45305.856000 0.001285 0.000120 0.000000
165.000000 45408.256000 0.001459 0.000121 0.000000
166.000000 45375.488000 0.001198 0.000120 0.000000
167.000000 45416.448000 0.001213 0.000119 0.000000
168.000000 45289.472000 0.001250 0.000120 0.000000
169.000000 44994.560000 0.001448 0.000121 0.000000
170.000000 45031.424000 0.001265 0.000120 5.000000
171.000000 45395.968000 0.001378 0.000119 0.000000
172.000000 44822.528000 0.001240 0.000120 0.000000
173.000000 45223.936000 0.001533 0.000120 0.000000
174.000000 45494.272000 0.001205 0.000118 0.000000
175.000000 45510.656000 0.001340 0.000119 0.000000
176.000000 45514.752000 0.001282 0.000119 0.000000
177.000000 45428.736000 0.001339 0.000119 0.000000
178.000000 45522.944000 0.001200 0.000118 0.000000
179.000000 45326.336000 0.001454 0.000121 0.000000
180.000000 45334.528000 0.001255 0.000120 0.000000
181.000000 45293.568000 0.001604 0.000121 0.000000
182.000000 45371.392000 0.001306 0.000120 0.000000
183.000000 45322.240000 0.001386 0.000120 0.000000
184.000000 44441.600000 0.001384 0.000124 204.000000
185.000000 45006.848000 0.001561 0.000121 0.000000
186.000000 44908.544000 0.001171 0.000119 0.000000
187.000000 44920.832000 0.001546 0.000121 0.000000
188.000000 44863.488000 0.001243 0.000120 0.000000
189.000000 45076.480000 0.001490 0.000120 0.000000
190.000000 45395.968000 0.001213 0.000119 0.000000
191.000000 45375.488000 0.001328 0.000119 0.000000
192.000000 45318.144000 0.001459 0.000120 0.000000
193.000000 45330.432000 0.001323 0.000119 0.000000
194.000000 45424.640000 0.001163 0.000119 0.000000
195.000000 45342.720000 0.001751 0.000123 24.000000
196.000000 45002.752000 0.001960 0.000123 0.000000
197.000000 45391.872000 0.001954 0.000122 0.000000
198.000000 45355.008000 0.001345 0.000119 0.000000
199.000000 45273.088000 0.001625 0.000121 0.000000
200.000000 45350.912000 0.001231 0.000120 0.000000
201.000000 45346.816000 0.001268 0.000120 0.000000
202.000000 45457.408000 0.001326 0.000120 0.000000
203.000000 45457.408000 0.001701 0.000121 0.000000
204.000000 45330.432000 0.001329 0.000119 0.000000
205.000000 45436.928000 0.001755 0.000120 0.000000
206.000000 45109.248000 0.001182 0.000119 0.000000
207.000000 45195.264000 0.001464 0.000120 0.000000
208.000000 45510.656000 0.001262 0.000118 0.000000
209.000000 45072.384000 0.001484 0.000120 0.000000
210.000000 45379.584000 0.001238 0.000119 0.000000
211.000000 45379.584000 0.001548 0.000120 0.000000
212.000000 45305.856000 0.001244 0.000119 0.000000
213.000000 45031.424000 0.001377 0.000121 17.000000
214.000000 45457.408000 0.001158 0.000119 0.000000
215.000000 45449.216000 0.001290 0.000119 0.000000
216.000000 45387.776000 0.001210 0.000118 0.000000
217.000000 45473.792000 0.001561 0.000120 0.000000
218.000000 45346.816000 0.001154 0.000118 0.000000
219.000000 45305.856000 0.001353 0.000119 0.000000
220.000000 45367.296000 0.001180 0.000118 0.000000
221.000000 45453.312000 0.001536 0.000120 0.000000
222.000000 45260.800000 0.001141 0.000118 0.000000
223.000000 45326.336000 0.001523 0.000121 0.000000
224.000000 45019.136000 0.001184 0.000119 0.000000
225.000000 45424.640000 0.001549 0.000121 0.000000
226.000000 38510.592000 0.001401 0.000119 0.000000
227.000000 45084.672000 0.001618 0.000122 0.000000
228.000000 45043.712000 0.001217 0.000120 0.000000
229.000000 45166.592000 0.001583 0.000121 0.000000
230.000000 45367.296000 0.001265 0.000120 0.000000
231.000000 45268.992000 0.001791 0.000121 0.000000
232.000000 45490.176000 0.001211 0.000119 0.000000
233.000000 45404.160000 0.001243 0.000119 0.000000
234.000000 45457.408000 0.001267 0.000119 0.000000
235.000000 45514.752000 0.001364 0.000119 0.000000
236.000000 45498.368000 0.001233 0.000119 0.000000
237.000000 45465.600000 0.001536 0.000120 0.000000
238.000000 45514.752000 0.001338 0.000120 0.000000
239.000000 45404.160000 0.001427 0.000120 0.000000
240.000000 45236.224000 0.001295 0.000120 0.000000
241.000000 45395.968000 0.001409 0.000119 0.000000
242.000000 45404.160000 0.001159 0.000119 0.000000
243.000000 45363.200000 0.001482 0.000120 0.000000
244.000000 45367.296000 0.001163 0.000119 0.000000
245.000000 45461.504000 0.001535 0.000120 0.000000
246.000000 45416.448000 0.001372 0.000120 0.000000
247.000000 45236.224000 0.001451 0.000120 0.000000
248.000000 45219.840000 0.001144 0.000118 0.000000
249.000000 45109.248000 0.001362 0.000119 0.000000
250.000000 45367.296000 0.001152 0.000118 0.000000
251.000000 45350.912000 0.001529 0.000119 0.000000
252.000000 45350.912000 0.001235 0.000119 0.000000
253.000000 45359.104000 0.001290 0.000119 0.000000
254.000000 45424.640000 0.001275 0.000119 0.000000
255.000000 45445.120000 0.001443 0.000120 0.000000
256.000000 43941.888000 0.002361 0.000125 0.000000
257.000000 45596.672000 0.001927 0.000121 0.000000
258.000000 45400.064000 0.001182 0.000118 0.000000
259.000000 45498.368000 0.001286 0.000119 0.000000
260.000000 45477.888000 0.001108 0.000117 0.000000
261.000000 45547.520000 0.001713 0.000121 11.000000
262.000000 45506.560000 0.001387 0.000120 0.000000
263.000000 45539.328000 0.001346 0.000119 0.000000
264.000000 45506.560000 0.001158 0.000118 0.000000
265.000000 45543.424000 0.001311 0.000120 0.000000
266.000000 45551.616000 0.001155 0.000118 0.000000
267.000000 45469.696000 0.001298 0.000119 0.000000
268.000000 45539.328000 0.001269 0.000119 0.000000
269.000000 45473.792000 0.001379 0.000120 0.000000
270.000000 45424.640000 0.001153 0.000119 0.000000
271.000000 45395.968000 0.001415 0.000121 0.000000
272.000000 45395.968000 0.001235 0.000119 0.000000
273.000000 45469.696000 0.001249 0.000118 0.000000
274.000000 44658.688000 0.001390 0.000122 171.000000
275.000000 45428.736000 0.001382 0.000120 0.000000
276.000000 45305.856000 0.001117 0.000118 0.000000
277.000000 45453.312000 0.001468 0.000120 0.000000
278.000000 45457.408000 0.001137 0.000118 0.000000
279.000000 45436.928000 0.001512 0.000120 0.000000
280.000000 45395.968000 0.001139 0.000119 0.000000
281.000000 45510.656000 0.001460 0.000120 0.000000
282.000000 45473.792000 0.001167 0.000119 0.000000
283.000000 45445.120000 0.001340 0.000120 0.000000
284.000000 45400.064000 0.001134 0.000118 0.000000
285.000000 45359.104000 0.001432 0.000120 0.000000
286.000000 41537.536000 0.001152 0.000119 0.000000
287.000000 45268.992000 0.001972 0.000121 0.000000
288.000000 45465.600000 0.001148 0.000118 0.000000
289.000000 45436.928000 0.001360 0.000119 0.000000
290.000000 45461.504000 0.001167 0.000118 0.000000
291.000000 45481.984000 0.001309 0.000120 0.000000
292.000000 45449.216000 0.001139 0.000119 0.000000
293.000000 45498.368000 0.001347 0.000120 0.000000
294.000000 45375.488000 0.001169 0.000119 0.000000
295.000000 45514.752000 0.001337 0.000119 0.000000
296.000000 45461.504000 0.001165 0.000119 0.000000
297.000000 45449.216000 0.001545 0.000120 0.000000
298.000000 45572.096000 0.001195 0.000119 0.000000
299.000000 45469.696000 0.001349 0.000120 0.000000
300.000000 45285.376000 0.001313 0.000120 0.000000
301.000000 45105.152000 0.001274 0.000120 0.000000
302.000000 44896.256000 0.001237 0.000121 8.000000
303.000000 45199.360000 0.001716 0.000121 0.000000
304.000000 45072.384000 0.001314 0.000121 0.000000
305.000000 45285.376000 0.001220 0.000118 0.000000
306.000000 45264.896000 0.001187 0.000119 0.000000
307.000000 45363.200000 0.001541 0.000120 0.000000
308.000000 45420.544000 0.001243 0.000119 0.000000
309.000000 45223.936000 0.001767 0.000121 0.000000
310.000000 45195.264000 0.001372 0.000120 0.000000
311.000000 44949.504000 0.001480 0.000121 0.000000
312.000000 45215.744000 0.001271 0.000120 0.000000
313.000000 45383.680000 0.001322 0.000119 0.000000
314.000000 45355.008000 0.001257 0.000120 0.000000
315.000000 45371.392000 0.001430 0.000120 0.000000
316.000000 45207.552000 0.001355 0.000121 0.000000
317.000000 45191.168000 0.002021 0.000124 0.000000
318.000000 45461.504000 0.001744 0.000122 0.000000
319.000000 44994.560000 0.001839 0.000122 0.000000
320.000000 44920.832000 0.001278 0.000120 0.000000
321.000000 45371.392000 0.001319 0.000119 0.000000
322.000000 45420.544000 0.001099 0.000118 0.000000
323.000000 45461.504000 0.001304 0.000120 0.000000
324.000000 45469.696000 0.001173 0.000119 0.000000
325.000000 45461.504000 0.001356 0.000120 0.000000
326.000000 45461.504000 0.001283 0.000119 0.000000
327.000000 45477.888000 0.001353 0.000119 0.000000
328.000000 45502.464000 0.001193 0.000119 0.000000
329.000000 45338.624000 0.001556 0.000120 0.000000
330.000000 45252.608000 0.001105 0.000119 0.000000
331.000000 45232.128000 0.001336 0.000120 0.000000
332.000000 45248.512000 0.001263 0.000120 0.000000
333.000000 45195.264000 0.001354 0.000120 0.000000
334.000000 44572.672000 0.001275 0.000121 0.000000
335.000000 44728.320000 0.001198 0.000120 0.000000
336.000000 44679.168000 0.001112 0.000120 0.000000
337.000000 45043.712000 0.001480 0.000121 0.000000
338.000000 45363.200000 0.001142 0.000119 0.000000
339.000000 45342.720000 0.001522 0.000120 0.000000
340.000000 45371.392000 0.001136 0.000119 0.000000
341.000000 45453.312000 0.001352 0.000119 0.000000
342.000000 45400.064000 0.001236 0.000119 0.000000
343.000000 45170.688000 0.001377 0.000120 0.000000
344.000000 45178.880000 0.001168 0.000120 0.000000
345.000000 45056.000000 0.001352 0.000121 0.000000
346.000000 44920.832000 0.001158 0.000120 0.000000
347.000000 36040.704000 0.001530 0.000121 0.000000
348.000000 45346.816000 0.001184 0.000119 0.000000
349.000000 45346.816000 0.001371 0.000119 0.000000
350.000000 45404.160000 0.001181 0.000119 0.000000
351.000000 45416.448000 0.001659 0.000120 0.000000
352.000000 45453.312000 0.001196 0.000119 0.000000
353.000000 45486.080000 0.001458 0.000120 0.000000
354.000000 45412.352000 0.001112 0.000118 0.000000
355.000000 45506.560000 0.001495 0.000120 0.000000
356.000000 45383.680000 0.001295 0.000119 0.000000
357.000000 45416.448000 0.001504 0.000121 0.000000
358.000000 45465.600000 0.001176 0.000119 0.000000
359.000000 45506.560000 0.001589 0.000121 2.000000
360.000000 45318.144000 0.001253 0.000120 0.000000
361.000000 45264.896000 0.001408 0.000120 0.000000
362.000000 45199.360000 0.001188 0.000120 0.000000
363.000000 45281.280000 0.001585 0.000122 0.000000
364.000000 44539.904000 0.001301 0.000123 140.000000
365.000000 43565.056000 0.001759 0.000128 405.000000
366.000000 45314.048000 0.001114 0.000119 0.000000
367.000000 45113.344000 0.001415 0.000121 0.000000
368.000000 44863.488000 0.001324 0.000120 0.000000
369.000000 44994.560000 0.001572 0.000121 0.000000
370.000000 45477.888000 0.001146 0.000119 0.000000
371.000000 45334.528000 0.001743 0.000120 0.000000
372.000000 45064.192000 0.001535 0.000120 0.000000
373.000000 45006.848000 0.001405 0.000120 0.000000
374.000000 45252.608000 0.001104 0.000118 0.000000
375.000000 45334.528000 0.001325 0.000120 0.000000
376.000000 45273.088000 0.001417 0.000120 0.000000
377.000000 43257.856000 0.002051 0.000126 0.000000
378.000000 45383.680000 0.001286 0.000120 0.000000
379.000000 45420.544000 0.001672 0.000121 0.000000
380.000000 45428.736000 0.002290 0.000125 3.000000
381.000000 45375.488000 0.001667 0.000121 0.000000
382.000000 45457.408000 0.001403 0.000121 0.000000
383.000000 45383.680000 0.001310 0.000119 0.000000
384.000000 45256.704000 0.001086 0.000118 0.000000
385.000000 45137.920000 0.001534 0.000121 0.000000
386.000000 45101.056000 0.001210 0.000119 0.000000
387.000000 45285.376000 0.001446 0.000121 0.000000
388.000000 45314.048000 0.001145 0.000119 0.000000
389.000000 45510.656000 0.001503 0.000119 0.000000
390.000000 45359.104000 0.001216 0.000119 2.000000
391.000000 45301.760000 0.001600 0.000120 0.000000
392.000000 45236.224000 0.001177 0.000119 0.000000
393.000000 45355.008000 0.001381 0.000121 0.000000
394.000000 45019.136000 0.001161 0.000120 0.000000
395.000000 39755.776000 0.002673 0.000146 1307.000000
396.000000 45326.336000 0.001182 0.000119 0.000000
397.000000 45379.584000 0.001490 0.000120 0.000000
398.000000 45428.736000 0.001162 0.000119 0.000000
399.000000 43753.472000 0.001491 0.000120 0.000000
400.000000 45383.680000 0.001175 0.000119 0.000000
401.000000 45318.144000 0.001549 0.000120 0.000000
402.000000 45420.544000 0.001117 0.000118 0.000000
403.000000 45404.160000 0.001576 0.000120 0.000000
404.000000 45350.912000 0.001205 0.000120 0.000000
405.000000 45260.800000 0.001696 0.000121 0.000000
406.000000 44965.888000 0.001202 0.000119 0.000000
407.000000 45121.536000 0.001629 0.000121 0.000000
408.000000 45383.680000 0.001198 0.000119 0.000000
409.000000 45297.664000 0.001497 0.000119 0.000000
410.000000 45215.744000 0.001201 0.000120 16.000000
411.000000 45457.408000 0.001562 0.000119 0.000000
412.000000 45445.120000 0.001267 0.000120 0.000000
413.000000 45481.984000 0.001493 0.000119 0.000000
414.000000 45453.312000 0.001242 0.000119 0.000000
415.000000 45494.272000 0.001636 0.000120 0.000000
416.000000 45477.888000 0.001140 0.000118 0.000000
417.000000 45522.944000 0.001471 0.000120 0.000000
418.000000 45473.792000 0.001101 0.000118 0.000000
419.000000 45445.120000 0.001199 0.000119 0.000000
420.000000 45363.200000 0.001179 0.000119 0.000000
421.000000 45367.296000 0.001384 0.000120 0.000000
422.000000 45346.816000 0.001221 0.000120 0.000000
423.000000 45334.528000 0.001297 0.000119 0.000000
424.000000 38850.560000 0.002581 0.000150 1521.000000
425.000000 41345.024000 0.002666 0.000140 961.000000
426.000000 45309.952000 0.001137 0.000119 0.000000
427.000000 45268.992000 0.001394 0.000121 0.000000
428.000000 45359.104000 0.001145 0.000119 0.000000
429.000000 45506.560000 0.001720 0.000120 0.000000
430.000000 45481.984000 0.001102 0.000118 0.000000
431.000000 45469.696000 0.001382 0.000119 0.000000
432.000000 45461.504000 0.001095 0.000118 0.000000
433.000000 45527.040000 0.001810 0.000121 0.000000
434.000000 45510.656000 0.001130 0.000118 0.000000
435.000000 45449.216000 0.001402 0.000120 0.000000
436.000000 45432.832000 0.001221 0.000119 0.000000
437.000000 38391.808000 0.001510 0.000121 0.000000
438.000000 45457.408000 0.001187 0.000119 0.000000
439.000000 45420.544000 0.001428 0.000120 0.000000
440.000000 45486.080000 0.001107 0.000118 0.000000
441.000000 45445.120000 0.002303 0.000124 0.000000
442.000000 45486.080000 0.001236 0.000119 0.000000
443.000000 45568.000000 0.001435 0.000120 0.000000
444.000000 45514.752000 0.001145 0.000118 0.000000
445.000000 45522.944000 0.001574 0.000120 0.000000
446.000000 45367.296000 0.001127 0.000118 0.000000
447.000000 45715.456000 0.001532 0.000121 0.000000
448.000000 45518.848000 0.001104 0.000118 0.000000
449.000000 45510.656000 0.001351 0.000120 0.000000
450.000000 45477.888000 0.001199 0.000119 0.000000
451.000000 45346.816000 0.001396 0.000120 0.000000
452.000000 45367.296000 0.001188 0.000119 0.000000
453.000000 45367.296000 0.001303 0.000119 0.000000
454.000000 45363.200000 0.001270 0.000119 0.000000
455.000000 45330.432000 0.001618 0.000120 0.000000
456.000000 45363.200000 0.001108 0.000117 0.000000
457.000000 45416.448000 0.001464 0.000120 0.000000
458.000000 45420.544000 0.001108 0.000118 0.000000
459.000000 45314.048000 0.001366 0.000119 0.000000
460.000000 38662.144000 0.002625 0.000150 1650.000000
461.000000 45514.752000 0.001195 0.000118 0.000000
462.000000 45453.312000 0.001156 0.000118 0.000000
463.000000 45248.512000 0.001409 0.000119 0.000000
464.000000 45371.392000 0.001147 0.000119 0.000000
465.000000 45543.424000 0.001470 0.000120 0.000000
466.000000 45457.408000 0.001132 0.000119 0.000000
467.000000 45539.328000 0.001711 0.000121 0.000000
468.000000 45486.080000 0.001094 0.000117 0.000000
469.000000 45469.696000 0.001524 0.000120 0.000000
470.000000 45518.848000 0.001124 0.000119 0.000000
471.000000 45551.616000 0.001575 0.000120 0.000000
472.000000 35983.360000 0.001273 0.000119 0.000000
473.000000 45256.704000 0.001511 0.000120 0.000000
474.000000 44912.640000 0.001521 0.000121 0.000000
475.000000 45391.872000 0.001544 0.000121 8.000000
476.000000 45486.080000 0.001201 0.000120 0.000000
477.000000 45436.928000 0.001418 0.000121 0.000000
478.000000 45420.544000 0.001122 0.000119 0.000000
479.000000 45469.696000 0.001648 0.000122 0.000000
480.000000 45490.176000 0.001336 0.000121 0.000000
481.000000 45113.344000 0.001439 0.000122 0.000000
482.000000 44957.696000 0.001360 0.000121 0.000000
483.000000 44081.152000 0.001432 0.000122 7.000000
484.000000 44298.240000 0.001298 0.000121 0.000000
485.000000 45338.624000 0.001263 0.000120 0.000000
486.000000 45338.624000 0.001206 0.000120 0.000000
487.000000 45051.904000 0.001696 0.000121 0.000000
488.000000 45621.248000 0.001193 0.000120 16.000000
489.000000 45314.048000 0.001265 0.000120 0.000000
490.000000 41222.144000 0.002147 0.000139 1011.000000
491.000000 45318.144000 0.001318 0.000120 0.000000
492.000000 45412.352000 0.001334 0.000119 0.000000
493.000000 45363.200000 0.001421 0.000120 0.000000
494.000000 45441.024000 0.001159 0.000120 0.000000
495.000000 44990.464000 0.001429 0.000121 0.000000
496.000000 45043.712000 0.001143 0.000120 0.000000
497.000000 45379.584000 0.001557 0.000121 0.000000
498.000000 45391.872000 0.001463 0.000120 0.000000
499.000000 45207.552000 0.001860 0.000123 0.000000
