0.000000 45211.648000 -0.001961 0.000118 0.000000
1.000000 45383.680000 -0.001971 0.000117 0.000000
2.000000 45289.472000 -0.001952 0.000118 0.000000
3.000000 45289.472000 -0.001991 0.000118 0.000000
4.000000 45166.592000 -0.001999 0.000118 0.000000
5.000000 44707.840000 -0.001987 0.000119 0.000000
6.000000 45166.592000 -0.001995 0.000118 0.000000
7.000000 45326.336000 -0.001989 0.000117 0.000000
8.000000 45318.144000 -0.001979 0.000118 0.000000
9.000000 45240.320000 -0.001874 0.000118 0.000000
10.000000 45449.216000 -0.001966 0.000118 0.000000
11.000000 45424.640000 -0.001965 0.000118 0.000000
12.000000 45412.352000 -0.001953 0.000119 0.000000
13.000000 45428.736000 -0.001963 0.000118 0.000000
14.000000 45236.224000 -0.001950 0.000118 0.000000
15.000000 45453.312000 -0.001971 0.000118 0.000000
16.000000 45445.120000 -0.001962 0.000118 0.000000
17.000000 45481.984000 -0.001980 0.000118 0.000000
18.000000 45473.792000 -0.001984 0.000118 0.000000
19.000000 45473.792000 -0.001975 0.000118 0.000000
20.000000 45281.280000 -0.001974 0.000118 0.000000
21.000000 45469.696000 -0.001963 0.000118 0.000000
22.000000 45453.312000 -0.001983 0.000118 0.000000
23.000000 45228.032000 -0.001962 0.000118 0.000000
24.000000 45142.016000 -0.001968 0.000118 0.000000
25.000000 45793.280000 -0.001967 0.000118 0.000000
26.000000 45543.424000 -0.001984 0.000118 0.000000
27.000000 45576.192000 -0.001947 0.000118 0.000000
28.000000 45559.808000 -0.001962 0.000118 0.000000
29.000000 45395.968000 -0.001956 0.000118 0.000000
30.000000 44548.096000 -0.001956 0.000119 0.000000
31.000000 45199.360000 -0.001960 0.000118 0.000000
32.000000 45150.208000 -0.001947 0.000119 0.000000
33.000000 45322.240000 -0.001947 0.000119 0.000000
34.000000 45232.128000 -0.001965 0.000118 0.000000
35.000000 45244.416000 -0.001947 0.000118 0.000000
36.000000 45264.896000 -0.001964 0.000119 0.000000
37.000000 45305.856000 -0.001963 0.000119 0.000000
38.000000 45289.472000 -0.001967 0.000119 0.000000
39.000000 45080.576000 -0.001973 0.000118 0.000000
40.000000 45015.040000 -0.001967 0.000119 0.000000
41.000000 45260.800000 -0.001972 0.000118 0.000000
42.000000 45342.720000 -0.001940 0.000118 0.000000
43.000000 45355.008000 -0.001980 0.000119 0.000000
44.000000 45342.720000 -0.001982 0.000118 0.000000
45.000000 45416.448000 -0.001943 0.000118 0.000000
46.000000 45420.544000 -0.001963 0.000118 0.000000
47.000000 45461.504000 -0.001954 0.000119 0.000000
48.000000 45486.080000 -0.001981 0.000118 0.000000
49.000000 45486.080000 -0.001965 0.000118 0.000000
50.000000 45109.248000 -0.001519 0.000120 0.000000
51.000000 45826.048000 -0.001667 0.000119 0.000000
52.000000 45522.944000 -0.001977 0.000118 0.000000
53.000000 45453.312000 -0.001973 0.000118 0.000000
54.000000 45461.504000 -0.001981 0.000118 0.000000
55.000000 45395.968000 -0.001962 0.000118 0.000000
56.000000 45498.368000 -0.001961 0.000118 0.000000
57.000000 45514.752000 -0.001966 0.000118 0.000000
58.000000 45449.216000 -0.001963 0.000117 0.000000
59.000000 45481.984000 -0.001962 0.000118 0.000000
60.000000 45494.272000 -0.001962 0.000118 0.000000
61.000000 45379.584000 -0.001967 0.000118 0.000000
62.000000 45363.200000 -0.001937 0.000118 0.000000
63.000000 45408.256000 -0.001962 0.000119 0.000000
64.000000 45268.992000 -0.001961 0.000119 0.000000
65.000000 44244.992000 -0.001923 0.000119 0.000000
66.000000 45322.240000 -0.001947 0.000119 0.000000
67.000000 45301.760000 -0.001951 0.000118 0.000000
68.000000 45338.624000 -0.001966 0.000118 0.000000
69.000000 45346.816000 -0.001935 0.000118 0.000000
70.000000 45330.432000 -0.001949 0.000119 0.000000
71.000000 45080.576000 -0.001958 0.000118 0.000000
72.000000 45359.104000 -0.001971 0.000118 0.000000
73.000000 45355.008000 -0.001962 0.000118 0.000000
74.000000 45309.952000 -0.001950 0.000118 0.000000
75.000000 45453.312000 -0.001945 0.000118 0.000000
76.000000 45248.512000 -0.001950 0.000118 0.000000
77.000000 45428.736000 -0.001936 0.000119 0.000000
78.000000 45432.832000 -0.001970 0.000118 0.000000
79.000000 45260.800000 -0.001960 0.000118 0.000000
80.000000 45400.064000 -0.001956 0.000118 0.000000
81.000000 45481.984000 -0.001942 0.000118 0.000000
82.000000 45506.560000 -0.001971 0.000118 0.000000
83.000000 45563.904000 -0.001960 0.000117 0.000000
84.000000 45510.656000 -0.001963 0.000118 0.000000
85.000000 45445.120000 -0.001948 0.000118 0.000000
86.000000 45535.232000 -0.001969 0.000118 0.000000
87.000000 45596.672000 -0.001963 0.000117 0.000000
88.000000 45596.672000 -0.001969 0.000118 0.000000
89.000000 45531.136000 -0.001952 0.000117 0.000000
90.000000 45568.000000 -0.001957 0.000118 0.000000
91.000000 45367.296000 -0.001963 0.000119 0.000000
92.000000 45080.576000 -0.001939 0.000118 0.000000
93.000000 40734.720000 -0.001940 0.000119 0.000000
94.000000 42827.776000 -0.000732 0.000145 1467.000000
95.000000 45309.952000 -0.001941 0.000118 0.000000
96.000000 45281.280000 -0.001960 0.000118 0.000000
97.000000 45330.432000 -0.001957 0.000119 0.000000
98.000000 45334.528000 -0.001939 0.000119 0.000000
99.000000 45191.168000 -0.001962 0.000118 0.000000
100.000000 45015.040000 -0.001933 0.000118 0.000000
101.000000 45432.832000 -0.001925 0.000118 0.000000
102.000000 45441.024000 -0.001937 0.000119 0.000000
103.000000 45367.296000 -0.001972 0.000119 0.000000
104.000000 45387.776000 -0.001957 0.000118 0.000000
105.000000 45400.064000 -0.001939 0.000119 0.000000
106.000000 45453.312000 -0.001961 0.000118 0.000000
107.000000 45461.504000 -0.001943 0.000118 0.000000
108.000000 45457.408000 -0.001950 0.000118 0.000000
109.000000 45457.408000 -0.001953 0.000117 0.000000
110.000000 45506.560000 -0.001953 0.000118 0.000000
111.000000 45510.656000 -0.001146 0.000122 0.000000
112.000000 45449.216000 -0.001971 0.000118 0.000000
113.000000 45588.480000 -0.001973 0.000118 0.000000
114.000000 45563.904000 -0.001951 0.000118 0.000000
115.000000 45600.768000 -0.001949 0.000117 0.000000
116.000000 45547.520000 -0.001944 0.000118 0.000000
117.000000 45572.096000 -0.001956 0.000118 0.000000
118.000000 45613.056000 -0.001954 0.000118 0.000000
119.000000 45580.288000 -0.001943 0.000118 0.000000
120.000000 45621.248000 -0.001940 0.000118 0.000000
121.000000 45391.872000 -0.001963 0.000118 0.000000
122.000000 45395.968000 -0.001964 0.000118 0.000000
123.000000 45436.928000 -0.001955 0.000118 0.000000
124.000000 45391.872000 -0.001788 0.000119 0.000000
125.000000 45404.160000 -0.001945 0.000118 0.000000
126.000000 45277.184000 -0.001938 0.000118 0.000000
127.000000 45273.088000 -0.001933 0.000119 0.000000
128.000000 45367.296000 -0.001950 0.000118 0.000000
129.000000 45301.760000 -0.001954 0.000118 0.000000
130.000000 39993.344000 -0.001894 0.000119 0.000000
131.000000 45359.104000 -0.001948 0.000118 0.000000
132.000000 45395.968000 -0.001956 0.000118 0.000000
133.000000 45416.448000 -0.001947 0.000118 0.000000
134.000000 45346.816000 -0.001957 0.000118 0.000000
135.000000 45240.320000 -0.001947 0.000118 0.000000
136.000000 45420.544000 -0.001928 0.000118 0.000000
137.000000 45453.312000 -0.001947 0.000118 0.000000
138.000000 45436.928000 -0.001958 0.000117 0.000000
139.000000 45408.256000 -0.001962 0.000117 0.000000
140.000000 45383.680000 -0.001970 0.000118 0.000000
141.000000 45502.464000 -0.001975 0.000118 0.000000
142.000000 45506.560000 -0.001972 0.000118 0.000000
143.000000 45514.752000 -0.001970 0.000118 0.000000
144.000000 45527.040000 -0.001968 0.000118 0.000000
145.000000 45572.096000 -0.001954 0.000117 0.000000
146.000000 45543.424000 -0.001960 0.000117 0.000000
147.000000 45449.216000 -0.001957 0.000118 0.000000
148.000000 45547.520000 -0.001953 0.000117 0.000000
149.000000 45559.808000 -0.001926 0.000118 0.000000
150.000000 45641.728000 -0.001950 0.000118 0.000000
151.000000 45506.560000 -0.001944 0.000118 0.000000
152.000000 45363.200000 -0.001940 0.000119 0.000000
153.000000 45412.352000 -0.001945 0.000118 0.000000
154.000000 45305.856000 -0.001951 0.000119 0.000000
155.000000 45092.864000 -0.001961 0.000118 0.000000
156.000000 45195.264000 -0.001958 0.000119 0.000000
157.000000 45395.968000 -0.001951 0.000118 0.000000
158.000000 45318.144000 -0.001920 0.000119 0.000000
159.000000 45309.952000 -0.001960 0.000118 0.000000
160.000000 36438.016000 -0.001924 0.000119 0.000000
161.000000 45223.936000 -0.001960 0.000118 0.000000
162.000000 45137.920000 -0.001935 0.000119 0.000000
163.000000 45309.952000 -0.001951 0.000119 0.000000
164.000000 45191.168000 -0.001943 0.000119 0.000000
165.000000 45195.264000 -0.001948 0.000119 0.000000
166.000000 45342.720000 -0.001950 0.000118 0.000000
167.000000 45490.176000 -0.001940 0.000118 0.000000
168.000000 45510.656000 -0.001953 0.000118 0.000000
169.000000 45494.272000 -0.001971 0.000117 0.000000
170.000000 45006.848000 -0.001960 0.000118 0.000000
171.000000 45125.632000 -0.001322 0.000121 0.000000
172.000000 45522.944000 -0.001968 0.000118 0.000000
173.000000 45510.656000 -0.001942 0.000118 0.000000
174.000000 45420.544000 -0.001957 0.000117 0.000000
175.000000 45314.048000 -0.001927 0.000119 0.000000
176.000000 45420.544000 -0.001963 0.000118 0.000000
177.000000 45531.136000 -0.001945 0.000117 0.000000
178.000000 45555.712000 -0.001964 0.000117 0.000000
179.000000 45510.656000 -0.001967 0.000117 0.000000
180.000000 45436.928000 -0.001931 0.000118 0.000000
181.000000 45473.792000 -0.001941 0.000118 0.000000
182.000000 45350.912000 -0.001961 0.000118 0.000000
183.000000 45244.416000 -0.001964 0.000118 0.000000
184.000000 45113.344000 -0.001888 0.000120 53.000000
185.000000 45412.352000 -0.001965 0.000117 0.000000
186.000000 45387.776000 -0.001955 0.000118 0.000000
187.000000 45359.104000 -0.001909 0.000118 0.000000
188.000000 45297.664000 -0.001786 0.000119 0.000000
189.000000 44990.464000 -0.001959 0.000118 0.000000
190.000000 44789.760000 -0.001952 0.000118 0.000000
191.000000 45096.960000 -0.001939 0.000118 0.000000
192.000000 45273.088000 -0.001947 0.000118 0.000000
193.000000 45375.488000 -0.001950 0.000118 0.000000
194.000000 45355.008000 -0.001951 0.000118 0.000000
195.000000 45416.448000 -0.001952 0.000118 0.000000
196.000000 45400.064000 -0.001948 0.000118 0.000000
197.000000 45445.120000 -0.001937 0.000118 0.000000
198.000000 45424.640000 -0.001951 0.000119 0.000000
199.000000 45465.600000 -0.001948 0.000118 0.000000
200.000000 45490.176000 -0.001939 0.000118 0.000000
201.000000 45420.544000 -0.001960 0.000118 0.000000
202.000000 45457.408000 -0.001951 0.000118 0.000000
203.000000 45580.288000 -0.001960 0.000118 0.000000
204.000000 45408.256000 -0.001958 0.000118 0.000000
205.000000 45547.520000 -0.001935 0.000118 0.000000
206.000000 45555.712000 -0.001956 0.000118 0.000000
207.000000 45568.000000 -0.001946 0.000118 0.000000
208.000000 45568.000000 -0.001944 0.000117 0.000000
209.000000 45600.768000 -0.001960 0.000118 0.000000
210.000000 45543.424000 -0.001937 0.000117 0.000000
211.000000 45613.056000 -0.001939 0.000118 0.000000
212.000000 45342.720000 -0.001959 0.000118 0.000000
213.000000 45355.008000 -0.001962 0.000118 0.000000
214.000000 45330.432000 -0.001969 0.000118 0.000000
215.000000 45350.912000 -0.001949 0.000118 0.000000
216.000000 45387.776000 -0.001953 0.000118 0.000000
217.000000 45383.680000 -0.001974 0.000118 0.000000
218.000000 45383.680000 -0.001960 0.000118 0.000000
219.000000 45142.016000 -0.001981 0.000118 0.000000
220.000000 44556.288000 -0.001932 0.000118 0.000000
221.000000 45232.128000 -0.001958 0.000118 0.000000
222.000000 45375.488000 -0.001922 0.000118 0.000000
223.000000 45387.776000 -0.001959 0.000118 0.000000
224.000000 45400.064000 -0.001952 0.000117 0.000000
225.000000 45412.352000 -0.001927 0.000117 0.000000
226.000000 45445.120000 -0.001949 0.000118 0.000000
227.000000 45375.488000 -0.001964 0.000118 0.000000
228.000000 45432.832000 -0.001955 0.000118 0.000000
229.000000 45187.072000 -0.001961 0.000118 0.000000
230.000000 44969.984000 -0.001953 0.000118 0.000000
231.000000 45457.408000 -0.001938 0.000118 0.000000
232.000000 45563.904000 -0.000536 0.000124 0.000000
233.000000 45531.136000 -0.001949 0.000118 0.000000
234.000000 45539.328000 -0.001969 0.000118 0.000000
235.000000 45498.368000 -0.001945 0.000117 0.000000
236.000000 45453.312000 -0.001962 0.000118 0.000000
237.000000 45522.944000 -0.001939 0.000117 0.000000
238.000000 45518.848000 -0.001962 0.000118 0.000000
239.000000 45502.464000 -0.001964 0.000118 0.000000
240.000000 45498.368000 -0.001955 0.000118 0.000000
241.000000 45559.808000 -0.001930 0.000118 0.000000
242.000000 45387.776000 -0.001930 0.000119 0.000000
243.000000 45428.736000 -0.001944 0.000118 0.000000
244.000000 45342.720000 -0.001933 0.000118 0.000000
245.000000 45236.224000 -0.001941 0.000118 0.000000
246.000000 45076.480000 -0.001931 0.000119 0.000000
247.000000 45346.816000 -0.001940 0.000119 0.000000
248.000000 45371.392000 -0.001933 0.000118 0.000000
249.000000 28516.352000 0.003090 0.000226 4062.000000
250.000000 44670.976000 -0.001798 0.000121 157.000000
251.000000 45297.664000 -0.001931 0.000119 0.000000
252.000000 45363.200000 -0.001943 0.000118 0.000000
253.000000 45363.200000 -0.001967 0.000118 0.000000
254.000000 45264.896000 -0.001942 0.000118 0.000000
255.000000 44679.168000 -0.001950 0.000118 0.000000
256.000000 45289.472000 -0.001930 0.000118 0.000000
257.000000 45436.928000 -0.001943 0.000118 0.000000
258.000000 45428.736000 -0.001964 0.000118 0.000000
259.000000 45400.064000 -0.001955 0.000118 0.000000
260.000000 45420.544000 -0.001952 0.000118 0.000000
261.000000 45481.984000 -0.001943 0.000119 0.000000
262.000000 45477.888000 -0.001961 0.000118 0.000000
263.000000 45322.240000 -0.001950 0.000118 0.000000
264.000000 45490.176000 -0.001962 0.000117 0.000000
265.000000 45547.520000 -0.001946 0.000118 0.000000
266.000000 45527.040000 -0.001965 0.000118 0.000000
267.000000 45498.368000 -0.001954 0.000118 0.000000
268.000000 45547.520000 -0.001955 0.000118 0.000000
269.000000 45506.560000 -0.001947 0.000118 0.000000
270.000000 45522.944000 -0.001948 0.000117 0.000000
271.000000 45510.656000 -0.001958 0.000118 0.000000
272.000000 45211.648000 -0.001949 0.000118 0.000000
273.000000 45314.048000 -0.001963 0.000118 0.000000
274.000000 45359.104000 -0.001964 0.000118 0.000000
275.000000 45289.472000 -0.001949 0.000118 0.000000
276.000000 45334.528000 -0.001936 0.000118 0.000000
277.000000 45400.064000 -0.001979 0.000118 0.000000
278.000000 44806.144000 -0.001940 0.000119 0.000000
279.000000 45342.720000 -0.001945 0.000119 0.000000
280.000000 37564.416000 -0.000167 0.000156 1904.000000
281.000000 45195.264000 -0.001956 0.000118 0.000000
282.000000 45334.528000 -0.001952 0.000119 0.000000
283.000000 45203.456000 -0.001942 0.000119 0.000000
284.000000 45277.184000 -0.001925 0.000118 0.000000
285.000000 45465.600000 -0.001948 0.000118 0.000000
286.000000 45408.256000 -0.001959 0.000118 0.000000
287.000000 45027.328000 -0.001930 0.000118 0.000000
288.000000 45318.144000 -0.001950 0.000118 0.000000
289.000000 45281.280000 -0.001956 0.000118 0.000000
290.000000 43569.152000 -0.001946 0.000119 0.000000
291.000000 45248.512000 -0.001930 0.000118 0.000000
292.000000 45199.360000 -0.001946 0.000118 0.000000
293.000000 45395.968000 -0.001416 0.000121 0.000000
294.000000 45342.720000 -0.001964 0.000118 0.000000
295.000000 45101.056000 -0.001944 0.000119 0.000000
296.000000 45322.240000 -0.001950 0.000118 0.000000
297.000000 45420.544000 -0.001953 0.000118 0.000000
298.000000 45371.392000 -0.001958 0.000118 0.000000
299.000000 45293.568000 -0.001959 0.000118 0.000000
300.000000 45363.200000 -0.001939 0.000118 0.000000
301.000000 45469.696000 -0.001931 0.000118 0.000000
302.000000 45395.968000 -0.001955 0.000118 0.000000
303.000000 45445.120000 -0.001907 0.000118 0.000000
304.000000 45363.200000 -0.001935 0.000118 0.000000
305.000000 45408.256000 -0.001921 0.000117 0.000000
306.000000 45432.832000 -0.001921 0.000119 0.000000
307.000000 45297.664000 -0.001928 0.000118 0.000000
308.000000 45412.352000 -0.001928 0.000119 0.000000
309.000000 45400.064000 -0.001921 0.000118 0.000000
310.000000 42115.072000 -0.001225 0.000132 791.000000
311.000000 45363.200000 -0.001713 0.000119 0.000000
312.000000 45383.680000 -0.001918 0.000119 0.000000
313.000000 45404.160000 -0.001927 0.000118 0.000000
314.000000 45342.720000 -0.001911 0.000118 0.000000
315.000000 45363.200000 -0.001911 0.000118 0.000000
316.000000 45211.648000 -0.001919 0.000118 0.000000
317.000000 45342.720000 -0.001884 0.000119 0.000000
318.000000 45363.200000 -0.001912 0.000118 0.000000
319.000000 45342.720000 -0.001904 0.000119 0.000000
320.000000 45363.200000 -0.001899 0.000118 0.000000
321.000000 45404.160000 -0.001892 0.000118 0.000000
322.000000 45391.872000 -0.001901 0.000118 0.000000
323.000000 45412.352000 -0.001902 0.000118 0.000000
324.000000 45404.160000 -0.001911 0.000118 0.000000
325.000000 45314.048000 -0.001897 0.000118 0.000000
326.000000 37236.736000 -0.001891 0.000118 0.000000
327.000000 45154.304000 -0.001872 0.000118 0.000000
328.000000 45359.104000 -0.001880 0.000118 0.000000
329.000000 45363.200000 -0.001884 0.000118 0.000000
330.000000 45432.832000 -0.001888 0.000118 0.000000
331.000000 45363.200000 -0.001888 0.000118 0.000000
332.000000 45355.008000 -0.001891 0.000118 0.000000
333.000000 45350.912000 -0.001874 0.000118 0.000000
334.000000 45199.360000 -0.001871 0.000118 0.000000
335.000000 45391.872000 -0.001875 0.000118 0.000000
336.000000 45322.240000 -0.001877 0.000118 0.000000
337.000000 45367.296000 -0.001881 0.000118 0.000000
338.000000 45342.720000 -0.001877 0.000118 0.000000
339.000000 41046.016000 -0.000980 0.000137 1008.000000
340.000000 23695.360000 0.005784 0.000283 5189.000000
341.000000 45281.280000 -0.001873 0.000118 0.000000
342.000000 45264.896000 -0.001872 0.000119 0.000000
343.000000 45182.976000 -0.001863 0.000118 0.000000
344.000000 45248.512000 -0.001849 0.000118 0.000000
345.000000 45293.568000 -0.001853 0.000118 0.000000
346.000000 45248.512000 -0.001854 0.000119 0.000000
347.000000 45273.088000 -0.001828 0.000118 0.000000
348.000000 45293.568000 -0.001870 0.000118 0.000000
349.000000 45268.992000 -0.001861 0.000118 0.000000
350.000000 45293.568000 -0.001863 0.000118 0.000000
351.000000 45371.392000 -0.001849 0.000118 0.000000
352.000000 45228.032000 -0.001851 0.000118 0.000000
353.000000 45481.984000 -0.001837 0.000118 0.000000
354.000000 45076.480000 -0.001549 0.000120 0.000000
355.000000 45486.080000 -0.001112 0.000121 0.000000
356.000000 45481.984000 -0.001842 0.000118 0.000000
357.000000 45441.024000 -0.001827 0.000118 0.000000
358.000000 45449.216000 -0.001838 0.000118 0.000000
359.000000 45428.736000 -0.001839 0.000118 0.000000
360.000000 45461.504000 -0.001831 0.000118 0.000000
361.000000 39362.560000 -0.001806 0.000118 0.000000
362.000000 45428.736000 -0.001812 0.000117 0.000000
363.000000 45420.544000 -0.001828 0.000117 0.000000
364.000000 45359.104000 -0.001828 0.000118 0.000000
365.000000 45457.408000 -0.001847 0.000117 0.000000
366.000000 45367.296000 -0.001826 0.000118 0.000000
367.000000 45461.504000 -0.001808 0.000117 0.000000
368.000000 45428.736000 -0.001810 0.000118 0.000000
369.000000 45400.064000 -0.001790 0.000118 0.000000
370.000000 33505.280000 0.001219 0.000183 2900.000000
371.000000 45383.680000 -0.001809 0.000118 0.000000
372.000000 45420.544000 -0.001780 0.000117 0.000000
373.000000 45506.560000 -0.001812 0.000117 0.000000
374.000000 45379.584000 -0.001814 0.000117 0.000000
375.000000 45428.736000 -0.001786 0.000118 0.000000
376.000000 45408.256000 -0.001803 0.000118 0.000000
377.000000 45465.600000 -0.001783 0.000117 0.000000
378.000000 45428.736000 -0.001800 0.000118 0.000000
379.000000 45289.472000 -0.001793 0.000118 0.000000
380.000000 45473.792000 -0.001811 0.000118 0.000000
381.000000 45445.120000 -0.001806 0.000118 0.000000
382.000000 45477.888000 -0.001814 0.000118 0.000000
383.000000 45469.696000 -0.001795 0.000117 0.000000
384.000000 45432.832000 -0.001803 0.000118 0.000000
385.000000 45465.600000 -0.001792 0.000118 0.000000
386.000000 45469.696000 -0.001796 0.000118 0.000000
387.000000 45477.888000 -0.001782 0.000118 0.000000
388.000000 45400.064000 -0.001801 0.000118 0.000000
389.000000 45477.888000 -0.001782 0.000118 0.000000
390.000000 45535.232000 -0.001755 0.000118 0.000000
391.000000 45502.464000 -0.001775 0.000118 0.000000
392.000000 45436.928000 -0.001760 0.000119 0.000000
393.000000 45494.272000 -0.001784 0.000118 0.000000
394.000000 45064.192000 -0.001783 0.000118 0.000000
395.000000 45355.008000 -0.001763 0.000118 0.000000
396.000000 44519.424000 -0.001751 0.000117 0.000000
397.000000 45371.392000 -0.001765 0.000117 0.000000
398.000000 45461.504000 -0.001778 0.000118 0.000000
399.000000 45350.912000 -0.001765 0.000118 0.000000
400.000000 45408.256000 -0.001741 0.000119 0.000000
401.000000 45240.320000 -0.001774 0.000118 0.000000
402.000000 45289.472000 -0.001754 0.000118 0.000000
403.000000 45424.640000 -0.001749 0.000118 0.000000
404.000000 45400.064000 -0.001764 0.000118 0.000000
405.000000 45404.160000 -0.001756 0.000118 0.000000
406.000000 45330.432000 -0.001734 0.000118 0.000000
407.000000 45486.080000 -0.001746 0.000118 0.000000
408.000000 45457.408000 -0.001736 0.000118 0.000000
409.000000 45441.024000 -0.001755 0.000118 0.000000
410.000000 45428.736000 -0.001738 0.000118 0.000000
411.000000 45481.984000 -0.001757 0.000118 0.000000
412.000000 45424.640000 -0.001744 0.000118 0.000000
413.000000 45424.640000 -0.001731 0.000118 0.000000
414.000000 45346.816000 -0.001738 0.000118 0.000000
415.000000 45494.272000 -0.001228 0.000121 0.000000
416.000000 45490.176000 -0.001510 0.000119 0.000000
417.000000 45473.792000 -0.001730 0.000118 0.000000
418.000000 45486.080000 -0.001734 0.000118 0.000000
419.000000 45391.872000 -0.001742 0.000118 0.000000
420.000000 45457.408000 -0.001745 0.000118 0.000000
421.000000 45449.216000 -0.001738 0.000118 0.000000
422.000000 45465.600000 -0.001726 0.000118 0.000000
423.000000 45342.720000 -0.001737 0.000118 0.000000
424.000000 45338.624000 -0.001749 0.000118 0.000000
425.000000 45355.008000 -0.001749 0.000118 0.000000
426.000000 45432.832000 -0.001737 0.000117 0.000000
427.000000 45502.464000 -0.001751 0.000117 0.000000
428.000000 45453.312000 -0.001740 0.000117 0.000000
429.000000 45387.776000 -0.001710 0.000118 0.000000
430.000000 43925.504000 -0.001372 0.000125 377.000000
431.000000 42266.624000 -0.001527 0.000119 0.000000
432.000000 45371.392000 -0.001605 0.000119 0.000000
433.000000 45457.408000 -0.001706 0.000119 0.000000
434.000000 45166.592000 -0.001715 0.000119 0.000000
435.000000 45408.256000 -0.001711 0.000118 0.000000
436.000000 45363.200000 -0.001695 0.000118 0.000000
437.000000 45408.256000 -0.001681 0.000118 0.000000
438.000000 45363.200000 -0.001704 0.000118 0.000000
439.000000 45002.752000 -0.001712 0.000119 0.000000
440.000000 45355.008000 -0.001690 0.000119 0.000000
441.000000 45379.584000 -0.001688 0.000118 0.000000
442.000000 45424.640000 -0.001703 0.000118 0.000000
443.000000 45473.792000 -0.001677 0.000118 0.000000
444.000000 45412.352000 -0.001693 0.000118 0.000000
445.000000 45449.216000 -0.001683 0.000118 0.000000
446.000000 45424.640000 -0.001705 0.000118 0.000000
447.000000 45481.984000 -0.001695 0.000117 0.000000
448.000000 45457.408000 -0.001685 0.000117 0.000000
449.000000 45383.680000 -0.001699 0.000118 0.000000
450.000000 45305.856000 -0.001673 0.000118 0.000000
451.000000 45326.336000 -0.001675 0.000118 0.000000
452.000000 45436.928000 -0.001657 0.000119 0.000000
453.000000 45469.696000 -0.001656 0.000119 0.000000
454.000000 45424.640000 -0.001667 0.000118 0.000000
455.000000 45449.216000 -0.001677 0.000118 0.000000
456.000000 45367.296000 -0.001671 0.000118 0.000000
457.000000 45387.776000 -0.001675 0.000118 0.000000
458.000000 45436.928000 -0.001649 0.000118 0.000000
459.000000 45334.528000 -0.001644 0.000118 0.000000
460.000000 45314.048000 -0.001651 0.000119 0.000000
461.000000 45535.232000 -0.001658 0.000118 0.000000
462.000000 45408.256000 -0.001667 0.000118 0.000000
463.000000 45457.408000 -0.001672 0.000117 0.000000
464.000000 45457.408000 -0.001650 0.000117 0.000000
465.000000 45420.544000 -0.001653 0.000117 0.000000
466.000000 44392.448000 -0.001650 0.000118 0.000000
467.000000 45264.896000 -0.001647 0.000119 0.000000
468.000000 45387.776000 -0.001622 0.000118 0.000000
469.000000 45408.256000 -0.001649 0.000118 0.000000
470.000000 45436.928000 -0.001649 0.000118 0.000000
471.000000 45408.256000 -0.001642 0.000118 0.000000
472.000000 45371.392000 -0.001663 0.000118 0.000000
473.000000 45420.544000 -0.001639 0.000117 0.000000
474.000000 45391.872000 -0.001660 0.000117 0.000000
475.000000 45424.640000 -0.001426 0.000120 0.000000
476.000000 45449.216000 -0.001302 0.000120 0.000000
477.000000 45387.776000 -0.001635 0.000117 0.000000
478.000000 45486.080000 -0.001664 0.000118 0.000000
479.000000 45158.400000 -0.001641 0.000118 0.000000
480.000000 45281.280000 -0.001652 0.000119 0.000000
481.000000 45322.240000 -0.001644 0.000118 0.000000
482.000000 45101.056000 -0.001628 0.000119 0.000000
483.000000 45080.576000 -0.001634 0.000119 0.000000
484.000000 45244.416000 -0.001644 0.000118 0.000000
485.000000 45285.376000 -0.001627 0.000118 0.000000
486.000000 45289.472000 -0.001624 0.000118 0.000000
487.000000 45527.040000 -0.001628 0.000118 0.000000
488.000000 45445.120000 -0.001583 0.000119 0.000000
489.000000 45355.008000 -0.001579 0.000119 0.000000
490.000000 45477.888000 -0.001618 0.000118 0.000000
491.000000 45490.176000 -0.001602 0.000117 0.000000
492.000000 45416.448000 -0.001617 0.000118 0.000000
493.000000 45453.312000 -0.001546 0.000118 0.000000
494.000000 45346.816000 -0.001617 0.000118 0.000000
495.000000 45408.256000 -0.001605 0.000117 0.000000
496.000000 45428.736000 -0.001602 0.000118 0.000000
497.000000 45490.176000 -0.001593 0.000118 0.000000
498.000000 45432.832000 -0.001617 0.000118 0.000000
499.000000 45256.704000 -0.001584 0.000117 0.000000
