0.000000 52817.920000 0.001497 0.000105 0.000000
1.000000 53215.232000 0.001544 0.000105 0.000000
2.000000 53309.440000 0.001489 0.000105 0.000000
3.000000 53211.136000 0.001627 0.000106 0.000000
4.000000 53284.864000 0.001497 0.000105 0.000000
5.000000 53321.728000 0.001859 0.000106 0.000000
6.000000 53309.440000 0.001488 0.000104 0.000000
7.000000 52916.224000 0.001510 0.000105 0.000000
8.000000 53026.816000 0.001498 0.000105 0.000000
9.000000 53071.872000 0.001728 0.000106 0.000000
10.000000 53121.024000 0.001625 0.000105 0.000000
11.000000 53137.408000 0.001779 0.000106 0.000000
12.000000 53288.960000 0.001493 0.000104 0.000000
13.000000 53350.400000 0.001527 0.000105 0.000000
14.000000 53272.576000 0.001506 0.000105 0.000000
15.000000 53395.456000 0.001525 0.000105 0.000000
16.000000 53297.152000 0.001495 0.000104 0.000000
17.000000 53084.160000 0.001619 0.000106 0.000000
18.000000 53051.392000 0.001494 0.000105 0.000000
19.000000 53026.816000 0.001518 0.000105 0.000000
20.000000 53108.736000 0.001503 0.000105 0.000000
21.000000 53129.216000 0.001515 0.000105 0.000000
22.000000 53350.400000 0.001503 0.000105 0.000000
23.000000 53305.344000 0.001555 0.000105 0.000000
24.000000 53051.392000 0.001497 0.000105 0.000000
25.000000 53157.888000 0.001679 0.000106 0.000000
26.000000 53125.120000 0.001503 0.000105 0.000000
27.000000 53129.216000 0.001505 0.000105 0.000000
28.000000 53059.584000 0.001500 0.000105 0.000000
29.000000 53063.680000 0.001513 0.000105 0.000000
30.000000 53125.120000 0.001495 0.000105 0.000000
31.000000 53182.464000 0.001560 0.000105 0.000000
32.000000 53137.408000 0.001611 0.000105 0.000000
33.000000 53133.312000 0.001541 0.000105 0.000000
34.000000 46260.224000 0.002544 0.000127 1575.000000
35.000000 53161.984000 0.001570 0.000105 0.000000
36.000000 53174.272000 0.001512 0.000105 0.000000
37.000000 53010.432000 0.001585 0.000106 0.000000
38.000000 52805.632000 0.001512 0.000105 0.000000
39.000000 52748.288000 0.001511 0.000106 0.000000
40.000000 52809.728000 0.001499 0.000105 0.000000
41.000000 52748.288000 0.001763 0.000107 0.000000
42.000000 52871.168000 0.001503 0.000105 0.000000
43.000000 52936.704000 0.001770 0.000106 0.000000
44.000000 52912.128000 0.001504 0.000105 0.000000
45.000000 53035.008000 0.001564 0.000106 0.000000
46.000000 52920.320000 0.001503 0.000105 0.000000
47.000000 52953.088000 0.001641 0.000106 0.000000
48.000000 52953.088000 0.001512 0.000105 0.000000
49.000000 53035.008000 0.001523 0.000105 0.000000
50.000000 53018.624000 0.001505 0.000105 0.000000
51.000000 53071.872000 0.001659 0.000106 0.000000
52.000000 53096.448000 0.001510 0.000105 0.000000
53.000000 53174.272000 0.001624 0.000105 0.000000
54.000000 53153.792000 0.001520 0.000105 0.000000
55.000000 53243.904000 0.001537 0.000105 0.000000
56.000000 53202.944000 0.001508 0.000105 0.000000
57.000000 53268.480000 0.001712 0.000106 0.000000
58.000000 53194.752000 0.001508 0.000105 0.000000
59.000000 53145.600000 0.001599 0.000106 0.000000
60.000000 53198.848000 0.001522 0.000105 0.000000
61.000000 53227.520000 0.001528 0.000105 0.000000
62.000000 53202.944000 0.001510 0.000105 0.000000
63.000000 53256.192000 0.001625 0.000105 0.000000
64.000000 41754.624000 0.002631 0.000128 1402.000000
65.000000 53256.192000 0.001561 0.000105 0.000000
66.000000 53194.752000 0.001525 0.000105 0.000000
67.000000 52973.568000 0.001552 0.000105 0.000000
68.000000 52916.224000 0.001509 0.000105 0.000000
69.000000 52867.072000 0.001571 0.000106 0.000000
70.000000 52707.328000 0.001526 0.000106 0.000000
71.000000 53022.720000 0.001505 0.000105 0.000000
72.000000 52969.472000 0.001499 0.000105 0.000000
73.000000 53084.160000 0.001566 0.000106 0.000000
74.000000 52948.992000 0.001525 0.000106 0.000000
75.000000 53002.240000 0.001621 0.000106 0.000000
76.000000 53018.624000 0.001534 0.000106 0.000000
77.000000 53088.256000 0.001512 0.000105 0.000000
78.000000 52908.032000 0.001504 0.000105 0.000000
79.000000 52994.048000 0.001510 0.000105 0.000000
80.000000 52748.288000 0.001506 0.000105 0.000000
81.000000 52961.280000 0.001578 0.000106 0.000000
82.000000 53084.160000 0.001567 0.000105 0.000000
83.000000 53133.312000 0.001527 0.000105 0.000000
84.000000 53116.928000 0.001519 0.000105 0.000000
85.000000 53399.552000 0.001537 0.000105 0.000000
86.000000 53084.160000 0.001509 0.000105 0.000000
87.000000 53133.312000 0.001698 0.000106 0.000000
88.000000 53071.872000 0.001530 0.000105 0.000000
89.000000 53047.296000 0.001528 0.000105 0.000000
90.000000 53080.064000 0.001524 0.000105 0.000000
91.000000 53141.504000 0.001559 0.000105 0.000000
92.000000 53051.392000 0.001547 0.000105 0.000000
93.000000 53243.904000 0.001959 0.000106 0.000000
94.000000 49954.816000 0.002015 0.000115 703.000000
95.000000 51802.112000 0.001591 0.000105 0.000000
96.000000 53256.192000 0.001535 0.000105 0.000000
97.000000 53243.904000 0.001649 0.000105 0.000000
98.000000 53014.528000 0.001516 0.000105 0.000000
99.000000 52912.128000 0.001563 0.000106 0.000000
100.000000 52862.976000 0.001509 0.000105 0.000000
101.000000 53059.584000 0.001553 0.000105 0.000000
102.000000 52903.936000 0.001517 0.000105 0.000000
103.000000 52936.704000 0.001544 0.000105 0.000000
104.000000 52801.536000 0.001514 0.000105 0.000000
105.000000 53014.528000 0.001564 0.000106 0.000000
106.000000 52887.552000 0.001552 0.000106 22.000000
107.000000 53014.528000 0.001545 0.000106 0.000000
108.000000 52965.376000 0.001515 0.000105 0.000000
109.000000 53022.720000 0.001685 0.000106 0.000000
110.000000 53088.256000 0.001538 0.000105 0.000000
111.000000 53116.928000 0.001592 0.000106 0.000000
112.000000 53055.488000 0.001515 0.000105 0.000000
113.000000 53157.888000 0.001520 0.000105 0.000000
114.000000 53067.776000 0.001514 0.000105 0.000000
115.000000 53231.616000 0.001526 0.000105 0.000000
116.000000 53305.344000 0.001524 0.000105 0.000000
117.000000 53153.792000 0.001701 0.000106 0.000000
118.000000 53137.408000 0.001529 0.000105 0.000000
119.000000 53112.832000 0.001580 0.000106 0.000000
120.000000 53022.720000 0.001527 0.000105 0.000000
121.000000 52842.496000 0.001535 0.000105 0.000000
122.000000 53256.192000 0.001543 0.000105 0.000000
123.000000 53166.080000 0.001571 0.000105 0.000000
124.000000 40767.488000 0.003348 0.000144 2447.000000
125.000000 52686.848000 0.001924 0.000113 626.000000
126.000000 53276.672000 0.001550 0.000105 0.000000
127.000000 53325.824000 0.001533 0.000105 0.000000
128.000000 52862.976000 0.001523 0.000105 0.000000
129.000000 52621.312000 0.001644 0.000106 0.000000
130.000000 52985.856000 0.001538 0.000105 0.000000
131.000000 53035.008000 0.001528 0.000105 0.000000
132.000000 52793.344000 0.001633 0.000106 43.000000
133.000000 53043.200000 0.001634 0.000106 0.000000
134.000000 53067.776000 0.001528 0.000105 0.000000
135.000000 52957.184000 0.001738 0.000106 0.000000
136.000000 53026.816000 0.001529 0.000105 0.000000
137.000000 53112.832000 0.001803 0.000106 0.000000
138.000000 53342.208000 0.001542 0.000105 0.000000
139.000000 53235.712000 0.001554 0.000105 0.000000
140.000000 53145.600000 0.001530 0.000105 0.000000
141.000000 53178.368000 0.001618 0.000105 0.000000
142.000000 53145.600000 0.001540 0.000105 0.000000
143.000000 53153.792000 0.001736 0.000106 0.000000
144.000000 53112.832000 0.001549 0.000105 0.000000
145.000000 53190.656000 0.001624 0.000105 0.000000
146.000000 52854.784000 0.001548 0.000105 0.000000
147.000000 53084.160000 0.001940 0.000106 0.000000
148.000000 53026.816000 0.001532 0.000105 0.000000
149.000000 53133.312000 0.001539 0.000105 0.000000
150.000000 53194.752000 0.001535 0.000105 0.000000
151.000000 53235.712000 0.001616 0.000105 0.000000
152.000000 53116.928000 0.001751 0.000106 0.000000
153.000000 53100.544000 0.001605 0.000105 0.000000
154.000000 53055.488000 0.001547 0.000105 0.000000
155.000000 51470.336000 0.001727 0.000105 0.000000
156.000000 52924.416000 0.001538 0.000105 0.000000
157.000000 53653.504000 0.001597 0.000105 0.000000
158.000000 53223.424000 0.001539 0.000105 0.000000
159.000000 50679.808000 0.001892 0.000106 0.000000
160.000000 23437.312000 0.011349 0.000316 7757.000000
161.000000 53047.296000 0.001766 0.000106 0.000000
162.000000 53026.816000 0.001586 0.000105 0.000000
163.000000 53022.720000 0.001791 0.000106 0.000000
164.000000 53133.312000 0.001547 0.000105 0.000000
165.000000 52944.896000 0.001690 0.000106 0.000000
166.000000 53047.296000 0.001534 0.000105 0.000000
167.000000 53059.584000 0.001732 0.000106 0.000000
168.000000 53088.256000 0.001540 0.000105 0.000000
169.000000 53153.792000 0.001574 0.000105 0.000000
170.000000 53051.392000 0.001542 0.000105 0.000000
171.000000 53161.984000 0.001654 0.000106 0.000000
172.000000 53141.504000 0.001542 0.000105 0.000000
173.000000 53190.656000 0.001596 0.000105 0.000000
174.000000 53121.024000 0.001543 0.000105 0.000000
175.000000 53219.328000 0.001727 0.000106 0.000000
176.000000 53215.232000 0.001571 0.000105 0.000000
177.000000 53239.808000 0.001729 0.000106 0.000000
178.000000 53211.136000 0.001559 0.000105 0.000000
179.000000 53309.440000 0.001634 0.000105 0.000000
180.000000 53153.792000 0.001563 0.000105 0.000000
181.000000 53264.384000 0.001696 0.000105 0.000000
182.000000 53215.232000 0.001554 0.000104 0.000000
183.000000 53297.152000 0.002013 0.000106 0.000000
184.000000 53141.504000 0.001560 0.000105 0.000000
185.000000 52887.552000 0.001608 0.000105 0.000000
186.000000 53018.624000 0.001572 0.000105 0.000000
187.000000 53317.632000 0.001723 0.000105 0.000000
188.000000 53030.912000 0.001562 0.000105 0.000000
189.000000 53055.488000 0.001584 0.000105 0.000000
190.000000 52936.704000 0.001573 0.000105 0.000000
191.000000 52944.896000 0.001622 0.000106 0.000000
192.000000 52994.048000 0.001757 0.000105 0.000000
193.000000 53043.200000 0.001626 0.000105 0.000000
194.000000 52895.744000 0.001581 0.000105 0.000000
195.000000 53030.912000 0.001690 0.000106 0.000000
196.000000 53100.544000 0.001589 0.000105 0.000000
197.000000 53137.408000 0.001594 0.000105 0.000000
198.000000 53080.064000 0.001581 0.000105 0.000000
199.000000 53084.160000 0.001645 0.000106 0.000000
200.000000 53133.312000 0.001580 0.000105 0.000000
201.000000 53178.368000 0.001583 0.000105 0.000000
202.000000 53059.584000 0.001600 0.000105 0.000000
203.000000 53198.848000 0.001589 0.000105 0.000000
204.000000 53190.656000 0.001588 0.000105 0.000000
205.000000 53288.960000 0.001596 0.000105 0.000000
206.000000 53080.064000 0.001592 0.000105 0.000000
207.000000 53366.784000 0.001772 0.000105 0.000000
208.000000 53231.616000 0.001619 0.000105 0.000000
209.000000 53305.344000 0.001935 0.000106 0.000000
210.000000 53174.272000 0.001596 0.000105 0.000000
211.000000 53288.960000 0.001926 0.000107 0.000000
212.000000 53256.192000 0.001682 0.000105 0.000000
213.000000 53317.632000 0.001620 0.000105 0.000000
214.000000 53243.904000 0.001609 0.000105 0.000000
215.000000 53129.216000 0.001618 0.000105 0.000000
216.000000 53248.000000 0.001629 0.000105 0.000000
217.000000 53411.840000 0.001758 0.000105 0.000000
218.000000 53239.808000 0.001632 0.000105 0.000000
219.000000 53002.240000 0.001638 0.000105 0.000000
220.000000 53071.872000 0.001616 0.000105 0.000000
221.000000 52969.472000 0.001660 0.000106 0.000000
222.000000 52989.952000 0.001619 0.000105 0.000000
223.000000 53039.104000 0.001744 0.000106 0.000000
224.000000 52965.376000 0.001628 0.000105 0.000000
225.000000 53116.928000 0.001913 0.000106 0.000000
226.000000 53055.488000 0.001625 0.000105 0.000000
227.000000 52932.608000 0.001773 0.000106 0.000000
228.000000 53092.352000 0.001625 0.000105 0.000000
229.000000 53096.448000 0.001645 0.000105 0.000000
230.000000 53104.640000 0.001624 0.000105 0.000000
231.000000 53121.024000 0.001661 0.000105 0.000000
232.000000 53153.792000 0.001705 0.000105 0.000000
233.000000 53190.656000 0.001637 0.000105 0.000000
234.000000 53121.024000 0.001636 0.000105 0.000000
235.000000 53194.752000 0.001721 0.000106 0.000000
236.000000 53243.904000 0.001634 0.000105 0.000000
237.000000 53215.232000 0.002102 0.000106 0.000000
238.000000 53116.928000 0.001630 0.000105 0.000000
239.000000 53186.560000 0.001679 0.000106 0.000000
240.000000 53092.352000 0.001694 0.000106 32.000000
241.000000 53202.944000 0.001736 0.000105 0.000000
242.000000 53243.904000 0.001640 0.000105 0.000000
243.000000 53288.960000 0.001686 0.000106 0.000000
244.000000 53198.848000 0.001635 0.000105 0.000000
245.000000 53301.248000 0.001704 0.000106 0.000000
246.000000 53080.064000 0.001639 0.000105 0.000000
247.000000 53268.480000 0.001893 0.000106 0.000000
248.000000 53252.096000 0.001649 0.000105 0.000000
249.000000 53030.912000 0.001864 0.000106 0.000000
250.000000 52895.744000 0.001651 0.000105 0.000000
251.000000 52633.600000 0.001996 0.000106 0.000000
252.000000 52871.168000 0.001654 0.000105 0.000000
253.000000 52932.608000 0.001673 0.000106 0.000000
254.000000 52924.416000 0.001655 0.000105 0.000000
255.000000 53010.432000 0.001746 0.000106 0.000000
256.000000 52977.664000 0.001653 0.000105 0.000000
257.000000 53051.392000 0.002146 0.000106 0.000000
258.000000 52965.376000 0.001665 0.000105 0.000000
259.000000 53043.200000 0.001741 0.000106 0.000000
260.000000 53100.544000 0.001664 0.000105 0.000000
261.000000 53153.792000 0.001747 0.000106 0.000000
262.000000 53039.104000 0.001773 0.000106 0.000000
263.000000 53178.368000 0.001669 0.000105 0.000000
264.000000 52871.168000 0.001681 0.000106 0.000000
265.000000 53161.984000 0.001671 0.000105 0.000000
266.000000 53354.496000 0.001669 0.000104 0.000000
267.000000 53215.232000 0.001908 0.000106 0.000000
268.000000 53243.904000 0.001666 0.000105 0.000000
269.000000 53268.480000 0.001872 0.000106 0.000000
270.000000 53325.824000 0.001675 0.000104 0.000000
271.000000 53284.864000 0.001697 0.000105 0.000000
272.000000 53121.024000 0.001748 0.000105 0.000000
273.000000 53596.160000 0.001923 0.000106 0.000000
274.000000 52969.472000 0.001676 0.000105 0.000000
275.000000 53334.016000 0.001688 0.000105 0.000000
276.000000 53100.544000 0.001681 0.000105 0.000000
277.000000 53252.096000 0.001744 0.000105 0.000000
278.000000 53358.592000 0.001686 0.000105 0.000000
279.000000 52932.608000 0.001690 0.000105 0.000000
280.000000 52756.480000 0.001742 0.000106 27.000000
281.000000 52768.768000 0.001710 0.000105 0.000000
282.000000 53043.200000 0.001690 0.000105 0.000000
283.000000 52981.760000 0.001718 0.000106 0.000000
284.000000 52744.192000 0.001735 0.000106 30.000000
285.000000 52924.416000 0.001775 0.000106 0.000000
286.000000 52924.416000 0.001719 0.000105 0.000000
287.000000 52985.856000 0.001907 0.000106 0.000000
288.000000 53026.816000 0.001694 0.000105 0.000000
289.000000 52973.568000 0.001817 0.000106 0.000000
290.000000 53022.720000 0.001702 0.000105 0.000000
291.000000 53035.008000 0.001824 0.000106 0.000000
292.000000 53026.816000 0.001725 0.000105 0.000000
293.000000 53104.640000 0.001774 0.000106 0.000000
294.000000 53047.296000 0.001707 0.000105 0.000000
295.000000 52920.320000 0.001725 0.000105 0.000000
296.000000 53170.176000 0.001735 0.000105 0.000000
297.000000 53133.312000 0.001804 0.000105 0.000000
298.000000 52998.144000 0.001746 0.000105 11.000000
299.000000 53170.176000 0.001790 0.000106 0.000000
300.000000 53153.792000 0.001716 0.000105 0.000000
301.000000 53248.000000 0.001719 0.000105 0.000000
302.000000 53215.232000 0.001720 0.000105 0.000000
303.000000 53129.216000 0.001938 0.000106 0.000000
304.000000 53211.136000 0.001718 0.000104 0.000000
305.000000 53407.744000 0.001726 0.000104 0.000000
306.000000 53002.240000 0.001728 0.000105 0.000000
307.000000 53178.368000 0.001733 0.000105 0.000000
308.000000 52957.184000 0.001732 0.000105 0.000000
309.000000 53137.408000 0.001766 0.000105 0.000000
310.000000 52998.144000 0.001733 0.000105 0.000000
311.000000 52883.456000 0.002027 0.000106 0.000000
312.000000 50475.008000 0.001771 0.000105 0.000000
313.000000 52105.216000 0.001753 0.000106 0.000000
314.000000 53166.080000 0.001996 0.000106 0.000000
315.000000 52924.416000 0.001764 0.000105 0.000000
316.000000 52756.480000 0.001736 0.000105 0.000000
317.000000 53043.200000 0.002053 0.000106 0.000000
318.000000 53145.600000 0.001753 0.000105 0.000000
319.000000 52891.648000 0.001907 0.000106 0.000000
320.000000 52850.688000 0.001743 0.000105 0.000000
321.000000 52252.672000 0.001868 0.000106 0.000000
322.000000 52588.544000 0.001820 0.000105 0.000000
323.000000 53166.080000 0.001982 0.000106 0.000000
324.000000 53129.216000 0.001769 0.000105 0.000000
325.000000 53178.368000 0.001898 0.000105 0.000000
326.000000 53194.752000 0.001770 0.000105 0.000000
327.000000 53223.424000 0.001894 0.000105 0.000000
328.000000 53198.848000 0.001793 0.000105 11.000000
329.000000 53084.160000 0.001845 0.000106 0.000000
330.000000 53161.984000 0.001792 0.000105 11.000000
331.000000 53288.960000 0.001808 0.000105 0.000000
332.000000 53219.328000 0.001762 0.000105 0.000000
333.000000 53288.960000 0.001982 0.000106 0.000000
334.000000 53252.096000 0.001767 0.000105 0.000000
335.000000 53325.824000 0.001793 0.000105 0.000000
336.000000 53276.672000 0.001767 0.000105 0.000000
337.000000 53219.328000 0.001918 0.000105 0.000000
338.000000 53284.864000 0.001779 0.000105 0.000000
339.000000 53260.288000 0.001890 0.000105 0.000000
340.000000 52912.128000 0.001822 0.000106 8.000000
341.000000 53022.720000 0.001884 0.000105 0.000000
342.000000 52494.336000 0.001824 0.000105 0.000000
343.000000 53063.680000 0.001998 0.000106 0.000000
344.000000 52928.512000 0.001794 0.000105 0.000000
345.000000 52985.856000 0.001832 0.000105 0.000000
346.000000 52936.704000 0.001818 0.000105 0.000000
347.000000 53141.504000 0.002070 0.000106 0.000000
348.000000 53063.680000 0.001792 0.000105 0.000000
349.000000 53084.160000 0.001833 0.000105 0.000000
350.000000 53026.816000 0.001800 0.000105 0.000000
351.000000 53104.640000 0.002009 0.000106 0.000000
352.000000 53071.872000 0.001834 0.000105 0.000000
353.000000 53157.888000 0.001954 0.000106 0.000000
354.000000 53186.560000 0.001799 0.000105 0.000000
355.000000 53202.944000 0.002036 0.000106 0.000000
356.000000 53190.656000 0.001797 0.000105 0.000000
357.000000 53223.424000 0.001816 0.000105 0.000000
358.000000 53215.232000 0.001792 0.000105 0.000000
359.000000 53235.712000 0.002079 0.000106 0.000000
360.000000 53006.336000 0.001810 0.000105 0.000000
361.000000 53026.816000 0.001807 0.000105 0.000000
362.000000 53202.944000 0.001803 0.000105 0.000000
363.000000 53030.912000 0.001891 0.000105 0.000000
364.000000 53301.248000 0.001805 0.000105 0.000000
365.000000 53354.496000 0.001904 0.000105 0.000000
366.000000 53149.696000 0.001805 0.000105 0.000000
367.000000 53190.656000 0.001992 0.000106 0.000000
368.000000 53190.656000 0.001816 0.000105 0.000000
369.000000 53284.864000 0.001838 0.000105 0.000000
370.000000 53080.064000 0.001827 0.000105 0.000000
371.000000 53170.176000 0.001959 0.000106 0.000000
372.000000 47624.192000 0.001869 0.000105 0.000000
373.000000 52559.872000 0.001906 0.000106 0.000000
374.000000 53096.448000 0.001822 0.000105 0.000000
375.000000 53026.816000 0.002154 0.000106 0.000000
376.000000 52891.648000 0.001821 0.000105 0.000000
377.000000 53063.680000 0.001990 0.000106 0.000000
378.000000 52989.952000 0.001840 0.000105 0.000000
379.000000 52989.952000 0.001855 0.000106 0.000000
380.000000 52969.472000 0.001833 0.000105 0.000000
381.000000 53088.256000 0.001854 0.000106 0.000000
382.000000 53075.968000 0.001867 0.000105 0.000000
383.000000 53125.120000 0.001935 0.000106 0.000000
384.000000 53035.008000 0.001834 0.000105 0.000000
385.000000 53227.520000 0.001839 0.000105 0.000000
386.000000 53112.832000 0.001870 0.000106 0.000000
387.000000 53207.040000 0.001852 0.000105 0.000000
388.000000 53223.424000 0.001843 0.000105 0.000000
389.000000 53276.672000 0.001892 0.000105 0.000000
390.000000 53223.424000 0.001840 0.000105 0.000000
391.000000 53288.960000 0.001872 0.000105 0.000000
392.000000 53239.808000 0.001851 0.000105 0.000000
393.000000 53252.096000 0.001877 0.000105 0.000000
394.000000 53219.328000 0.001846 0.000105 0.000000
395.000000 53260.288000 0.002040 0.000106 0.000000
396.000000 53190.656000 0.001896 0.000105 0.000000
397.000000 53182.464000 0.001851 0.000105 0.000000
398.000000 53325.824000 0.001850 0.000105 0.000000
399.000000 53329.920000 0.001897 0.000105 0.000000
400.000000 52981.760000 0.001866 0.000105 0.000000
401.000000 52883.456000 0.001973 0.000106 0.000000
402.000000 52862.976000 0.001897 0.000105 0.000000
403.000000 52928.512000 0.001894 0.000105 0.000000
404.000000 52944.896000 0.001884 0.000105 2.000000
405.000000 53022.720000 0.001861 0.000105 0.000000
406.000000 52961.280000 0.001873 0.000105 0.000000
407.000000 52977.664000 0.002044 0.000106 0.000000
408.000000 52924.416000 0.001861 0.000105 0.000000
409.000000 52936.704000 0.001891 0.000106 0.000000
410.000000 53026.816000 0.001868 0.000105 0.000000
411.000000 53051.392000 0.001869 0.000105 0.000000
412.000000 53014.528000 0.001863 0.000105 0.000000
413.000000 53059.584000 0.002011 0.000106 0.000000
414.000000 53002.240000 0.001863 0.000105 0.000000
415.000000 53116.928000 0.001873 0.000105 0.000000
416.000000 52858.880000 0.001875 0.000106 0.000000
417.000000 53047.296000 0.002115 0.000106 0.000000
418.000000 53039.104000 0.001917 0.000106 0.000000
419.000000 52846.592000 0.002048 0.000106 0.000000
420.000000 53084.160000 0.001873 0.000105 0.000000
421.000000 53010.432000 0.001907 0.000106 0.000000
422.000000 52948.992000 0.001986 0.000105 0.000000
423.000000 53186.560000 0.001933 0.000105 0.000000
424.000000 53186.560000 0.001871 0.000105 0.000000
425.000000 53268.480000 0.001992 0.000106 0.000000
426.000000 53133.312000 0.001881 0.000105 0.000000
427.000000 53272.576000 0.001915 0.000105 0.000000
428.000000 53239.808000 0.001883 0.000105 0.000000
429.000000 53288.960000 0.001895 0.000105 0.000000
430.000000 53067.776000 0.001891 0.000105 0.000000
431.000000 52953.088000 0.001891 0.000105 0.000000
432.000000 53264.384000 0.001888 0.000105 0.000000
433.000000 52682.752000 0.002121 0.000106 0.000000
434.000000 52998.144000 0.001894 0.000105 0.000000
435.000000 52879.360000 0.001909 0.000106 0.000000
436.000000 52736.000000 0.001891 0.000105 0.000000
437.000000 52940.800000 0.001940 0.000106 0.000000
438.000000 53776.384000 0.001925 0.000104 0.000000
439.000000 53661.696000 0.001933 0.000104 0.000000
440.000000 53039.104000 0.001928 0.000106 0.000000
441.000000 53030.912000 0.002091 0.000106 0.000000
442.000000 53006.336000 0.001914 0.000105 0.000000
443.000000 53096.448000 0.001909 0.000105 0.000000
444.000000 53153.792000 0.001924 0.000106 0.000000
445.000000 53215.232000 0.001962 0.000105 0.000000
446.000000 53149.696000 0.001910 0.000105 0.000000
447.000000 53317.632000 0.001916 0.000105 0.000000
448.000000 54206.464000 0.001916 0.000103 0.000000
449.000000 53923.840000 0.001906 0.000104 0.000000
450.000000 53743.616000 0.001944 0.000104 0.000000
451.000000 53653.504000 0.001986 0.000105 0.000000
452.000000 53755.904000 0.001929 0.000105 0.000000
453.000000 53510.144000 0.001930 0.000105 0.000000
454.000000 53149.696000 0.001981 0.000105 0.000000
455.000000 53211.136000 0.001920 0.000105 0.000000
456.000000 53395.456000 0.002037 0.000105 0.000000
457.000000 53432.320000 0.001985 0.000105 0.000000
458.000000 53661.696000 0.001917 0.000104 0.000000
459.000000 53637.120000 0.001918 0.000104 0.000000
460.000000 53420.032000 0.001929 0.000105 0.000000
461.000000 53080.064000 0.002048 0.000106 0.000000
462.000000 53026.816000 0.001916 0.000105 0.000000
463.000000 52617.216000 0.002030 0.000106 0.000000
464.000000 53063.680000 0.001961 0.000105 30.000000
465.000000 53440.512000 0.001957 0.000105 0.000000
466.000000 53153.792000 0.001917 0.000105 0.000000
467.000000 53424.128000 0.002088 0.000105 0.000000
468.000000 53248.000000 0.002060 0.000105 0.000000
469.000000 53219.328000 0.002080 0.000106 0.000000
470.000000 52924.416000 0.001960 0.000105 35.000000
471.000000 53497.856000 0.001921 0.000104 0.000000
472.000000 53563.392000 0.001918 0.000104 0.000000
473.000000 53465.088000 0.001916 0.000105 0.000000
474.000000 53616.640000 0.001916 0.000104 0.000000
475.000000 53559.296000 0.002022 0.000105 0.000000
476.000000 53215.232000 0.001918 0.000105 0.000000
477.000000 52887.552000 0.001953 0.000106 0.000000
478.000000 52690.944000 0.001941 0.000106 0.000000
479.000000 53370.880000 0.001928 0.000105 0.000000
480.000000 53755.904000 0.001911 0.000104 0.000000
481.000000 53653.504000 0.002068 0.000105 0.000000
482.000000 53764.096000 0.001985 0.000104 0.000000
483.000000 53338.112000 0.001979 0.000105 0.000000
484.000000 53633.024000 0.001998 0.000105 0.000000
485.000000 53415.936000 0.002023 0.000105 0.000000
486.000000 53051.392000 0.001915 0.000105 0.000000
487.000000 53620.736000 0.001976 0.000105 0.000000
488.000000 53415.936000 0.001970 0.000105 0.000000
489.000000 53780.480000 0.002076 0.000105 0.000000
490.000000 53612.544000 0.001997 0.000105 0.000000
491.000000 53006.336000 0.001954 0.000105 0.000000
492.000000 52707.328000 0.001982 0.000106 62.000000
493.000000 52625.408000 0.001939 0.000105 0.000000
494.000000 53166.080000 0.001969 0.000106 18.000000
495.000000 53125.120000 0.001931 0.000105 0.000000
496.000000 53424.128000 0.001940 0.000105 0.000000
497.000000 53055.488000 0.002045 0.000105 0.000000
498.000000 53010.432000 0.001946 0.000105 0.000000
499.000000 52944.896000 0.002078 0.000106 0.000000
