0.000000 58159.104000 0.001365 0.000100 3.000000
1.000000 58679.296000 0.000936 0.000099 0.000000
2.000000 58638.336000 0.000829 0.000099 0.000000
3.000000 58781.696000 0.000856 0.000099 0.000000
4.000000 58212.352000 0.000936 0.000100 0.000000
5.000000 58642.432000 0.000810 0.000099 0.000000
6.000000 58740.736000 0.000857 0.000099 0.000000
7.000000 58732.544000 0.000813 0.000098 0.000000
8.000000 58789.888000 0.001014 0.000099 0.000000
9.000000 58802.176000 0.001154 0.000099 0.000000
10.000000 58875.904000 0.000840 0.000098 0.000000
11.000000 58679.296000 0.001034 0.000099 0.000000
12.000000 58937.344000 0.000838 0.000098 0.000000
13.000000 58851.328000 0.000880 0.000099 0.000000
14.000000 58298.368000 0.000833 0.000098 0.000000
15.000000 58654.720000 0.000937 0.000099 0.000000
16.000000 58322.944000 0.000910 0.000100 0.000000
17.000000 58298.368000 0.001140 0.000101 0.000000
18.000000 58224.640000 0.000879 0.000100 0.000000
19.000000 58175.488000 0.001394 0.000101 0.000000
20.000000 58384.384000 0.001338 0.000100 11.000000
21.000000 58449.920000 0.001138 0.000100 0.000000
22.000000 57827.328000 0.001202 0.000101 0.000000
23.000000 58507.264000 0.001226 0.000100 0.000000
24.000000 58458.112000 0.001085 0.000100 0.000000
25.000000 58073.088000 0.001064 0.000101 0.000000
26.000000 58441.728000 0.001133 0.000101 0.000000
27.000000 58601.472000 0.000950 0.000100 0.000000
28.000000 58572.800000 0.001098 0.000100 0.000000
29.000000 58376.192000 0.001338 0.000101 0.000000
30.000000 58155.008000 0.001151 0.000101 68.000000
31.000000 58519.552000 0.001356 0.000101 0.000000
32.000000 58437.632000 0.000946 0.000100 0.000000
33.000000 58658.816000 0.000990 0.000100 0.000000
34.000000 58716.160000 0.000851 0.000099 0.000000
35.000000 58675.200000 0.000965 0.000100 0.000000
36.000000 58793.984000 0.000906 0.000100 0.000000
37.000000 58806.272000 0.001020 0.000100 10.000000
38.000000 58748.928000 0.000994 0.000100 0.000000
39.000000 58531.840000 0.001245 0.000100 0.000000
40.000000 58748.928000 0.000983 0.000099 0.000000
41.000000 59019.264000 0.000963 0.000099 0.000000
42.000000 58634.240000 0.001002 0.000100 0.000000
43.000000 58875.904000 0.001045 0.000100 0.000000
44.000000 58490.880000 0.001142 0.000101 0.000000
45.000000 58785.792000 0.001125 0.000099 0.000000
46.000000 58388.480000 0.000856 0.000100 14.000000
47.000000 58503.168000 0.000838 0.000099 0.000000
48.000000 58466.304000 0.000962 0.000100 0.000000
49.000000 58433.536000 0.000878 0.000100 0.000000
50.000000 58531.840000 0.000874 0.000100 0.000000
51.000000 58421.248000 0.000992 0.000100 0.000000
52.000000 58449.920000 0.000863 0.000099 0.000000
53.000000 58482.688000 0.000922 0.000099 0.000000
54.000000 58552.320000 0.001247 0.000100 0.000000
55.000000 58482.688000 0.000923 0.000100 0.000000
56.000000 58490.880000 0.000961 0.000100 0.000000
57.000000 58454.016000 0.000877 0.000100 0.000000
58.000000 58593.280000 0.000891 0.000100 0.000000
59.000000 58363.904000 0.001123 0.000100 0.000000
60.000000 55705.600000 0.000951 0.000100 0.000000
61.000000 58613.760000 0.001069 0.000100 0.000000
62.000000 58671.104000 0.000834 0.000099 0.000000
63.000000 58675.200000 0.000879 0.000099 0.000000
64.000000 58548.224000 0.001010 0.000100 0.000000
65.000000 58335.232000 0.001167 0.000100 0.000000
66.000000 58748.928000 0.001178 0.000099 0.000000
67.000000 58576.896000 0.000967 0.000099 0.000000
68.000000 58654.720000 0.000995 0.000099 0.000000
69.000000 58499.072000 0.000970 0.000099 0.000000
70.000000 58658.816000 0.000960 0.000099 0.000000
71.000000 58654.720000 0.000902 0.000099 0.000000
72.000000 58748.928000 0.000895 0.000099 0.000000
73.000000 58691.584000 0.000965 0.000099 0.000000
74.000000 58720.256000 0.001091 0.000099 0.000000
75.000000 58671.104000 0.000990 0.000100 0.000000
76.000000 58691.584000 0.000847 0.000099 0.000000
77.000000 58286.080000 0.000863 0.000100 0.000000
78.000000 58253.312000 0.000874 0.000099 0.000000
79.000000 58298.368000 0.000880 0.000100 0.000000
80.000000 58384.384000 0.000931 0.000100 0.000000
81.000000 58286.080000 0.000858 0.000099 0.000000
82.000000 58494.976000 0.000848 0.000099 0.000000
83.000000 58712.064000 0.001105 0.000099 0.000000
84.000000 58519.552000 0.000975 0.000100 0.000000
85.000000 58593.280000 0.000904 0.000100 31.000000
86.000000 58486.784000 0.001015 0.000100 0.000000
87.000000 58449.920000 0.000981 0.000100 0.000000
88.000000 58585.088000 0.001027 0.000099 0.000000
89.000000 58052.608000 0.001114 0.000100 0.000000
90.000000 58269.696000 0.000888 0.000100 0.000000
91.000000 58130.432000 0.001370 0.000100 0.000000
92.000000 58589.184000 0.001093 0.000100 0.000000
93.000000 56627.200000 0.001851 0.000106 489.000000
94.000000 57884.672000 0.001341 0.000100 0.000000
95.000000 58486.784000 0.001360 0.000100 17.000000
96.000000 58388.480000 0.001003 0.000100 0.000000
97.000000 58372.096000 0.001410 0.000100 0.000000
98.000000 58343.424000 0.000840 0.000099 0.000000
99.000000 58531.840000 0.000994 0.000099 0.000000
100.000000 58740.736000 0.000907 0.000099 0.000000
101.000000 58662.912000 0.000941 0.000099 0.000000
102.000000 58966.016000 0.001076 0.000099 0.000000
103.000000 58916.864000 0.001201 0.000099 0.000000
104.000000 58929.152000 0.001101 0.000099 0.000000
105.000000 58982.400000 0.001498 0.000099 0.000000
106.000000 58855.424000 0.001059 0.000099 0.000000
107.000000 58552.320000 0.001362 0.000099 0.000000
108.000000 57860.096000 0.000971 0.000100 0.000000
109.000000 58294.272000 0.001334 0.000100 0.000000
110.000000 58441.728000 0.000961 0.000099 0.000000
111.000000 58441.728000 0.001144 0.000099 0.000000
112.000000 58511.360000 0.001038 0.000099 0.000000
113.000000 58306.560000 0.000983 0.000099 0.000000
114.000000 58523.648000 0.000891 0.000099 0.000000
115.000000 58527.744000 0.000887 0.000099 0.000000
116.000000 58249.216000 0.000866 0.000099 0.000000
117.000000 58585.088000 0.001087 0.000099 0.000000
118.000000 58630.144000 0.000884 0.000099 0.000000
119.000000 58691.584000 0.001188 0.000099 0.000000
120.000000 58556.416000 0.000879 0.000099 0.000000
121.000000 57331.712000 0.000911 0.000099 0.000000
122.000000 58515.456000 0.000877 0.000099 0.000000
123.000000 58654.720000 0.000904 0.000099 0.000000
124.000000 58380.288000 0.000927 0.000099 0.000000
125.000000 58789.888000 0.000948 0.000099 0.000000
126.000000 58765.312000 0.000995 0.000099 0.000000
127.000000 58789.888000 0.000928 0.000099 0.000000
128.000000 58630.144000 0.001016 0.000099 0.000000
129.000000 58568.704000 0.001573 0.000100 0.000000
130.000000 58843.136000 0.001078 0.000099 0.000000
131.000000 58781.696000 0.001175 0.000099 0.000000
132.000000 58896.384000 0.000920 0.000099 0.000000
133.000000 58437.632000 0.000858 0.000099 0.000000
134.000000 58851.328000 0.001386 0.000100 0.000000
135.000000 58925.056000 0.000914 0.000099 0.000000
136.000000 58675.200000 0.000897 0.000099 0.000000
137.000000 58552.320000 0.000883 0.000099 0.000000
138.000000 58720.256000 0.000906 0.000099 0.000000
139.000000 58449.920000 0.001075 0.000099 0.000000
140.000000 58548.224000 0.000900 0.000099 0.000000
141.000000 58413.056000 0.001110 0.000099 0.000000
142.000000 58630.144000 0.000992 0.000099 0.000000
143.000000 58359.808000 0.001136 0.000099 0.000000
144.000000 58638.336000 0.000966 0.000099 0.000000
145.000000 58646.528000 0.000871 0.000099 0.000000
146.000000 58793.984000 0.000933 0.000099 0.000000
147.000000 58589.184000 0.000920 0.000099 0.000000
148.000000 58613.760000 0.000857 0.000099 0.000000
149.000000 58609.664000 0.001001 0.000099 0.000000
150.000000 58404.864000 0.001000 0.000099 0.000000
151.000000 58343.424000 0.001407 0.000099 0.000000
152.000000 58572.800000 0.000888 0.000099 0.000000
153.000000 58478.592000 0.001460 0.000100 0.000000
154.000000 58556.416000 0.000954 0.000099 0.000000
155.000000 58654.720000 0.001594 0.000100 0.000000
156.000000 58646.528000 0.000992 0.000099 0.000000
157.000000 58478.592000 0.000919 0.000099 0.000000
158.000000 58789.888000 0.000982 0.000099 0.000000
159.000000 58667.008000 0.000924 0.000099 0.000000
160.000000 58687.488000 0.001142 0.000099 0.000000
161.000000 58609.664000 0.001040 0.000099 0.000000
162.000000 58511.360000 0.000992 0.000100 0.000000
163.000000 58843.136000 0.000945 0.000099 0.000000
164.000000 58826.752000 0.000926 0.000099 0.000000
165.000000 58851.328000 0.000951 0.000099 0.000000
166.000000 58773.504000 0.001023 0.000099 0.000000
167.000000 58691.584000 0.000925 0.000099 0.000000
168.000000 58638.336000 0.000918 0.000099 0.000000
169.000000 58576.896000 0.000889 0.000099 0.000000
170.000000 58511.360000 0.000898 0.000099 0.000000
171.000000 58454.016000 0.000986 0.000099 0.000000
172.000000 58707.968000 0.000957 0.000099 0.000000
173.000000 58568.704000 0.001003 0.000099 0.000000
174.000000 58482.688000 0.000981 0.000099 0.000000
175.000000 58580.992000 0.001076 0.000099 0.000000
176.000000 58675.200000 0.000891 0.000099 0.000000
177.000000 58753.024000 0.000870 0.000099 0.000000
178.000000 58781.696000 0.000894 0.000098 0.000000
179.000000 58478.592000 0.000899 0.000099 0.000000
180.000000 58519.552000 0.000875 0.000099 0.000000
181.000000 58912.768000 0.000868 0.000098 0.000000
182.000000 58236.928000 0.001062 0.000099 0.000000
183.000000 58605.568000 0.000890 0.000099 0.000000
184.000000 58564.608000 0.000870 0.000099 0.000000
185.000000 58720.256000 0.000961 0.000099 0.000000
186.000000 58871.808000 0.000888 0.000099 0.000000
187.000000 58892.288000 0.001003 0.000099 0.000000
188.000000 58966.016000 0.000928 0.000098 0.000000
189.000000 58875.904000 0.001457 0.000100 0.000000
190.000000 58597.376000 0.000912 0.000099 0.000000
191.000000 58576.896000 0.000967 0.000099 0.000000
192.000000 58535.936000 0.001037 0.000100 0.000000
193.000000 58736.640000 0.001297 0.000100 0.000000
194.000000 58585.088000 0.001897 0.000101 0.000000
195.000000 58601.472000 0.001358 0.000100 0.000000
196.000000 58679.296000 0.000976 0.000100 0.000000
197.000000 58564.608000 0.001504 0.000100 0.000000
198.000000 58585.088000 0.000937 0.000100 0.000000
199.000000 58359.808000 0.001142 0.000100 0.000000
200.000000 58548.224000 0.000892 0.000100 0.000000
201.000000 58466.304000 0.001146 0.000100 0.000000
202.000000 58523.648000 0.001119 0.000100 0.000000
203.000000 58413.056000 0.000986 0.000100 0.000000
204.000000 58380.288000 0.001107 0.000100 0.000000
205.000000 58294.272000 0.001134 0.000100 0.000000
206.000000 58142.720000 0.000922 0.000100 0.000000
207.000000 58417.152000 0.001080 0.000100 0.000000
208.000000 58535.936000 0.001049 0.000100 0.000000
209.000000 58580.992000 0.001273 0.000100 0.000000
210.000000 58294.272000 0.001004 0.000100 0.000000
211.000000 58417.152000 0.001370 0.000100 0.000000
212.000000 57946.112000 0.000995 0.000100 20.000000
213.000000 58339.328000 0.001155 0.000100 0.000000
214.000000 58425.344000 0.001110 0.000100 0.000000
215.000000 58458.112000 0.001154 0.000100 0.000000
216.000000 58523.648000 0.000996 0.000100 0.000000
217.000000 58486.784000 0.001323 0.000101 0.000000
218.000000 58515.456000 0.001005 0.000100 0.000000
219.000000 58466.304000 0.001144 0.000100 0.000000
220.000000 58368.000000 0.000944 0.000099 0.000000
221.000000 58560.512000 0.001035 0.000100 0.000000
222.000000 58437.632000 0.001102 0.000100 0.000000
223.000000 58376.192000 0.001109 0.000100 0.000000
224.000000 58748.928000 0.001413 0.000100 0.000000
225.000000 58695.680000 0.001069 0.000100 0.000000
226.000000 58601.472000 0.000898 0.000099 0.000000
227.000000 58216.448000 0.001005 0.000100 0.000000
228.000000 58241.024000 0.001009 0.000100 0.000000
229.000000 58142.720000 0.001351 0.000101 0.000000
230.000000 58535.936000 0.000924 0.000099 0.000000
231.000000 58400.768000 0.001052 0.000100 0.000000
232.000000 58458.112000 0.000968 0.000100 0.000000
233.000000 58359.808000 0.001038 0.000100 5.000000
234.000000 58327.040000 0.001091 0.000100 0.000000
235.000000 58220.544000 0.000995 0.000100 0.000000
236.000000 58404.864000 0.001164 0.000100 0.000000
237.000000 58408.960000 0.000948 0.000099 0.000000
238.000000 58515.456000 0.001150 0.000100 0.000000
239.000000 58355.712000 0.001306 0.000100 0.000000
240.000000 58429.440000 0.000975 0.000100 0.000000
241.000000 58392.576000 0.001231 0.000100 0.000000
242.000000 58245.120000 0.000915 0.000099 0.000000
243.000000 58421.248000 0.001122 0.000100 0.000000
244.000000 58597.376000 0.001119 0.000100 0.000000
245.000000 58642.432000 0.000980 0.000100 0.000000
246.000000 58621.952000 0.000951 0.000099 0.000000
247.000000 58568.704000 0.001195 0.000100 0.000000
248.000000 58626.048000 0.000935 0.000099 0.000000
249.000000 58613.760000 0.001644 0.000100 0.000000
250.000000 58736.640000 0.001150 0.000100 0.000000
251.000000 58810.368000 0.000983 0.000099 0.000000
252.000000 58753.024000 0.001045 0.000099 0.000000
253.000000 58699.776000 0.001060 0.000099 0.000000
254.000000 58347.520000 0.001001 0.000100 0.000000
255.000000 58667.008000 0.001083 0.000099 0.000000
256.000000 58609.664000 0.001066 0.000100 0.000000
257.000000 58564.608000 0.000971 0.000100 0.000000
258.000000 58458.112000 0.001075 0.000100 0.000000
259.000000 58486.784000 0.001098 0.000100 0.000000
260.000000 58634.240000 0.001039 0.000099 0.000000
261.000000 58535.936000 0.001005 0.000099 0.000000
262.000000 58642.432000 0.001024 0.000099 0.000000
263.000000 58433.536000 0.001090 0.000099 0.000000
264.000000 58445.824000 0.000922 0.000099 0.000000
265.000000 58445.824000 0.001100 0.000099 0.000000
266.000000 58556.416000 0.001003 0.000099 0.000000
267.000000 58363.904000 0.001114 0.000100 41.000000
268.000000 58650.624000 0.000947 0.000099 0.000000
269.000000 58171.392000 0.001399 0.000100 0.000000
270.000000 57569.280000 0.001055 0.000101 73.000000
271.000000 57946.112000 0.000899 0.000100 0.000000
272.000000 57815.040000 0.001208 0.000100 0.000000
273.000000 57884.672000 0.001202 0.000100 0.000000
274.000000 58281.984000 0.001759 0.000100 0.000000
275.000000 57913.344000 0.001343 0.000102 230.000000
276.000000 58294.272000 0.001042 0.000099 0.000000
277.000000 58728.448000 0.000981 0.000099 0.000000
278.000000 58650.624000 0.000959 0.000100 21.000000
279.000000 58687.488000 0.001976 0.000100 0.000000
280.000000 58834.944000 0.000903 0.000099 0.000000
281.000000 58769.408000 0.001110 0.000099 0.000000
282.000000 58683.392000 0.001166 0.000099 0.000000
283.000000 58613.760000 0.001182 0.000099 0.000000
284.000000 58621.952000 0.001475 0.000100 0.000000
285.000000 58474.496000 0.001018 0.000099 0.000000
286.000000 58605.568000 0.001355 0.000099 0.000000
287.000000 58580.992000 0.000966 0.000099 0.000000
288.000000 58703.872000 0.000970 0.000099 0.000000
289.000000 58613.760000 0.001325 0.000099 0.000000
290.000000 58519.552000 0.001094 0.000099 0.000000
291.000000 58245.120000 0.001258 0.000100 0.000000
292.000000 58548.224000 0.001018 0.000099 0.000000
293.000000 58593.280000 0.001008 0.000099 0.000000
294.000000 58384.384000 0.000951 0.000099 0.000000
295.000000 58478.592000 0.001235 0.000099 0.000000
296.000000 58630.144000 0.000903 0.000099 0.000000
297.000000 58535.936000 0.001005 0.000099 0.000000
298.000000 58384.384000 0.001168 0.000100 42.000000
299.000000 58503.168000 0.001117 0.000099 0.000000
300.000000 58630.144000 0.001476 0.000100 0.000000
301.000000 58646.528000 0.001201 0.000099 0.000000
302.000000 58564.608000 0.000990 0.000099 0.000000
303.000000 57843.712000 0.001099 0.000099 0.000000
304.000000 58404.864000 0.001569 0.000100 20.000000
305.000000 58601.472000 0.000998 0.000099 20.000000
306.000000 58363.904000 0.001083 0.000100 57.000000
307.000000 58531.840000 0.001236 0.000100 0.000000
308.000000 58650.624000 0.001442 0.000100 0.000000
309.000000 58552.320000 0.000993 0.000099 0.000000
310.000000 58724.352000 0.001016 0.000099 0.000000
311.000000 58523.648000 0.001013 0.000099 0.000000
312.000000 58748.928000 0.000958 0.000099 0.000000
313.000000 58646.528000 0.001003 0.000099 0.000000
314.000000 58687.488000 0.001030 0.000099 0.000000
315.000000 58757.120000 0.001070 0.000099 0.000000
316.000000 58699.776000 0.000939 0.000099 0.000000
317.000000 58617.856000 0.000922 0.000099 0.000000
318.000000 58814.464000 0.001213 0.000099 0.000000
319.000000 58617.856000 0.000929 0.000099 0.000000
320.000000 58761.216000 0.001525 0.000099 0.000000
321.000000 58654.720000 0.000949 0.000099 0.000000
322.000000 58703.872000 0.001160 0.000099 0.000000
323.000000 58572.800000 0.001075 0.000100 0.000000
324.000000 58507.264000 0.000931 0.000099 0.000000
325.000000 58667.008000 0.001022 0.000099 0.000000
326.000000 58449.920000 0.001224 0.000099 0.000000
327.000000 58621.952000 0.001032 0.000099 0.000000
328.000000 58621.952000 0.001097 0.000099 0.000000
329.000000 58294.272000 0.000962 0.000099 0.000000
330.000000 58683.392000 0.000981 0.000099 0.000000
331.000000 58507.264000 0.001000 0.000099 0.000000
332.000000 58613.760000 0.000944 0.000099 0.000000
333.000000 57405.440000 0.001417 0.000100 0.000000
334.000000 58548.224000 0.001054 0.000099 0.000000
335.000000 58671.104000 0.001131 0.000099 0.000000
336.000000 58740.736000 0.000950 0.000099 0.000000
337.000000 58646.528000 0.000995 0.000099 0.000000
338.000000 58531.840000 0.000957 0.000099 0.000000
339.000000 58716.160000 0.001386 0.000100 0.000000
340.000000 58769.408000 0.001045 0.000099 0.000000
341.000000 58654.720000 0.001192 0.000099 0.000000
342.000000 58986.496000 0.000962 0.000099 0.000000
343.000000 58769.408000 0.000945 0.000099 0.000000
344.000000 58712.064000 0.001009 0.000099 0.000000
345.000000 58626.048000 0.001037 0.000099 0.000000
346.000000 58732.544000 0.000941 0.000099 0.000000
347.000000 58822.656000 0.001125 0.000100 0.000000
348.000000 58683.392000 0.001063 0.000099 0.000000
349.000000 58564.608000 0.001288 0.000100 0.000000
350.000000 58777.600000 0.001026 0.000099 0.000000
351.000000 58712.064000 0.001047 0.000099 0.000000
352.000000 58544.128000 0.000929 0.000099 0.000000
353.000000 58605.568000 0.001005 0.000099 0.000000
354.000000 58740.736000 0.001024 0.000099 0.000000
355.000000 58589.184000 0.001012 0.000099 0.000000
356.000000 58556.416000 0.000967 0.000099 0.000000
357.000000 58441.728000 0.001320 0.000100 0.000000
358.000000 58740.736000 0.000991 0.000099 0.000000
359.000000 58417.152000 0.000953 0.000099 0.000000
360.000000 58662.912000 0.001029 0.000099 0.000000
361.000000 58662.912000 0.000971 0.000099 0.000000
362.000000 58658.816000 0.000929 0.000099 0.000000
363.000000 58601.472000 0.001126 0.000099 0.000000
364.000000 58277.888000 0.000956 0.000099 0.000000
365.000000 58466.304000 0.001088 0.000100 0.000000
366.000000 58417.152000 0.001043 0.000100 0.000000
367.000000 58667.008000 0.001363 0.000101 28.000000
368.000000 58650.624000 0.001110 0.000100 0.000000
369.000000 58548.224000 0.001506 0.000100 0.000000
370.000000 58621.952000 0.001188 0.000100 0.000000
371.000000 58560.512000 0.000997 0.000100 0.000000
372.000000 58621.952000 0.000976 0.000100 22.000000
373.000000 58601.472000 0.001228 0.000100 0.000000
374.000000 58585.088000 0.001135 0.000100 0.000000
375.000000 58650.624000 0.001392 0.000100 0.000000
376.000000 58814.464000 0.001286 0.000100 0.000000
377.000000 58871.808000 0.001071 0.000099 0.000000
378.000000 58802.176000 0.001062 0.000099 0.000000
379.000000 58462.208000 0.001800 0.000101 0.000000
380.000000 58400.768000 0.001048 0.000100 0.000000
381.000000 58503.168000 0.001129 0.000100 0.000000
382.000000 58568.704000 0.000987 0.000100 0.000000
383.000000 58478.592000 0.001127 0.000100 0.000000
384.000000 58601.472000 0.001137 0.000100 0.000000
385.000000 58527.744000 0.001025 0.000099 0.000000
386.000000 58773.504000 0.000984 0.000099 0.000000
387.000000 58224.640000 0.001104 0.000100 0.000000
388.000000 58511.360000 0.000999 0.000099 0.000000
389.000000 58503.168000 0.001020 0.000100 0.000000
390.000000 58343.424000 0.001056 0.000100 0.000000
391.000000 58687.488000 0.000966 0.000099 0.000000
392.000000 58769.408000 0.000980 0.000099 0.000000
393.000000 58515.456000 0.001206 0.000100 0.000000
394.000000 47357.952000 0.001165 0.000101 0.000000
395.000000 58404.864000 0.001116 0.000100 0.000000
396.000000 58556.416000 0.001079 0.000100 7.000000
397.000000 58511.360000 0.001088 0.000100 0.000000
398.000000 58707.968000 0.001029 0.000099 0.000000
399.000000 58519.552000 0.001406 0.000101 0.000000
400.000000 58634.240000 0.001064 0.000099 0.000000
401.000000 58220.544000 0.001162 0.000100 0.000000
402.000000 58658.816000 0.000987 0.000099 0.000000
403.000000 58736.640000 0.001135 0.000099 0.000000
404.000000 58601.472000 0.001161 0.000100 0.000000
405.000000 58626.048000 0.001112 0.000100 0.000000
406.000000 58699.776000 0.001193 0.000100 0.000000
407.000000 58433.536000 0.001286 0.000101 36.000000
408.000000 58687.488000 0.000996 0.000099 0.000000
409.000000 58478.592000 0.001660 0.000101 0.000000
410.000000 58519.552000 0.000988 0.000100 0.000000
411.000000 58515.456000 0.001245 0.000100 0.000000
412.000000 58466.304000 0.001024 0.000100 0.000000
413.000000 58642.432000 0.001269 0.000100 0.000000
414.000000 58626.048000 0.000964 0.000099 0.000000
415.000000 58396.672000 0.000967 0.000099 0.000000
416.000000 58654.720000 0.001159 0.000100 0.000000
417.000000 58724.352000 0.001091 0.000099 0.000000
418.000000 58585.088000 0.001148 0.000100 9.000000
419.000000 58454.016000 0.001471 0.000100 0.000000
420.000000 58605.568000 0.001020 0.000099 0.000000
421.000000 58621.952000 0.000998 0.000099 0.000000
422.000000 58511.360000 0.000980 0.000099 0.000000
423.000000 58421.248000 0.001018 0.000100 0.000000
424.000000 48156.672000 0.000995 0.000100 0.000000
425.000000 58314.752000 0.001080 0.000100 0.000000
426.000000 58417.152000 0.001233 0.000100 0.000000
427.000000 58355.712000 0.001084 0.000100 0.000000
428.000000 58679.296000 0.001057 0.000099 0.000000
429.000000 58384.384000 0.001055 0.000100 0.000000
430.000000 58929.152000 0.001088 0.000099 0.000000
431.000000 58654.720000 0.001193 0.000100 0.000000
432.000000 58662.912000 0.001116 0.000099 0.000000
433.000000 58687.488000 0.001121 0.000100 0.000000
434.000000 58613.760000 0.000942 0.000099 0.000000
435.000000 58589.184000 0.001111 0.000099 0.000000
436.000000 58474.496000 0.001015 0.000099 0.000000
437.000000 58540.032000 0.001046 0.000100 0.000000
438.000000 58683.392000 0.001088 0.000100 0.000000
439.000000 58191.872000 0.001184 0.000100 0.000000
440.000000 58523.648000 0.000972 0.000099 0.000000
441.000000 58400.768000 0.001628 0.000100 0.000000
442.000000 58462.208000 0.001058 0.000099 0.000000
443.000000 58363.904000 0.000979 0.000099 0.000000
444.000000 58372.096000 0.001227 0.000099 0.000000
445.000000 58568.704000 0.001169 0.000099 0.000000
446.000000 58548.224000 0.000983 0.000099 0.000000
447.000000 58658.816000 0.001367 0.000099 0.000000
448.000000 58650.624000 0.001098 0.000099 0.000000
449.000000 58462.208000 0.001307 0.000100 0.000000
450.000000 58421.248000 0.001074 0.000099 0.000000
451.000000 58564.608000 0.001338 0.000100 0.000000
452.000000 58478.592000 0.001057 0.000099 0.000000
453.000000 58580.992000 0.001120 0.000099 0.000000
454.000000 58474.496000 0.001041 0.000099 0.000000
455.000000 56393.728000 0.001069 0.000099 0.000000
456.000000 58429.440000 0.001025 0.000099 0.000000
457.000000 58458.112000 0.001258 0.000099 0.000000
458.000000 58548.224000 0.000962 0.000099 0.000000
459.000000 58544.128000 0.001447 0.000100 0.000000
460.000000 58621.952000 0.000988 0.000099 0.000000
461.000000 58511.360000 0.001122 0.000100 25.000000
462.000000 58609.664000 0.001053 0.000099 0.000000
463.000000 58675.200000 0.000968 0.000099 0.000000
464.000000 58580.992000 0.001314 0.000099 0.000000
465.000000 58855.424000 0.001402 0.000099 0.000000
466.000000 58912.768000 0.001070 0.000099 0.000000
467.000000 58687.488000 0.001122 0.000099 0.000000
468.000000 58486.784000 0.001176 0.000099 0.000000
469.000000 58699.776000 0.001302 0.000099 0.000000
470.000000 58667.008000 0.000966 0.000099 0.000000
471.000000 58384.384000 0.001529 0.000100 0.000000
472.000000 58515.456000 0.001097 0.000099 0.000000
473.000000 58568.704000 0.001163 0.000099 0.000000
474.000000 58535.936000 0.001049 0.000099 0.000000
475.000000 58724.352000 0.001198 0.000099 0.000000
476.000000 58593.280000 0.001086 0.000099 0.000000
477.000000 58556.416000 0.001443 0.000100 0.000000
478.000000 58527.744000 0.001014 0.000099 0.000000
479.000000 58179.584000 0.000994 0.000099 0.000000
480.000000 58679.296000 0.001178 0.000099 0.000000
481.000000 58077.184000 0.001741 0.000100 0.000000
482.000000 58650.624000 0.001328 0.000100 0.000000
483.000000 58576.896000 0.001012 0.000099 0.000000
484.000000 58531.840000 0.001230 0.000100 0.000000
485.000000 58019.840000 0.001097 0.000099 0.000000
486.000000 58310.656000 0.001615 0.000100 0.000000
487.000000 58597.376000 0.001136 0.000099 0.000000
488.000000 58613.760000 0.000960 0.000099 0.000000
489.000000 58580.992000 0.001962 0.000100 0.000000
490.000000 58675.200000 0.001009 0.000099 0.000000
491.000000 58630.144000 0.001075 0.000099 0.000000
492.000000 58605.568000 0.000971 0.000099 0.000000
493.000000 58646.528000 0.001006 0.000099 0.000000
494.000000 58802.176000 0.001005 0.000099 0.000000
495.000000 58765.312000 0.001111 0.000099 0.000000
496.000000 58822.656000 0.000970 0.000099 0.000000
497.000000 58806.272000 0.001084 0.000099 0.000000
498.000000 58724.352000 0.000995 0.000099 0.000000
499.000000 58593.280000 0.001564 0.000100 0.000000
