0.000000 58368.000000 -0.000727 0.000099 0.000000
1.000000 58875.904000 -0.000742 0.000099 0.000000
2.000000 58912.768000 -0.000737 0.000099 0.000000
3.000000 58839.040000 -0.000747 0.000098 0.000000
4.000000 58671.104000 -0.000752 0.000099 0.000000
5.000000 58687.488000 -0.000763 0.000099 0.000000
6.000000 58425.344000 -0.000779 0.000099 0.000000
7.000000 58494.976000 -0.000766 0.000099 0.000000
8.000000 58724.352000 -0.000721 0.000099 0.000000
9.000000 58839.040000 -0.000741 0.000099 0.000000
10.000000 58748.928000 -0.000757 0.000099 0.000000
11.000000 58699.776000 -0.000757 0.000099 0.000000
12.000000 58486.784000 -0.000769 0.000099 0.000000
13.000000 58445.824000 -0.000775 0.000099 0.000000
14.000000 58888.192000 -0.000749 0.000099 0.000000
15.000000 58990.592000 -0.000750 0.000099 0.000000
16.000000 59146.240000 -0.000744 0.000098 0.000000
17.000000 58437.632000 -0.000751 0.000099 0.000000
18.000000 58728.448000 -0.000751 0.000099 0.000000
19.000000 58966.016000 -0.000765 0.000099 0.000000
20.000000 58945.536000 -0.000769 0.000098 0.000000
21.000000 58728.448000 -0.000753 0.000098 0.000000
22.000000 58867.712000 -0.000758 0.000099 0.000000
23.000000 58470.400000 -0.000729 0.000100 0.000000
24.000000 58327.040000 -0.000738 0.000099 0.000000
25.000000 58437.632000 -0.000742 0.000099 0.000000
26.000000 58658.816000 -0.000744 0.000099 0.000000
27.000000 58626.048000 -0.000754 0.000098 0.000000
28.000000 58888.192000 -0.000757 0.000098 0.000000
29.000000 58363.904000 -0.000743 0.000099 0.000000
30.000000 58748.928000 -0.000728 0.000099 0.000000
31.000000 58470.400000 -0.000752 0.000099 0.000000
32.000000 58798.080000 -0.000762 0.000099 0.000000
33.000000 58634.240000 -0.000739 0.000099 0.000000
34.000000 53682.176000 -0.000196 0.000111 1067.000000
35.000000 58671.104000 -0.000752 0.000099 0.000000
36.000000 58732.544000 -0.000759 0.000099 0.000000
37.000000 58638.336000 -0.000750 0.000099 0.000000
38.000000 58728.448000 -0.000751 0.000099 0.000000
39.000000 58785.792000 -0.000728 0.000099 0.000000
40.000000 58839.040000 -0.000727 0.000099 0.000000
41.000000 58552.320000 -0.000717 0.000099 0.000000
42.000000 58576.896000 -0.000734 0.000099 0.000000
43.000000 58773.504000 -0.000741 0.000099 0.000000
44.000000 58220.544000 -0.000682 0.000099 0.000000
45.000000 59179.008000 -0.000678 0.000099 0.000000
46.000000 58650.624000 -0.000752 0.000099 0.000000
47.000000 58810.368000 -0.000742 0.000099 0.000000
48.000000 58916.864000 -0.000744 0.000099 0.000000
49.000000 58834.944000 -0.000431 0.000100 0.000000
50.000000 58855.424000 -0.000754 0.000098 0.000000
51.000000 58642.432000 0.000677 0.000101 0.000000
52.000000 59195.392000 -0.000756 0.000098 0.000000
53.000000 59039.744000 -0.000740 0.000098 0.000000
54.000000 58847.232000 -0.000726 0.000099 0.000000
55.000000 58605.568000 -0.000724 0.000099 0.000000
56.000000 58728.448000 -0.000710 0.000099 0.000000
57.000000 58662.912000 -0.000709 0.000099 0.000000
58.000000 58892.288000 -0.000705 0.000099 0.000000
59.000000 58560.512000 -0.000712 0.000099 0.000000
60.000000 58929.152000 -0.000735 0.000098 0.000000
61.000000 58789.888000 -0.000742 0.000099 0.000000
62.000000 58810.368000 -0.000729 0.000099 0.000000
63.000000 58675.200000 -0.000711 0.000099 0.000000
64.000000 54738.944000 -0.000503 0.000103 368.000000
65.000000 53899.264000 -0.000725 0.000099 0.000000
66.000000 58802.176000 -0.000727 0.000099 0.000000
67.000000 58306.560000 -0.000726 0.000100 0.000000
68.000000 59117.568000 -0.000718 0.000098 0.000000
69.000000 58777.600000 -0.000721 0.000099 0.000000
70.000000 58941.440000 -0.000710 0.000099 0.000000
71.000000 59031.552000 -0.000719 0.000099 0.000000
72.000000 58716.160000 -0.000724 0.000099 0.000000
73.000000 58322.944000 -0.000725 0.000100 0.000000
74.000000 58593.280000 -0.000741 0.000099 0.000000
75.000000 59039.744000 -0.000738 0.000098 0.000000
76.000000 59092.992000 -0.000734 0.000098 0.000000
77.000000 59117.568000 -0.000735 0.000098 0.000000
78.000000 58953.728000 -0.000742 0.000098 0.000000
79.000000 58531.840000 -0.000731 0.000099 0.000000
80.000000 58814.464000 -0.000732 0.000098 0.000000
81.000000 58736.640000 -0.000730 0.000099 0.000000
82.000000 58957.824000 -0.000715 0.000098 0.000000
83.000000 59109.376000 -0.000718 0.000099 0.000000
84.000000 58744.832000 -0.000717 0.000099 0.000000
85.000000 58925.056000 -0.000721 0.000098 0.000000
86.000000 58757.120000 -0.000712 0.000098 0.000000
87.000000 58884.096000 -0.000729 0.000098 0.000000
88.000000 58122.240000 -0.000733 0.000099 0.000000
89.000000 58912.768000 -0.000725 0.000098 0.000000
90.000000 58736.640000 -0.000737 0.000098 0.000000
91.000000 58458.112000 -0.000731 0.000098 0.000000
92.000000 58617.856000 -0.000715 0.000099 0.000000
93.000000 58728.448000 -0.000711 0.000099 0.000000
94.000000 58654.720000 -0.000722 0.000099 0.000000
95.000000 16482.304000 0.015944 0.000457 10216.000000
96.000000 58904.576000 -0.000732 0.000099 0.000000
97.000000 58757.120000 -0.000726 0.000099 0.000000
98.000000 58855.424000 -0.000712 0.000099 0.000000
99.000000 58793.984000 -0.000717 0.000099 0.000000
100.000000 58765.312000 -0.000720 0.000099 0.000000
101.000000 58691.584000 -0.000714 0.000099 0.000000
102.000000 58691.584000 -0.000724 0.000099 0.000000
103.000000 58822.656000 -0.000727 0.000099 0.000000
104.000000 58818.560000 -0.000701 0.000098 0.000000
105.000000 58777.600000 -0.000697 0.000099 0.000000
106.000000 58781.696000 -0.000709 0.000099 0.000000
107.000000 58777.600000 -0.000706 0.000098 0.000000
108.000000 58843.136000 -0.000725 0.000099 0.000000
109.000000 58691.584000 -0.000729 0.000099 0.000000
110.000000 58671.104000 -0.000717 0.000099 0.000000
111.000000 58621.952000 -0.000703 0.000099 0.000000
112.000000 58699.776000 0.000333 0.000101 0.000000
113.000000 58851.328000 -0.000713 0.000099 0.000000
114.000000 58601.472000 -0.000711 0.000099 0.000000
115.000000 58671.104000 -0.000702 0.000099 0.000000
116.000000 58728.448000 -0.000705 0.000099 0.000000
117.000000 58691.584000 -0.000695 0.000098 0.000000
118.000000 58744.832000 -0.000718 0.000099 0.000000
119.000000 58564.608000 -0.000687 0.000099 0.000000
120.000000 58552.320000 -0.000721 0.000099 0.000000
121.000000 58703.872000 -0.000712 0.000099 0.000000
122.000000 58773.504000 -0.000691 0.000099 0.000000
123.000000 58499.072000 -0.000730 0.000099 0.000000
124.000000 58142.720000 -0.000731 0.000099 0.000000
125.000000 21053.440000 0.011205 0.000351 9136.000000
126.000000 58695.680000 -0.000732 0.000099 0.000000
127.000000 58691.584000 -0.000682 0.000099 0.000000
128.000000 59109.376000 -0.000704 0.000098 0.000000
129.000000 58970.112000 -0.000709 0.000098 0.000000
130.000000 58621.952000 -0.000709 0.000099 0.000000
131.000000 58781.696000 -0.000694 0.000098 0.000000
132.000000 58875.904000 -0.000699 0.000099 0.000000
133.000000 58843.136000 -0.000707 0.000099 0.000000
134.000000 58638.336000 -0.000686 0.000099 0.000000
135.000000 58875.904000 -0.000670 0.000099 0.000000
136.000000 58966.016000 -0.000696 0.000098 0.000000
137.000000 59084.800000 -0.000657 0.000099 0.000000
138.000000 58859.520000 -0.000712 0.000099 0.000000
139.000000 58830.848000 -0.000710 0.000098 0.000000
140.000000 58630.144000 -0.000638 0.000099 0.000000
141.000000 58441.728000 -0.000714 0.000099 0.000000
142.000000 58646.528000 -0.000705 0.000099 0.000000
143.000000 58937.344000 -0.000673 0.000099 0.000000
144.000000 58712.064000 -0.000675 0.000099 0.000000
145.000000 58765.312000 -0.000662 0.000099 0.000000
146.000000 58667.008000 -0.000653 0.000099 0.000000
147.000000 58789.888000 -0.000655 0.000099 0.000000
148.000000 58769.408000 -0.000683 0.000099 0.000000
149.000000 58564.608000 -0.000662 0.000099 0.000000
150.000000 58908.672000 -0.000667 0.000099 0.000000
151.000000 58867.712000 -0.000679 0.000099 0.000000
152.000000 58695.680000 -0.000690 0.000099 0.000000
153.000000 58580.992000 -0.000707 0.000099 0.000000
154.000000 58470.400000 -0.000686 0.000099 0.000000
155.000000 54050.816000 -0.000528 0.000103 296.000000
156.000000 58441.728000 -0.000697 0.000098 0.000000
157.000000 58818.560000 -0.000702 0.000099 0.000000
158.000000 58929.152000 -0.000661 0.000099 0.000000
159.000000 58724.352000 -0.000679 0.000099 0.000000
160.000000 58691.584000 -0.000677 0.000099 0.000000
161.000000 58884.096000 -0.000694 0.000099 0.000000
162.000000 59101.184000 -0.000705 0.000098 0.000000
163.000000 58896.384000 -0.000700 0.000098 0.000000
164.000000 58880.000000 -0.000686 0.000098 0.000000
165.000000 58597.376000 -0.000661 0.000099 0.000000
166.000000 58314.752000 -0.000684 0.000099 0.000000
167.000000 58556.416000 -0.000672 0.000099 0.000000
168.000000 58413.056000 -0.000698 0.000099 0.000000
169.000000 58626.048000 -0.000690 0.000099 0.000000
170.000000 58843.136000 -0.000680 0.000098 0.000000
171.000000 58810.368000 -0.000687 0.000099 0.000000
172.000000 58699.776000 -0.000688 0.000098 0.000000
173.000000 58818.560000 -0.000650 0.000099 0.000000
174.000000 58490.880000 0.000825 0.000102 0.000000
175.000000 58802.176000 -0.000667 0.000099 0.000000
176.000000 59006.976000 -0.000688 0.000098 0.000000
177.000000 58806.272000 -0.000695 0.000099 0.000000
178.000000 58933.248000 -0.000692 0.000099 0.000000
179.000000 58519.552000 -0.000659 0.000099 0.000000
180.000000 58724.352000 -0.000674 0.000099 0.000000
181.000000 58675.200000 -0.000667 0.000099 0.000000
182.000000 58691.584000 -0.000676 0.000099 0.000000
183.000000 58691.584000 -0.000673 0.000099 0.000000
184.000000 58650.624000 -0.000669 0.000099 0.000000
185.000000 58675.200000 -0.000484 0.000099 0.000000
186.000000 56569.856000 -0.000656 0.000099 0.000000
187.000000 58732.544000 -0.000675 0.000099 0.000000
188.000000 58884.096000 -0.000668 0.000099 0.000000
189.000000 58748.928000 -0.000646 0.000099 0.000000
190.000000 58798.080000 -0.000678 0.000099 0.000000
191.000000 58896.384000 -0.000689 0.000098 0.000000
192.000000 58839.040000 -0.000691 0.000098 0.000000
193.000000 58884.096000 -0.000679 0.000098 0.000000
194.000000 58949.632000 -0.000672 0.000099 0.000000
195.000000 58617.856000 -0.000679 0.000099 0.000000
196.000000 58785.792000 -0.000676 0.000099 0.000000
197.000000 58695.680000 -0.000663 0.000099 0.000000
198.000000 58687.488000 -0.000673 0.000099 0.000000
199.000000 58798.080000 -0.000680 0.000099 0.000000
200.000000 58617.856000 -0.000667 0.000099 0.000000
201.000000 58679.296000 -0.000684 0.000099 0.000000
202.000000 58712.064000 -0.000680 0.000099 0.000000
203.000000 58740.736000 -0.000663 0.000099 0.000000
204.000000 58863.616000 -0.000669 0.000099 0.000000
205.000000 59011.072000 -0.000660 0.000099 0.000000
206.000000 59080.704000 -0.000659 0.000098 0.000000
207.000000 58884.096000 -0.000679 0.000098 0.000000
208.000000 59191.296000 -0.000669 0.000098 0.000000
209.000000 58724.352000 -0.000661 0.000099 0.000000
210.000000 58732.544000 -0.000686 0.000098 0.000000
211.000000 58732.544000 -0.000688 0.000099 0.000000
212.000000 58675.200000 -0.000674 0.000098 0.000000
213.000000 58908.672000 -0.000679 0.000098 0.000000
214.000000 59064.320000 -0.000682 0.000098 0.000000
215.000000 57483.264000 -0.000475 0.000103 398.000000
216.000000 53743.616000 -0.000673 0.000099 0.000000
217.000000 58683.392000 -0.000683 0.000099 0.000000
218.000000 58626.048000 -0.000672 0.000099 0.000000
219.000000 58720.256000 -0.000662 0.000099 0.000000
220.000000 58675.200000 -0.000671 0.000099 0.000000
221.000000 58691.584000 -0.000658 0.000099 0.000000
222.000000 58712.064000 -0.000680 0.000099 0.000000
223.000000 58527.744000 -0.000674 0.000099 0.000000
224.000000 58572.800000 -0.000669 0.000099 0.000000
225.000000 58691.584000 -0.000672 0.000099 0.000000
226.000000 58929.152000 -0.000666 0.000098 0.000000
227.000000 58523.648000 -0.000665 0.000099 0.000000
228.000000 58425.344000 -0.000632 0.000099 0.000000
229.000000 58732.544000 -0.000603 0.000099 0.000000
230.000000 58552.320000 -0.000649 0.000099 0.000000
231.000000 58257.408000 -0.000636 0.000099 0.000000
232.000000 58966.016000 -0.000642 0.000099 0.000000
233.000000 58531.840000 -0.000622 0.000099 0.000000
234.000000 58662.912000 -0.000663 0.000099 0.000000
235.000000 58843.136000 0.000799 0.000102 0.000000
236.000000 58900.480000 -0.000659 0.000099 0.000000
237.000000 58630.144000 -0.000663 0.000099 0.000000
238.000000 58822.656000 -0.000669 0.000098 0.000000
239.000000 58806.272000 -0.000660 0.000099 0.000000
240.000000 58839.040000 -0.000647 0.000098 0.000000
241.000000 58646.528000 -0.000662 0.000099 0.000000
242.000000 58503.168000 -0.000639 0.000099 0.000000
243.000000 58859.520000 -0.000649 0.000099 0.000000
244.000000 58671.104000 -0.000658 0.000099 0.000000
245.000000 58744.832000 -0.000443 0.000100 0.000000
246.000000 58302.464000 -0.000657 0.000099 0.000000
247.000000 58564.608000 -0.000643 0.000099 0.000000
248.000000 58658.816000 -0.000632 0.000099 0.000000
249.000000 58331.136000 -0.000631 0.000099 0.000000
250.000000 58744.832000 -0.000550 0.000099 0.000000
251.000000 58224.640000 -0.000635 0.000099 0.000000
252.000000 58638.336000 -0.000650 0.000099 0.000000
253.000000 58884.096000 -0.000635 0.000099 0.000000
254.000000 58302.464000 -0.000653 0.000099 0.000000
255.000000 58679.296000 -0.000663 0.000099 0.000000
256.000000 58556.416000 -0.000634 0.000099 0.000000
257.000000 58736.640000 -0.000637 0.000099 0.000000
258.000000 58904.576000 -0.000649 0.000099 0.000000
259.000000 58818.560000 -0.000652 0.000098 0.000000
260.000000 58478.592000 -0.000652 0.000099 0.000000
261.000000 58732.544000 -0.000666 0.000099 0.000000
262.000000 58884.096000 -0.000668 0.000098 0.000000
263.000000 58621.952000 -0.000571 0.000099 0.000000
264.000000 58658.816000 -0.000615 0.000099 0.000000
265.000000 58802.176000 -0.000594 0.000099 0.000000
266.000000 58810.368000 -0.000630 0.000099 0.000000
267.000000 58920.960000 -0.000634 0.000099 0.000000
268.000000 58703.872000 -0.000627 0.000099 0.000000
269.000000 58757.120000 -0.000644 0.000099 0.000000
270.000000 58675.200000 -0.000623 0.000099 0.000000
271.000000 58658.816000 -0.000631 0.000099 0.000000
272.000000 58814.464000 -0.000661 0.000098 0.000000
273.000000 58933.248000 -0.000626 0.000098 0.000000
274.000000 58847.232000 -0.000643 0.000098 0.000000
275.000000 47464.448000 0.000897 0.000132 2607.000000
276.000000 58691.584000 -0.000646 0.000098 0.000000
277.000000 58769.408000 -0.000644 0.000098 0.000000
278.000000 58540.032000 -0.000637 0.000099 0.000000
279.000000 58785.792000 -0.000645 0.000099 0.000000
280.000000 59031.552000 -0.000640 0.000099 0.000000
281.000000 58507.264000 -0.000636 0.000099 0.000000
282.000000 58564.608000 -0.000636 0.000099 0.000000
283.000000 58843.136000 -0.000640 0.000099 0.000000
284.000000 58654.720000 -0.000636 0.000098 0.000000
285.000000 58654.720000 -0.000637 0.000099 0.000000
286.000000 58806.272000 -0.000660 0.000098 0.000000
287.000000 58875.904000 -0.000638 0.000099 0.000000
288.000000 59015.168000 -0.000653 0.000098 0.000000
289.000000 59047.936000 -0.000645 0.000098 0.000000
290.000000 59166.720000 -0.000609 0.000098 0.000000
291.000000 58724.352000 -0.000588 0.000099 0.000000
292.000000 58593.280000 -0.000638 0.000099 0.000000
293.000000 58781.696000 -0.000646 0.000099 0.000000
294.000000 58945.536000 -0.000663 0.000098 0.000000
295.000000 58933.248000 -0.000630 0.000099 0.000000
296.000000 58843.136000 0.001262 0.000102 0.000000
297.000000 58621.952000 -0.000642 0.000099 0.000000
298.000000 59109.376000 -0.000648 0.000098 0.000000
299.000000 58564.608000 -0.000647 0.000099 0.000000
300.000000 58949.632000 -0.000654 0.000098 0.000000
301.000000 58585.088000 -0.000660 0.000098 0.000000
302.000000 58609.664000 -0.000629 0.000099 0.000000
303.000000 58744.832000 -0.000627 0.000099 0.000000
304.000000 58671.104000 -0.000623 0.000098 0.000000
305.000000 58777.600000 -0.000590 0.000099 0.000000
306.000000 58851.328000 -0.000597 0.000099 0.000000
307.000000 58974.208000 -0.000655 0.000098 0.000000
308.000000 59179.008000 -0.000647 0.000098 0.000000
309.000000 58957.824000 -0.000622 0.000099 0.000000
310.000000 57225.216000 -0.000395 0.000103 409.000000
311.000000 59023.360000 -0.000599 0.000099 0.000000
312.000000 58425.344000 -0.000637 0.000098 0.000000
313.000000 59002.880000 -0.000634 0.000098 0.000000
314.000000 58761.216000 -0.000613 0.000099 0.000000
315.000000 59023.360000 -0.000598 0.000099 0.000000
316.000000 58863.616000 -0.000647 0.000099 0.000000
317.000000 58736.640000 -0.000640 0.000098 0.000000
318.000000 58777.600000 -0.000637 0.000099 0.000000
319.000000 58568.704000 -0.000628 0.000099 0.000000
320.000000 58826.752000 -0.000641 0.000099 0.000000
321.000000 58609.664000 -0.000644 0.000099 0.000000
322.000000 58912.768000 -0.000620 0.000098 0.000000
323.000000 59068.416000 -0.000623 0.000099 0.000000
324.000000 58732.544000 -0.000617 0.000098 0.000000
325.000000 59027.456000 -0.000617 0.000098 0.000000
326.000000 58761.216000 -0.000607 0.000098 0.000000
327.000000 58757.120000 -0.000633 0.000098 0.000000
328.000000 58916.864000 -0.000626 0.000098 0.000000
329.000000 59236.352000 -0.000616 0.000098 0.000000
330.000000 58839.040000 -0.000610 0.000099 0.000000
331.000000 58646.528000 -0.000610 0.000099 0.000000
332.000000 59035.648000 -0.000607 0.000099 0.000000
333.000000 58908.672000 -0.000608 0.000099 0.000000
334.000000 58748.928000 -0.000611 0.000099 0.000000
335.000000 53043.200000 0.000167 0.000114 1430.000000
336.000000 59056.128000 -0.000603 0.000099 0.000000
337.000000 58851.328000 -0.000609 0.000099 0.000000
338.000000 58957.824000 -0.000621 0.000098 0.000000
339.000000 58867.712000 -0.000618 0.000098 0.000000
340.000000 59035.648000 -0.000614 0.000098 0.000000
341.000000 58998.784000 -0.000615 0.000099 0.000000
342.000000 58486.784000 -0.000627 0.000099 0.000000
343.000000 57950.208000 -0.000619 0.000099 0.000000
344.000000 58761.216000 -0.000610 0.000099 0.000000
345.000000 58564.608000 -0.000595 0.000099 0.000000
346.000000 58949.632000 -0.000597 0.000099 0.000000
347.000000 58712.064000 -0.000591 0.000099 0.000000
348.000000 58675.200000 -0.000613 0.000099 0.000000
349.000000 58777.600000 -0.000614 0.000098 0.000000
350.000000 58703.872000 -0.000622 0.000099 0.000000
351.000000 58818.560000 -0.000624 0.000099 0.000000
352.000000 58560.512000 -0.000590 0.000100 0.000000
353.000000 58576.896000 -0.000563 0.000100 0.000000
354.000000 58556.416000 -0.000585 0.000099 0.000000
355.000000 58781.696000 -0.000572 0.000099 0.000000
356.000000 58671.104000 0.001074 0.000102 0.000000
357.000000 58667.008000 -0.000602 0.000099 0.000000
358.000000 58621.952000 -0.000610 0.000099 0.000000
359.000000 58912.768000 -0.000601 0.000099 0.000000
360.000000 58802.176000 -0.000610 0.000099 0.000000
361.000000 58753.024000 -0.000619 0.000099 0.000000
362.000000 58671.104000 -0.000617 0.000099 0.000000
363.000000 58695.680000 -0.000622 0.000098 0.000000
364.000000 58974.208000 -0.000625 0.000098 0.000000
365.000000 58781.696000 -0.000604 0.000099 0.000000
366.000000 58736.640000 -0.000605 0.000099 0.000000
367.000000 57864.192000 -0.000614 0.000100 0.000000
368.000000 58937.344000 -0.000548 0.000099 0.000000
369.000000 58773.504000 -0.000612 0.000099 0.000000
370.000000 58998.784000 -0.000603 0.000099 0.000000
371.000000 58847.232000 -0.000473 0.000099 0.000000
372.000000 58830.848000 -0.000622 0.000099 0.000000
373.000000 58269.696000 -0.000610 0.000099 0.000000
374.000000 58613.760000 -0.000585 0.000099 0.000000
375.000000 58650.624000 -0.000591 0.000099 0.000000
376.000000 58699.776000 -0.000591 0.000099 0.000000
377.000000 58929.152000 -0.000585 0.000099 0.000000
378.000000 58695.680000 -0.000606 0.000098 0.000000
379.000000 58753.024000 -0.000613 0.000099 0.000000
380.000000 58638.336000 -0.000609 0.000099 0.000000
381.000000 58654.720000 -0.000609 0.000099 0.000000
382.000000 58826.752000 -0.000611 0.000099 0.000000
383.000000 58855.424000 -0.000599 0.000098 0.000000
384.000000 58163.200000 -0.000610 0.000099 0.000000
385.000000 58888.192000 -0.000598 0.000099 0.000000
386.000000 58896.384000 -0.000607 0.000099 0.000000
387.000000 58654.720000 -0.000620 0.000098 0.000000
388.000000 58703.872000 -0.000606 0.000099 0.000000
389.000000 58900.480000 -0.000599 0.000098 0.000000
390.000000 59006.976000 -0.000620 0.000098 0.000000
391.000000 58753.024000 -0.000588 0.000099 0.000000
392.000000 59056.128000 -0.000587 0.000099 0.000000
393.000000 58851.328000 -0.000599 0.000098 0.000000
394.000000 58990.592000 -0.000607 0.000098 0.000000
395.000000 56565.760000 -0.000299 0.000104 579.000000
396.000000 58990.592000 -0.000604 0.000099 0.000000
397.000000 58978.304000 -0.000608 0.000098 0.000000
398.000000 58814.464000 -0.000562 0.000099 0.000000
399.000000 58884.096000 -0.000563 0.000099 0.000000
400.000000 59101.184000 -0.000552 0.000098 0.000000
401.000000 58769.408000 -0.000567 0.000099 0.000000
402.000000 58429.440000 -0.000566 0.000099 0.000000
403.000000 58462.208000 -0.000586 0.000099 0.000000
404.000000 58937.344000 -0.000573 0.000099 0.000000
405.000000 58757.120000 -0.000591 0.000099 0.000000
406.000000 58724.352000 -0.000591 0.000098 0.000000
407.000000 58515.456000 -0.000579 0.000099 0.000000
408.000000 58576.896000 -0.000596 0.000099 0.000000
409.000000 58716.160000 -0.000585 0.000099 0.000000
410.000000 58818.560000 -0.000599 0.000099 0.000000
411.000000 58781.696000 -0.000591 0.000099 0.000000
412.000000 58798.080000 -0.000584 0.000099 0.000000
413.000000 58888.192000 -0.000509 0.000099 0.000000
414.000000 58839.040000 -0.000563 0.000099 0.000000
415.000000 58925.056000 -0.000575 0.000098 0.000000
416.000000 58466.304000 -0.000596 0.000099 0.000000
417.000000 58773.504000 0.001124 0.000101 0.000000
418.000000 58990.592000 -0.000602 0.000098 0.000000
419.000000 58687.488000 -0.000598 0.000099 0.000000
420.000000 58421.248000 -0.000606 0.000099 0.000000
421.000000 58753.024000 -0.000595 0.000098 0.000000
422.000000 58707.968000 -0.000592 0.000099 0.000000
423.000000 58683.392000 -0.000599 0.000099 0.000000
424.000000 58351.616000 -0.000604 0.000099 0.000000
425.000000 55291.904000 -0.000589 0.000099 0.000000
426.000000 46370.816000 0.001558 0.000146 3761.000000
427.000000 58863.616000 -0.000595 0.000099 0.000000
428.000000 58650.624000 -0.000592 0.000099 0.000000
429.000000 58314.752000 -0.000586 0.000099 0.000000
430.000000 58662.912000 -0.000549 0.000099 0.000000
431.000000 58814.464000 -0.000580 0.000099 0.000000
432.000000 58912.768000 -0.000553 0.000099 0.000000
433.000000 58454.016000 -0.000582 0.000098 0.000000
434.000000 56946.688000 -0.000575 0.000099 0.000000
435.000000 58724.352000 -0.000591 0.000099 0.000000
436.000000 58322.944000 -0.000578 0.000099 0.000000
437.000000 58683.392000 -0.000570 0.000099 0.000000
438.000000 58650.624000 -0.000592 0.000099 0.000000
439.000000 58662.912000 -0.000586 0.000099 0.000000
440.000000 58540.032000 -0.000579 0.000099 0.000000
441.000000 58744.832000 -0.000591 0.000099 0.000000
442.000000 58757.120000 -0.000576 0.000098 0.000000
443.000000 58695.680000 -0.000569 0.000099 0.000000
444.000000 58888.192000 -0.000586 0.000099 0.000000
445.000000 58785.792000 -0.000584 0.000098 0.000000
446.000000 58736.640000 -0.000572 0.000099 0.000000
447.000000 58703.872000 -0.000578 0.000099 0.000000
448.000000 58531.840000 -0.000593 0.000099 0.000000
449.000000 58585.088000 -0.000567 0.000099 0.000000
450.000000 58863.616000 -0.000567 0.000098 0.000000
451.000000 58679.296000 -0.000583 0.000098 0.000000
452.000000 58863.616000 -0.000559 0.000099 0.000000
453.000000 59002.880000 -0.000580 0.000098 0.000000
454.000000 58957.824000 -0.000565 0.000099 0.000000
455.000000 58834.944000 -0.000584 0.000099 0.000000
456.000000 58871.808000 -0.000584 0.000099 0.000000
457.000000 58527.744000 -0.000592 0.000099 0.000000
458.000000 58593.280000 -0.000578 0.000099 0.000000
459.000000 58765.312000 -0.000593 0.000099 0.000000
460.000000 58597.376000 -0.000550 0.000099 0.000000
461.000000 58757.120000 -0.000558 0.000099 0.000000
462.000000 58548.224000 -0.000573 0.000099 0.000000
463.000000 58413.056000 -0.000582 0.000099 0.000000
464.000000 54284.288000 -0.000549 0.000099 0.000000
465.000000 58359.808000 -0.000562 0.000100 0.000000
466.000000 58441.728000 -0.000563 0.000100 0.000000
467.000000 59150.336000 -0.000531 0.000099 0.000000
468.000000 58437.632000 -0.000557 0.000099 0.000000
469.000000 58609.664000 -0.000557 0.000099 0.000000
470.000000 58589.184000 -0.000542 0.000099 0.000000
471.000000 58802.176000 -0.000540 0.000099 0.000000
472.000000 58675.200000 -0.000570 0.000099 0.000000
473.000000 58748.928000 -0.000525 0.000099 0.000000
474.000000 58712.064000 -0.000536 0.000099 0.000000
475.000000 59039.744000 -0.000550 0.000099 0.000000
476.000000 58978.304000 -0.000548 0.000099 0.000000
477.000000 58712.064000 -0.000548 0.000099 0.000000
478.000000 58884.096000 -0.000573 0.000099 0.000000
479.000000 58580.992000 0.000763 0.000101 0.000000
480.000000 58630.144000 -0.000420 0.000099 0.000000
481.000000 58712.064000 -0.000579 0.000099 0.000000
482.000000 58863.616000 -0.000578 0.000099 0.000000
483.000000 58662.912000 -0.000576 0.000099 0.000000
484.000000 58490.880000 -0.000582 0.000099 0.000000
485.000000 58589.184000 -0.000576 0.000098 0.000000
486.000000 58687.488000 -0.000560 0.000099 0.000000
487.000000 58568.704000 -0.000580 0.000099 0.000000
488.000000 58568.704000 -0.000552 0.000099 0.000000
489.000000 58707.968000 -0.000553 0.000099 0.000000
490.000000 59117.568000 -0.000543 0.000099 0.000000
491.000000 30420.992000 0.005661 0.000230 6915.000000
492.000000 59047.936000 -0.000562 0.000098 0.000000
493.000000 58720.256000 -0.000578 0.000099 0.000000
494.000000 52670.464000 -0.000565 0.000099 0.000000
495.000000 58884.096000 -0.000554 0.000098 0.000000
496.000000 58650.624000 -0.000551 0.000099 0.000000
497.000000 58662.912000 -0.000560 0.000099 0.000000
498.000000 58761.216000 -0.000564 0.000098 0.000000
499.000000 58638.336000 -0.000559 0.000099 0.000000
