0.000000 25853.952000 -0.001591 0.000142 0.000000
1.000000 26046.464000 -0.001605 0.000141 0.000000
2.000000 26050.560000 -0.001617 0.000140 0.000000
3.000000 26054.656000 -0.001603 0.000141 0.000000
4.000000 26001.408000 -0.001616 0.000141 0.000000
5.000000 26087.424000 -0.001606 0.000142 0.000000
6.000000 26095.616000 -0.001638 0.000139 0.000000
7.000000 26079.232000 -0.001633 0.000138 0.000000
8.000000 26095.616000 -0.001631 0.000138 0.000000
9.000000 26046.464000 -0.001630 0.000139 0.000000
10.000000 26103.808000 -0.001623 0.000140 0.000000
11.000000 26099.712000 -0.001619 0.000141 0.000000
12.000000 26071.040000 -0.001614 0.000141 0.000000
13.000000 26054.656000 -0.001615 0.000141 0.000000
14.000000 26021.888000 -0.001647 0.000138 0.000000
15.000000 25931.776000 -0.001626 0.000141 0.000000
16.000000 26021.888000 -0.001614 0.000142 0.000000
17.000000 26071.040000 -0.001007 0.000159 0.000000
18.000000 26087.424000 -0.001665 0.000137 0.000000
19.000000 26054.656000 -0.001663 0.000138 0.000000
20.000000 26087.424000 -0.001669 0.000136 0.000000
21.000000 26083.328000 -0.001659 0.000138 0.000000
22.000000 26058.752000 -0.001667 0.000138 0.000000
23.000000 26083.328000 -0.001662 0.000137 0.000000
24.000000 26054.656000 -0.001670 0.000139 0.000000
25.000000 26075.136000 -0.001666 0.000138 0.000000
26.000000 26066.944000 -0.001663 0.000138 0.000000
27.000000 26066.944000 -0.001665 0.000137 0.000000
28.000000 26075.136000 -0.001666 0.000139 0.000000
29.000000 26054.656000 -0.001651 0.000140 0.000000
30.000000 26038.272000 -0.001627 0.000142 0.000000
31.000000 26079.232000 -0.001655 0.000141 0.000000
32.000000 26017.792000 -0.001645 0.000140 0.000000
33.000000 26083.328000 -0.001654 0.000139 0.000000
34.000000 25989.120000 -0.001659 0.000140 0.000000
35.000000 26071.040000 -0.001657 0.000140 0.000000
36.000000 26087.424000 -0.001669 0.000138 0.000000
37.000000 26083.328000 -0.001659 0.000140 0.000000
38.000000 25976.832000 -0.001656 0.000140 0.000000
39.000000 26103.808000 -0.001667 0.000140 0.000000
40.000000 26120.192000 -0.001647 0.000141 0.000000
41.000000 26112.000000 -0.001671 0.000140 0.000000
42.000000 26112.000000 -0.001688 0.000138 0.000000
43.000000 26079.232000 -0.001667 0.000141 0.000000
44.000000 26075.136000 -0.001670 0.000140 0.000000
45.000000 26062.848000 -0.001680 0.000140 0.000000
46.000000 26066.944000 -0.001672 0.000142 0.000000
47.000000 25858.048000 -0.001674 0.000139 0.000000
48.000000 26009.600000 -0.001675 0.000141 0.000000
49.000000 26005.504000 -0.001698 0.000138 0.000000
50.000000 26025.984000 -0.001681 0.000140 0.000000
51.000000 26021.888000 -0.001691 0.000140 0.000000
52.000000 26021.888000 -0.001674 0.000140 0.000000
53.000000 26021.888000 -0.001677 0.000140 0.000000
54.000000 26001.408000 -0.001678 0.000142 0.000000
55.000000 26009.600000 -0.001680 0.000142 0.000000
56.000000 26030.080000 -0.001699 0.000139 0.000000
57.000000 26009.600000 -0.001693 0.000139 0.000000
58.000000 26013.696000 -0.001713 0.000139 0.000000
59.000000 26009.600000 -0.001693 0.000140 0.000000
60.000000 26083.328000 -0.001692 0.000141 0.000000
61.000000 25976.832000 -0.001685 0.000140 0.000000
62.000000 26075.136000 -0.001691 0.000141 0.000000
63.000000 26030.080000 -0.001709 0.000138 0.000000
64.000000 26005.504000 -0.001714 0.000139 0.000000
65.000000 26075.136000 -0.001696 0.000140 0.000000
66.000000 26095.616000 -0.001701 0.000140 0.000000
67.000000 26091.520000 -0.001706 0.000140 0.000000
68.000000 26095.616000 -0.001688 0.000142 0.000000
69.000000 26071.040000 -0.001713 0.000140 0.000000
70.000000 26132.480000 -0.001680 0.000143 0.000000
71.000000 26120.192000 -0.001709 0.000141 0.000000
72.000000 26075.136000 -0.001701 0.000142 0.000000
73.000000 26099.712000 -0.001727 0.000140 0.000000
74.000000 26091.520000 -0.001714 0.000139 0.000000
75.000000 26103.808000 -0.001719 0.000142 0.000000
76.000000 26062.848000 -0.001737 0.000139 0.000000
77.000000 26071.040000 -0.001716 0.000139 0.000000
78.000000 26030.080000 -0.001108 0.000155 0.000000
79.000000 26071.040000 -0.001728 0.000139 0.000000
80.000000 26062.848000 -0.001730 0.000140 0.000000
81.000000 26066.944000 -0.001754 0.000137 0.000000
82.000000 26066.944000 -0.001735 0.000139 0.000000
83.000000 26095.616000 -0.001743 0.000138 0.000000
84.000000 26054.656000 -0.001747 0.000138 0.000000
85.000000 26062.848000 -0.001731 0.000140 0.000000
86.000000 26075.136000 -0.001739 0.000139 0.000000
87.000000 26079.232000 -0.001744 0.000139 0.000000
88.000000 26079.232000 -0.001749 0.000136 0.000000
89.000000 26066.944000 -0.001753 0.000139 0.000000
90.000000 26091.520000 -0.001700 0.000142 0.000000
91.000000 26050.560000 -0.001730 0.000142 0.000000
92.000000 26087.424000 -0.001731 0.000139 0.000000
93.000000 26095.616000 -0.001757 0.000139 0.000000
94.000000 25985.024000 -0.001769 0.000136 0.000000
95.000000 26075.136000 -0.001759 0.000138 0.000000
96.000000 26083.328000 -0.001746 0.000139 0.000000
97.000000 26116.096000 -0.001719 0.000141 0.000000
98.000000 26124.288000 -0.001744 0.000140 0.000000
99.000000 26083.328000 -0.001766 0.000139 0.000000
100.000000 26116.096000 -0.001754 0.000139 0.000000
101.000000 26116.096000 -0.001774 0.000138 0.000000
102.000000 26099.712000 -0.001772 0.000138 0.000000
103.000000 26087.424000 -0.001759 0.000139 0.000000
104.000000 26087.424000 -0.001757 0.000139 0.000000
105.000000 26112.000000 -0.001751 0.000141 0.000000
106.000000 26120.192000 -0.001771 0.000140 0.000000
107.000000 26066.944000 -0.001774 0.000138 0.000000
108.000000 26066.944000 -0.001752 0.000140 0.000000
109.000000 25997.312000 -0.001779 0.000138 0.000000
110.000000 26075.136000 -0.001769 0.000139 0.000000
111.000000 26083.328000 -0.001754 0.000140 0.000000
112.000000 26062.848000 -0.001778 0.000139 0.000000
113.000000 26099.712000 -0.001773 0.000139 0.000000
114.000000 26087.424000 -0.001790 0.000138 0.000000
115.000000 26079.232000 -0.001786 0.000140 0.000000
116.000000 26066.944000 -0.001786 0.000139 0.000000
117.000000 26095.616000 -0.001781 0.000140 0.000000
118.000000 26083.328000 -0.001786 0.000139 0.000000
119.000000 26050.560000 -0.001792 0.000137 0.000000
120.000000 26062.848000 -0.001779 0.000141 0.000000
121.000000 26091.520000 -0.001775 0.000140 0.000000
122.000000 26087.424000 -0.001789 0.000140 0.000000
123.000000 26095.616000 -0.001790 0.000141 0.000000
124.000000 25980.928000 -0.001769 0.000140 0.000000
125.000000 26083.328000 -0.001789 0.000140 0.000000
126.000000 26120.192000 -0.001794 0.000139 0.000000
127.000000 26079.232000 -0.001778 0.000140 0.000000
128.000000 26120.192000 -0.001786 0.000140 0.000000
129.000000 26066.944000 -0.001785 0.000140 0.000000
130.000000 26120.192000 -0.001814 0.000138 0.000000
131.000000 26095.616000 -0.001801 0.000139 0.000000
132.000000 26075.136000 -0.001796 0.000140 0.000000
133.000000 26107.904000 -0.001816 0.000138 0.000000
134.000000 26079.232000 -0.001806 0.000139 0.000000
135.000000 26107.904000 -0.001798 0.000140 0.000000
136.000000 26087.424000 -0.001815 0.000139 0.000000
137.000000 26099.712000 -0.001816 0.000139 0.000000
138.000000 26091.520000 -0.001793 0.000141 0.000000
139.000000 26058.752000 -0.001812 0.000138 0.000000
140.000000 25665.536000 -0.001067 0.000160 87.000000
141.000000 26083.328000 -0.001809 0.000139 0.000000
142.000000 26075.136000 -0.001796 0.000140 0.000000
143.000000 26071.040000 -0.001807 0.000141 0.000000
144.000000 26095.616000 -0.001794 0.000142 0.000000
145.000000 26091.520000 -0.001806 0.000143 0.000000
146.000000 26079.232000 -0.001836 0.000138 0.000000
147.000000 26083.328000 -0.001829 0.000139 0.000000
148.000000 26075.136000 -0.001828 0.000139 0.000000
149.000000 26054.656000 -0.001803 0.000140 0.000000
150.000000 21286.912000 0.001618 0.000213 1173.000000
151.000000 26083.328000 -0.001834 0.000137 0.000000
152.000000 26091.520000 -0.001779 0.000142 0.000000
153.000000 26058.752000 -0.001815 0.000141 0.000000
154.000000 26062.848000 -0.001820 0.000139 0.000000
155.000000 25964.544000 -0.001801 0.000142 0.000000
156.000000 26120.192000 -0.001830 0.000139 0.000000
157.000000 26099.712000 -0.001834 0.000139 0.000000
158.000000 26103.808000 -0.001842 0.000139 0.000000
159.000000 26087.424000 -0.001854 0.000137 0.000000
160.000000 26124.288000 -0.001824 0.000140 0.000000
161.000000 26103.808000 -0.001854 0.000138 0.000000
162.000000 26095.616000 -0.001837 0.000138 0.000000
163.000000 26095.616000 -0.001869 0.000137 0.000000
164.000000 26071.040000 -0.001851 0.000138 0.000000
165.000000 26107.904000 -0.001869 0.000136 0.000000
166.000000 26112.000000 -0.001845 0.000141 0.000000
167.000000 26095.616000 -0.001832 0.000140 0.000000
168.000000 26079.232000 -0.001844 0.000140 0.000000
169.000000 26079.232000 -0.001853 0.000141 0.000000
170.000000 26083.328000 -0.001840 0.000142 0.000000
171.000000 26025.984000 -0.001844 0.000139 0.000000
172.000000 26075.136000 -0.001843 0.000140 0.000000
173.000000 26083.328000 -0.001828 0.000140 0.000000
174.000000 26062.848000 -0.001837 0.000141 0.000000
175.000000 25866.240000 -0.001608 0.000146 56.000000
176.000000 26083.328000 -0.001873 0.000139 0.000000
177.000000 26046.464000 -0.001858 0.000139 0.000000
178.000000 26091.520000 -0.001861 0.000140 0.000000
179.000000 26062.848000 -0.001863 0.000139 0.000000
180.000000 26079.232000 -0.001852 0.000140 0.000000
181.000000 26079.232000 -0.001855 0.000142 0.000000
182.000000 26075.136000 -0.001854 0.000140 0.000000
183.000000 26095.616000 -0.001865 0.000139 0.000000
184.000000 26071.040000 -0.001859 0.000139 0.000000
185.000000 25989.120000 -0.001865 0.000139 0.000000
186.000000 26071.040000 -0.001872 0.000139 0.000000
187.000000 26107.904000 -0.001876 0.000141 0.000000
188.000000 26095.616000 -0.001879 0.000139 0.000000
189.000000 26091.520000 -0.001880 0.000138 0.000000
190.000000 26120.192000 -0.001877 0.000139 0.000000
191.000000 26095.616000 -0.001875 0.000140 0.000000
192.000000 26079.232000 -0.001865 0.000139 0.000000
193.000000 26091.520000 -0.001852 0.000140 0.000000
194.000000 26058.752000 -0.001863 0.000140 0.000000
195.000000 26128.384000 -0.001853 0.000141 0.000000
196.000000 26079.232000 -0.001878 0.000139 0.000000
197.000000 26103.808000 -0.001872 0.000141 0.000000
198.000000 26099.712000 -0.001891 0.000139 0.000000
199.000000 26062.848000 -0.001880 0.000138 0.000000
200.000000 25817.088000 -0.001405 0.000152 0.000000
201.000000 26210.304000 -0.001864 0.000139 0.000000
202.000000 26038.272000 -0.001886 0.000140 0.000000
203.000000 26083.328000 -0.001900 0.000138 0.000000
204.000000 26087.424000 -0.001904 0.000137 0.000000
205.000000 26095.616000 -0.001887 0.000141 0.000000
206.000000 26112.000000 -0.001910 0.000136 0.000000
207.000000 26095.616000 -0.001899 0.000138 0.000000
208.000000 26079.232000 -0.001909 0.000137 0.000000
209.000000 26071.040000 -0.001894 0.000141 0.000000
210.000000 26091.520000 -0.001891 0.000138 0.000000
211.000000 26099.712000 -0.001904 0.000139 0.000000
212.000000 26091.520000 -0.001910 0.000139 0.000000
213.000000 26107.904000 -0.001904 0.000139 0.000000
214.000000 26062.848000 -0.001886 0.000140 0.000000
215.000000 25980.928000 -0.001883 0.000141 0.000000
216.000000 26112.000000 -0.001897 0.000141 0.000000
217.000000 26062.848000 -0.001916 0.000139 0.000000
218.000000 26124.288000 -0.001916 0.000138 0.000000
219.000000 26112.000000 -0.001922 0.000139 0.000000
220.000000 26116.096000 -0.001902 0.000139 0.000000
221.000000 26103.808000 -0.001919 0.000139 0.000000
222.000000 26091.520000 -0.001927 0.000138 0.000000
223.000000 26095.616000 -0.001924 0.000137 0.000000
224.000000 26087.424000 -0.001905 0.000140 0.000000
225.000000 26062.848000 -0.001885 0.000140 0.000000
226.000000 26066.944000 -0.001905 0.000140 0.000000
227.000000 26054.656000 -0.001901 0.000140 0.000000
228.000000 26050.560000 -0.001933 0.000137 0.000000
229.000000 25985.024000 -0.001904 0.000139 0.000000
230.000000 26099.712000 -0.001932 0.000137 0.000000
231.000000 26087.424000 -0.001909 0.000140 0.000000
232.000000 26054.656000 -0.001925 0.000140 0.000000
233.000000 26034.176000 -0.001914 0.000139 0.000000
234.000000 26075.136000 -0.001918 0.000139 0.000000
235.000000 25972.736000 -0.001937 0.000138 0.000000
236.000000 26107.904000 -0.001934 0.000139 0.000000
237.000000 26095.616000 -0.001912 0.000141 0.000000
238.000000 26107.904000 -0.001927 0.000139 0.000000
239.000000 26083.328000 -0.001922 0.000140 0.000000
240.000000 26095.616000 -0.001933 0.000138 0.000000
241.000000 26095.616000 -0.001929 0.000139 0.000000
242.000000 26087.424000 -0.001924 0.000139 0.000000
243.000000 26103.808000 -0.001932 0.000140 0.000000
244.000000 26083.328000 -0.001939 0.000140 0.000000
245.000000 26017.792000 -0.001931 0.000139 0.000000
246.000000 26071.040000 -0.001936 0.000141 0.000000
247.000000 26062.848000 -0.001942 0.000139 0.000000
248.000000 26017.792000 -0.001945 0.000139 0.000000
249.000000 25997.312000 -0.001935 0.000139 0.000000
250.000000 26103.808000 -0.001945 0.000138 0.000000
251.000000 26075.136000 -0.001957 0.000138 0.000000
252.000000 26071.040000 -0.001954 0.000139 0.000000
253.000000 26021.888000 -0.001931 0.000142 0.000000
254.000000 26079.232000 -0.001950 0.000138 0.000000
255.000000 26087.424000 -0.001937 0.000139 0.000000
256.000000 26099.712000 -0.001959 0.000138 0.000000
257.000000 26116.096000 -0.001953 0.000140 0.000000
258.000000 26116.096000 -0.001949 0.000140 0.000000
259.000000 26095.616000 -0.001963 0.000138 0.000000
260.000000 26091.520000 -0.001333 0.000155 0.000000
261.000000 26087.424000 -0.001765 0.000144 0.000000
262.000000 26091.520000 -0.001961 0.000139 0.000000
263.000000 26050.560000 -0.001958 0.000139 0.000000
264.000000 26066.944000 -0.001966 0.000139 0.000000
265.000000 26095.616000 -0.001964 0.000139 0.000000
266.000000 26091.520000 -0.001955 0.000138 0.000000
267.000000 26107.904000 -0.001970 0.000139 0.000000
268.000000 26087.424000 -0.001943 0.000141 0.000000
269.000000 26083.328000 -0.001967 0.000139 0.000000
270.000000 26095.616000 -0.001965 0.000139 0.000000
271.000000 26099.712000 -0.001963 0.000140 0.000000
272.000000 26091.520000 -0.001983 0.000139 0.000000
273.000000 26103.808000 -0.001972 0.000139 0.000000
274.000000 26079.232000 -0.001939 0.000141 0.000000
275.000000 25993.216000 -0.001933 0.000143 0.000000
276.000000 26124.288000 -0.001963 0.000140 0.000000
277.000000 26132.480000 -0.001989 0.000138 0.000000
278.000000 26128.384000 -0.001965 0.000142 0.000000
279.000000 26066.944000 -0.001983 0.000140 0.000000
280.000000 26095.616000 -0.001987 0.000139 0.000000
281.000000 26091.520000 -0.001984 0.000140 0.000000
282.000000 25976.832000 -0.001983 0.000139 0.000000
283.000000 26030.080000 -0.001995 0.000139 0.000000
284.000000 26017.792000 -0.001990 0.000137 0.000000
285.000000 26050.560000 -0.001988 0.000138 0.000000
286.000000 26042.368000 -0.001979 0.000139 0.000000
287.000000 26034.176000 -0.001979 0.000139 0.000000
288.000000 26079.232000 -0.001993 0.000140 0.000000
289.000000 26046.464000 -0.001983 0.000140 0.000000
290.000000 26058.752000 -0.001988 0.000138 0.000000
291.000000 26054.656000 -0.001978 0.000141 0.000000
292.000000 26030.080000 -0.001973 0.000142 0.000000
293.000000 26062.848000 -0.001982 0.000141 0.000000
294.000000 25972.736000 -0.001999 0.000140 0.000000
295.000000 26050.560000 -0.001989 0.000138 0.000000
296.000000 26066.944000 -0.001987 0.000138 0.000000
297.000000 26038.272000 -0.001985 0.000141 0.000000
298.000000 26054.656000 -0.001997 0.000140 0.000000
299.000000 26030.080000 -0.001994 0.000140 0.000000
300.000000 25772.032000 -0.001719 0.000146 67.000000
301.000000 26054.656000 -0.001990 0.000140 0.000000
302.000000 26054.656000 -0.002001 0.000138 0.000000
303.000000 26062.848000 -0.002001 0.000140 0.000000
304.000000 26054.656000 -0.002004 0.000139 0.000000
305.000000 25964.544000 -0.002010 0.000138 0.000000
306.000000 26079.232000 -0.001989 0.000141 0.000000
307.000000 26071.040000 -0.002020 0.000138 0.000000
308.000000 26079.232000 -0.002018 0.000139 0.000000
309.000000 26054.656000 -0.002007 0.000139 0.000000
310.000000 25972.736000 -0.001998 0.000140 0.000000
311.000000 26025.984000 -0.002016 0.000140 0.000000
312.000000 26030.080000 -0.002021 0.000138 0.000000
313.000000 26046.464000 -0.002022 0.000138 0.000000
314.000000 26050.560000 -0.001995 0.000141 0.000000
315.000000 26038.272000 -0.002007 0.000140 0.000000
316.000000 26042.368000 -0.002010 0.000140 0.000000
317.000000 26042.368000 -0.002003 0.000141 0.000000
318.000000 26058.752000 -0.001994 0.000143 0.000000
319.000000 26013.696000 -0.002021 0.000139 0.000000
320.000000 25972.736000 -0.001501 0.000153 0.000000
321.000000 26112.000000 -0.001760 0.000147 0.000000
322.000000 26054.656000 -0.002037 0.000139 0.000000
323.000000 26075.136000 -0.002015 0.000140 0.000000
324.000000 26034.176000 -0.002039 0.000137 0.000000
325.000000 26009.600000 -0.002035 0.000139 0.000000
326.000000 26062.848000 -0.002032 0.000139 0.000000
327.000000 26054.656000 -0.002025 0.000141 0.000000
328.000000 26050.560000 -0.002029 0.000139 0.000000
329.000000 26042.368000 -0.002033 0.000140 0.000000
330.000000 26050.560000 -0.002012 0.000141 0.000000
331.000000 26054.656000 -0.002030 0.000139 0.000000
332.000000 26050.560000 -0.002041 0.000140 0.000000
333.000000 26054.656000 -0.002040 0.000138 0.000000
334.000000 26042.368000 -0.002037 0.000138 0.000000
335.000000 25960.448000 -0.002028 0.000140 0.000000
336.000000 26038.272000 -0.002039 0.000138 0.000000
337.000000 26042.368000 -0.002019 0.000141 0.000000
338.000000 26050.560000 -0.002038 0.000139 0.000000
339.000000 26046.464000 -0.002045 0.000139 0.000000
340.000000 25997.312000 -0.002034 0.000138 0.000000
341.000000 25964.544000 -0.002035 0.000138 0.000000
342.000000 26017.792000 -0.002022 0.000140 0.000000
343.000000 26013.696000 -0.002021 0.000140 0.000000
344.000000 25972.736000 -0.002030 0.000139 0.000000
345.000000 26062.848000 -0.002017 0.000140 0.000000
346.000000 25985.024000 -0.002039 0.000140 0.000000
347.000000 25939.968000 -0.002018 0.000140 0.000000
348.000000 26038.272000 -0.002041 0.000138 0.000000
349.000000 26034.176000 -0.002023 0.000140 0.000000
350.000000 26046.464000 -0.002031 0.000141 0.000000
351.000000 26058.752000 -0.002032 0.000141 0.000000
352.000000 26030.080000 -0.002020 0.000140 0.000000
353.000000 26046.464000 -0.002020 0.000141 0.000000
354.000000 26009.600000 -0.002020 0.000139 0.000000
355.000000 26042.368000 -0.002034 0.000140 0.000000
356.000000 26058.752000 -0.002032 0.000139 0.000000
357.000000 26087.424000 -0.002022 0.000140 0.000000
358.000000 26099.712000 -0.002043 0.000138 0.000000
359.000000 26087.424000 -0.002019 0.000139 0.000000
360.000000 26099.712000 -0.002009 0.000140 0.000000
361.000000 26091.520000 -0.002023 0.000140 0.000000
362.000000 26095.616000 -0.002017 0.000141 0.000000
363.000000 26103.808000 -0.002037 0.000141 0.000000
364.000000 26091.520000 -0.002039 0.000139 0.000000
365.000000 25972.736000 -0.002028 0.000139 0.000000
366.000000 26120.192000 -0.002015 0.000140 0.000000
367.000000 26087.424000 -0.002031 0.000140 0.000000
368.000000 26095.616000 -0.002019 0.000141 0.000000
369.000000 26046.464000 -0.002029 0.000140 0.000000
370.000000 26038.272000 -0.002006 0.000143 0.000000
371.000000 26050.560000 -0.002035 0.000140 0.000000
372.000000 25993.216000 -0.002030 0.000139 0.000000
373.000000 26058.752000 -0.002032 0.000137 0.000000
374.000000 26046.464000 -0.002030 0.000140 0.000000
375.000000 26058.752000 -0.001979 0.000143 0.000000
376.000000 26079.232000 -0.002024 0.000139 0.000000
377.000000 26083.328000 -0.002022 0.000140 0.000000
378.000000 26091.520000 -0.002034 0.000139 0.000000
379.000000 25960.448000 -0.002026 0.000140 0.000000
380.000000 26046.464000 -0.002013 0.000141 0.000000
381.000000 26066.944000 -0.002013 0.000141 0.000000
382.000000 26038.272000 -0.001264 0.000160 0.000000
383.000000 26054.656000 -0.002037 0.000138 0.000000
384.000000 26038.272000 -0.002042 0.000138 0.000000
385.000000 26046.464000 -0.002026 0.000140 0.000000
386.000000 26054.656000 -0.002036 0.000137 0.000000
387.000000 26009.600000 -0.002030 0.000138 0.000000
388.000000 26050.560000 -0.002027 0.000139 0.000000
389.000000 26034.176000 -0.002034 0.000138 0.000000
390.000000 26050.560000 -0.002024 0.000137 0.000000
391.000000 26071.040000 -0.002021 0.000139 0.000000
392.000000 26050.560000 -0.002016 0.000141 0.000000
393.000000 26054.656000 -0.002040 0.000136 0.000000
394.000000 26005.504000 -0.002024 0.000140 0.000000
395.000000 25985.024000 -0.002015 0.000141 0.000000
396.000000 26087.424000 -0.002026 0.000140 0.000000
397.000000 26103.808000 -0.002014 0.000141 0.000000
398.000000 26103.808000 -0.001978 0.000142 0.000000
399.000000 26058.752000 -0.002036 0.000140 0.000000
400.000000 26046.464000 -0.002019 0.000142 0.000000
401.000000 26058.752000 -0.002021 0.000141 0.000000
402.000000 26009.600000 -0.002022 0.000140 0.000000
403.000000 26066.944000 -0.001998 0.000142 0.000000
404.000000 26058.752000 -0.002052 0.000137 0.000000
405.000000 26071.040000 -0.002025 0.000139 0.000000
406.000000 26087.424000 -0.002016 0.000140 0.000000
407.000000 26087.424000 -0.002025 0.000140 0.000000
408.000000 26083.328000 -0.002036 0.000139 0.000000
409.000000 26071.040000 -0.002015 0.000141 0.000000
410.000000 26075.136000 -0.002018 0.000140 0.000000
411.000000 26075.136000 -0.002028 0.000139 0.000000
412.000000 26071.040000 -0.002006 0.000142 0.000000
413.000000 26066.944000 -0.002003 0.000141 0.000000
414.000000 26079.232000 -0.002014 0.000140 0.000000
415.000000 26091.520000 -0.002015 0.000141 0.000000
416.000000 26087.424000 -0.002011 0.000140 0.000000
417.000000 26091.520000 -0.002007 0.000142 0.000000
418.000000 26034.176000 -0.002015 0.000140 0.000000
419.000000 26075.136000 -0.002038 0.000138 0.000000
420.000000 26075.136000 -0.002011 0.000141 0.000000
421.000000 26116.096000 -0.002017 0.000140 0.000000
422.000000 26066.944000 -0.002014 0.000141 0.000000
423.000000 26107.904000 -0.002004 0.000143 0.000000
424.000000 26075.136000 -0.002002 0.000143 0.000000
425.000000 26017.792000 -0.002004 0.000140 0.000000
426.000000 26103.808000 -0.002003 0.000143 0.000000
427.000000 26107.904000 -0.002017 0.000140 0.000000
428.000000 26095.616000 -0.002014 0.000140 0.000000
429.000000 26017.792000 -0.002011 0.000140 0.000000
430.000000 26046.464000 -0.002007 0.000141 0.000000
431.000000 26042.368000 -0.002027 0.000139 0.000000
432.000000 26013.696000 -0.002008 0.000140 0.000000
433.000000 26050.560000 -0.002018 0.000141 0.000000
434.000000 26009.600000 -0.001999 0.000142 0.000000
435.000000 26066.944000 -0.001976 0.000142 0.000000
436.000000 26050.560000 -0.002014 0.000139 0.000000
437.000000 26075.136000 -0.002000 0.000141 0.000000
438.000000 26087.424000 -0.002029 0.000138 0.000000
439.000000 26071.040000 -0.002033 0.000140 0.000000
440.000000 26066.944000 -0.002008 0.000141 0.000000
441.000000 26083.328000 -0.002027 0.000139 0.000000
442.000000 26058.752000 -0.001806 0.000149 0.000000
443.000000 26095.616000 -0.001851 0.000145 0.000000
444.000000 26062.848000 -0.002017 0.000140 0.000000
445.000000 26079.232000 -0.002043 0.000137 0.000000
446.000000 26112.000000 -0.002020 0.000138 0.000000
447.000000 26099.712000 -0.002030 0.000138 0.000000
448.000000 26095.616000 -0.002041 0.000138 0.000000
449.000000 26021.888000 -0.002021 0.000139 0.000000
450.000000 25878.528000 -0.001765 0.000146 56.000000
451.000000 26112.000000 -0.002026 0.000139 0.000000
452.000000 26099.712000 -0.002008 0.000140 0.000000
453.000000 26095.616000 -0.002023 0.000140 0.000000
454.000000 26095.616000 -0.002029 0.000139 0.000000
455.000000 26021.888000 -0.002016 0.000139 0.000000
456.000000 26095.616000 -0.002019 0.000139 0.000000
457.000000 25935.872000 -0.002003 0.000141 0.000000
458.000000 25993.216000 -0.001990 0.000143 0.000000
459.000000 25956.352000 -0.002003 0.000140 0.000000
460.000000 25993.216000 -0.001911 0.000147 0.000000
461.000000 26017.792000 -0.002014 0.000142 0.000000
462.000000 26025.984000 -0.002019 0.000140 0.000000
463.000000 26042.368000 -0.002026 0.000140 0.000000
464.000000 25960.448000 -0.002008 0.000141 0.000000
465.000000 26025.984000 -0.002028 0.000138 0.000000
466.000000 26054.656000 -0.002026 0.000138 0.000000
467.000000 26054.656000 -0.002015 0.000140 0.000000
468.000000 26054.656000 -0.002019 0.000138 0.000000
469.000000 26046.464000 -0.002028 0.000138 0.000000
470.000000 26058.752000 -0.002012 0.000140 0.000000
471.000000 26075.136000 -0.002015 0.000139 0.000000
472.000000 26054.656000 -0.002008 0.000139 0.000000
473.000000 26099.712000 -0.001996 0.000142 0.000000
474.000000 26075.136000 -0.002018 0.000139 0.000000
475.000000 26095.616000 -0.002010 0.000140 0.000000
476.000000 26091.520000 -0.002019 0.000140 0.000000
477.000000 26087.424000 -0.002004 0.000142 0.000000
478.000000 26107.904000 -0.002011 0.000141 0.000000
479.000000 26075.136000 -0.002004 0.000142 0.000000
480.000000 26058.752000 -0.002003 0.000141 0.000000
481.000000 26103.808000 -0.002003 0.000141 0.000000
482.000000 26099.712000 -0.002015 0.000141 0.000000
483.000000 26120.192000 -0.002000 0.000141 0.000000
484.000000 26095.616000 -0.002026 0.000139 0.000000
485.000000 25808.896000 -0.001773 0.000147 44.000000
486.000000 25952.256000 -0.001999 0.000139 0.000000
487.000000 26112.000000 -0.002009 0.000140 0.000000
488.000000 26042.368000 -0.002009 0.000140 0.000000
489.000000 26034.176000 -0.001992 0.000141 0.000000
490.000000 25825.280000 -0.001996 0.000141 0.000000
491.000000 26046.464000 -0.002008 0.000140 0.000000
492.000000 26021.888000 -0.002015 0.000141 0.000000
493.000000 25890.816000 -0.002028 0.000137 0.000000
494.000000 25985.024000 -0.002003 0.000140 0.000000
495.000000 25976.832000 -0.002000 0.000141 0.000000
496.000000 26013.696000 -0.001981 0.000142 0.000000
497.000000 26030.080000 -0.001989 0.000140 0.000000
498.000000 26025.984000 -0.002017 0.000139 0.000000
499.000000 25976.832000 -0.001991 0.000141 0.000000
