0.000000 61894.656000 0.002670 0.000095 0.000000
1.000000 61317.120000 0.002597 0.000095 0.000000
2.000000 61681.664000 0.002609 0.000095 0.000000
3.000000 61583.360000 0.002680 0.000096 0.000000
4.000000 61345.792000 0.002680 0.000096 0.000000
5.000000 61816.832000 0.002607 0.000095 0.000000
6.000000 61739.008000 0.002596 0.000095 0.000000
7.000000 61706.240000 0.002970 0.000096 0.000000
8.000000 61632.512000 0.002616 0.000095 0.000000
9.000000 58540.032000 0.002609 0.000095 0.000000
10.000000 61898.752000 0.002612 0.000095 0.000000
11.000000 61968.384000 0.002598 0.000094 0.000000
12.000000 61956.096000 0.002607 0.000095 0.000000
13.000000 61730.816000 0.002606 0.000095 0.000000
14.000000 61714.432000 0.002602 0.000095 0.000000
15.000000 61440.000000 0.002602 0.000096 0.000000
16.000000 61607.936000 0.002636 0.000095 0.000000
17.000000 61288.448000 0.002604 0.000096 0.000000
18.000000 61296.640000 0.002603 0.000095 0.000000
19.000000 61628.416000 0.002587 0.000095 0.000000
20.000000 61538.304000 0.002583 0.000095 0.000000
21.000000 61755.392000 0.002582 0.000095 0.000000
22.000000 61788.160000 0.002585 0.000095 0.000000
23.000000 61657.088000 0.002594 0.000095 0.000000
24.000000 61493.248000 0.002579 0.000095 0.000000
25.000000 61710.336000 0.002587 0.000095 0.000000
26.000000 61620.224000 0.002586 0.000095 0.000000
27.000000 62357.504000 0.002584 0.000094 0.000000
28.000000 62205.952000 0.002583 0.000094 0.000000
29.000000 61865.984000 0.002589 0.000095 0.000000
30.000000 61415.424000 0.002580 0.000095 0.000000
31.000000 61808.640000 0.002597 0.000096 0.000000
32.000000 61960.192000 0.002584 0.000095 0.000000
33.000000 61382.656000 0.002581 0.000096 0.000000
34.000000 57827.328000 0.002594 0.000096 0.000000
35.000000 61734.912000 0.002583 0.000095 0.000000
36.000000 61661.184000 0.002583 0.000095 0.000000
37.000000 61689.856000 0.002584 0.000095 0.000000
38.000000 61882.368000 0.002586 0.000095 0.000000
39.000000 61681.664000 0.002581 0.000095 0.000000
40.000000 61734.912000 0.002573 0.000095 0.000000
41.000000 59289.600000 0.002585 0.000095 0.000000
42.000000 61693.952000 0.002581 0.000095 0.000000
43.000000 61620.224000 0.002585 0.000095 0.000000
44.000000 61292.544000 0.002595 0.000095 0.000000
45.000000 61403.136000 0.002587 0.000095 0.000000
46.000000 61358.080000 0.002594 0.000096 0.000000
47.000000 61542.400000 0.002603 0.000095 0.000000
48.000000 61526.016000 0.002592 0.000095 0.000000
49.000000 61493.248000 0.002578 0.000095 0.000000
50.000000 61485.056000 0.002577 0.000095 0.000000
51.000000 61652.992000 0.002575 0.000095 0.000000
52.000000 61652.992000 0.002584 0.000095 0.000000
53.000000 61304.832000 0.002583 0.000096 0.000000
54.000000 61362.176000 0.002579 0.000095 0.000000
55.000000 61448.192000 0.002578 0.000095 0.000000
56.000000 61390.848000 0.002574 0.000096 0.000000
57.000000 61358.080000 0.002578 0.000096 0.000000
58.000000 61562.880000 0.002568 0.000095 0.000000
59.000000 61571.072000 0.002574 0.000095 0.000000
60.000000 61657.088000 0.002588 0.000095 0.000000
61.000000 61685.760000 0.002594 0.000096 0.000000
62.000000 57008.128000 0.003142 0.000107 1173.000000
63.000000 61730.816000 0.002577 0.000095 0.000000
64.000000 61751.296000 0.002572 0.000095 0.000000
65.000000 61583.360000 0.002981 0.000096 0.000000
66.000000 62181.376000 0.002611 0.000094 0.000000
67.000000 62156.800000 0.002599 0.000095 0.000000
68.000000 61739.008000 0.002729 0.000096 0.000000
69.000000 61997.056000 0.002626 0.000095 0.000000
70.000000 61931.520000 0.002582 0.000095 0.000000
71.000000 61710.336000 0.002585 0.000095 0.000000
72.000000 61833.216000 0.002579 0.000095 0.000000
73.000000 62066.688000 0.002573 0.000095 0.000000
74.000000 61923.328000 0.002572 0.000095 0.000000
75.000000 61964.288000 0.002585 0.000094 0.000000
76.000000 61661.184000 0.002568 0.000095 0.000000
77.000000 61509.632000 0.002748 0.000095 0.000000
78.000000 61513.728000 0.002567 0.000095 0.000000
79.000000 60747.776000 0.002570 0.000095 0.000000
80.000000 61599.744000 0.002577 0.000096 0.000000
81.000000 61579.264000 0.002569 0.000095 0.000000
82.000000 61722.624000 0.002576 0.000095 0.000000
83.000000 61751.296000 0.002572 0.000095 0.000000
84.000000 61788.160000 0.002567 0.000095 0.000000
85.000000 61665.280000 0.002580 0.000095 0.000000
86.000000 62074.880000 0.002620 0.000095 0.000000
87.000000 61681.664000 0.002570 0.000095 0.000000
88.000000 61743.104000 0.002585 0.000095 0.000000
89.000000 61743.104000 0.002574 0.000095 0.000000
90.000000 61652.992000 0.002588 0.000095 0.000000
91.000000 61853.696000 0.002606 0.000095 0.000000
92.000000 61669.376000 0.002613 0.000096 0.000000
93.000000 61706.240000 0.002577 0.000095 0.000000
94.000000 61726.720000 0.002572 0.000095 0.000000
95.000000 61779.968000 0.002573 0.000095 0.000000
96.000000 61739.008000 0.002576 0.000095 0.000000
97.000000 61919.232000 0.002568 0.000095 0.000000
98.000000 61726.720000 0.002577 0.000095 0.000000
99.000000 61808.640000 0.002571 0.000095 0.000000
100.000000 61825.024000 0.002568 0.000095 0.000000
101.000000 61952.000000 0.002576 0.000095 0.000000
102.000000 61767.680000 0.002578 0.000095 0.000000
103.000000 61636.608000 0.002577 0.000095 0.000000
104.000000 61526.016000 0.002571 0.000095 0.000000
105.000000 61407.232000 0.002583 0.000095 0.000000
106.000000 61566.976000 0.002606 0.000096 0.000000
107.000000 57118.720000 0.002607 0.000095 0.000000
108.000000 61337.600000 0.002580 0.000096 0.000000
109.000000 61583.360000 0.002565 0.000095 0.000000
110.000000 61247.488000 0.002582 0.000095 0.000000
111.000000 61427.712000 0.002562 0.000096 0.000000
112.000000 61493.248000 0.002562 0.000095 0.000000
113.000000 61730.816000 0.002571 0.000095 0.000000
114.000000 61550.592000 0.002567 0.000096 0.000000
115.000000 61452.288000 0.002571 0.000095 0.000000
116.000000 61296.640000 0.002576 0.000095 0.000000
117.000000 61394.944000 0.002563 0.000096 0.000000
118.000000 61616.128000 0.002566 0.000095 0.000000
119.000000 61726.720000 0.002566 0.000095 0.000000
120.000000 61751.296000 0.002573 0.000095 0.000000
121.000000 61632.512000 0.002577 0.000095 0.000000
122.000000 61726.720000 0.002596 0.000095 0.000000
123.000000 61378.560000 0.002571 0.000095 0.000000
124.000000 58073.088000 0.002565 0.000095 0.000000
125.000000 61730.816000 0.002567 0.000095 0.000000
126.000000 61689.856000 0.002567 0.000095 0.000000
127.000000 61640.704000 0.002708 0.000096 0.000000
128.000000 61800.448000 0.002637 0.000095 0.000000
129.000000 61513.728000 0.002573 0.000095 0.000000
130.000000 61431.808000 0.002774 0.000096 0.000000
131.000000 62160.896000 0.002685 0.000095 0.000000
132.000000 61640.704000 0.002600 0.000095 0.000000
133.000000 61861.888000 0.002563 0.000095 0.000000
134.000000 61562.880000 0.002565 0.000095 0.000000
135.000000 61386.752000 0.002568 0.000096 0.000000
136.000000 61460.480000 0.002566 0.000095 0.000000
137.000000 61231.104000 0.002601 0.000096 0.000000
138.000000 61165.568000 0.002566 0.000096 0.000000
139.000000 61472.768000 0.002561 0.000095 0.000000
140.000000 61411.328000 0.002563 0.000096 0.000000
141.000000 61358.080000 0.002561 0.000095 0.000000
142.000000 61448.192000 0.002565 0.000095 0.000000
143.000000 61677.568000 0.002557 0.000095 0.000000
144.000000 61624.320000 0.002563 0.000095 0.000000
145.000000 61648.896000 0.002566 0.000095 0.000000
146.000000 61640.704000 0.002559 0.000095 0.000000
147.000000 61718.528000 0.002562 0.000095 0.000000
148.000000 61771.776000 0.002559 0.000095 0.000000
149.000000 61329.408000 0.002571 0.000095 0.000000
150.000000 61599.744000 0.002565 0.000096 0.000000
151.000000 61513.728000 0.002588 0.000095 0.000000
152.000000 61636.608000 0.002604 0.000096 0.000000
153.000000 61677.568000 0.002565 0.000096 0.000000
154.000000 61890.560000 0.002560 0.000095 0.000000
155.000000 61685.760000 0.002562 0.000095 0.000000
156.000000 61648.896000 0.002561 0.000095 0.000000
157.000000 61784.064000 0.002564 0.000095 0.000000
158.000000 61714.432000 0.002564 0.000095 0.000000
159.000000 61661.184000 0.002563 0.000095 0.000000
160.000000 61829.120000 0.002568 0.000095 0.000000
161.000000 61882.368000 0.002563 0.000095 0.000000
162.000000 61751.296000 0.002565 0.000095 0.000000
163.000000 61804.544000 0.002558 0.000095 0.000000
164.000000 61829.120000 0.002561 0.000095 0.000000
165.000000 61763.584000 0.002564 0.000095 0.000000
166.000000 61505.536000 0.002580 0.000096 0.000000
167.000000 61640.704000 0.002569 0.000095 0.000000
168.000000 60801.024000 0.002569 0.000095 0.000000
169.000000 60837.888000 0.002565 0.000095 0.000000
170.000000 61665.280000 0.002568 0.000095 0.000000
171.000000 61583.360000 0.002555 0.000095 0.000000
172.000000 61538.304000 0.002556 0.000095 0.000000
173.000000 61599.744000 0.002558 0.000095 0.000000
174.000000 61509.632000 0.002564 0.000096 0.000000
175.000000 61575.168000 0.002561 0.000095 0.000000
176.000000 61599.744000 0.002560 0.000095 0.000000
177.000000 61755.392000 0.002570 0.000095 0.000000
178.000000 61800.448000 0.002566 0.000095 0.000000
179.000000 61706.240000 0.002559 0.000095 0.000000
180.000000 61714.432000 0.002559 0.000095 0.000000
181.000000 61603.840000 0.002571 0.000095 0.000000
182.000000 61591.552000 0.002577 0.000095 0.000000
183.000000 61714.432000 0.002567 0.000095 0.000000
184.000000 61665.280000 0.002562 0.000095 0.000000
185.000000 61739.008000 0.002561 0.000095 0.000000
186.000000 61739.008000 0.002565 0.000095 0.000000
187.000000 61714.432000 0.002983 0.000096 0.000000
188.000000 61521.920000 0.002565 0.000095 0.000000
189.000000 61636.608000 0.002583 0.000095 0.000000
190.000000 61775.872000 0.002692 0.000096 0.000000
191.000000 61751.296000 0.002672 0.000096 0.000000
192.000000 61648.896000 0.002570 0.000095 0.000000
193.000000 61571.072000 0.002571 0.000095 0.000000
194.000000 61661.184000 0.002573 0.000095 0.000000
195.000000 61358.080000 0.002567 0.000095 0.000000
196.000000 61620.224000 0.002585 0.000095 0.000000
197.000000 61833.216000 0.003104 0.000096 0.000000
198.000000 60833.792000 0.002577 0.000096 0.000000
199.000000 60215.296000 0.002569 0.000095 0.000000
200.000000 61464.576000 0.002575 0.000095 0.000000
201.000000 61452.288000 0.002569 0.000095 0.000000
202.000000 61505.536000 0.002564 0.000095 0.000000
203.000000 61681.664000 0.002563 0.000095 0.000000
204.000000 61972.480000 0.002589 0.000095 0.000000
205.000000 61534.208000 0.002568 0.000095 0.000000
206.000000 61165.568000 0.002556 0.000096 0.000000
207.000000 61607.936000 0.002569 0.000095 0.000000
208.000000 61689.856000 0.002562 0.000095 0.000000
209.000000 61784.064000 0.002574 0.000095 0.000000
210.000000 62103.552000 0.002577 0.000095 0.000000
211.000000 61808.640000 0.002591 0.000095 0.000000
212.000000 61222.912000 0.002574 0.000096 0.000000
213.000000 61485.056000 0.002577 0.000096 0.000000
214.000000 61603.840000 0.002575 0.000095 0.000000
215.000000 61542.400000 0.002565 0.000095 0.000000
216.000000 61767.680000 0.002562 0.000095 0.000000
217.000000 61706.240000 0.002564 0.000095 0.000000
218.000000 61779.968000 0.002560 0.000095 0.000000
219.000000 58023.936000 0.002602 0.000094 0.000000
220.000000 61612.032000 0.002573 0.000095 0.000000
221.000000 61714.432000 0.002563 0.000095 0.000000
222.000000 61833.216000 0.002570 0.000095 0.000000
223.000000 61906.944000 0.002564 0.000095 0.000000
224.000000 61624.320000 0.002575 0.000095 0.000000
225.000000 61661.184000 0.002581 0.000095 0.000000
226.000000 61480.960000 0.002591 0.000096 0.000000
227.000000 61558.784000 0.002583 0.000095 0.000000
228.000000 61083.648000 0.002574 0.000096 0.000000
229.000000 61136.896000 0.002576 0.000095 0.000000
230.000000 61526.016000 0.002574 0.000095 0.000000
231.000000 61710.336000 0.002566 0.000095 0.000000
232.000000 61546.496000 0.002571 0.000095 0.000000
233.000000 61509.632000 0.002569 0.000095 0.000000
234.000000 61669.376000 0.002569 0.000095 0.000000
235.000000 62038.016000 0.002580 0.000095 0.000000
236.000000 62132.224000 0.002616 0.000095 0.000000
237.000000 61886.464000 0.002583 0.000095 0.000000
238.000000 61681.664000 0.002590 0.000095 0.000000
239.000000 61755.392000 0.002580 0.000095 0.000000
240.000000 62480.384000 0.002595 0.000094 0.000000
241.000000 62095.360000 0.002582 0.000094 0.000000
242.000000 61796.352000 0.002571 0.000095 0.000000
243.000000 61431.808000 0.002565 0.000095 0.000000
244.000000 61464.576000 0.002572 0.000095 0.000000
245.000000 61804.544000 0.002570 0.000095 0.000000
246.000000 61698.048000 0.002581 0.000095 0.000000
247.000000 61702.144000 0.002578 0.000095 0.000000
248.000000 61681.664000 0.002580 0.000095 0.000000
249.000000 61734.912000 0.002781 0.000096 0.000000
250.000000 61734.912000 0.002975 0.000096 0.000000
251.000000 61636.608000 0.002685 0.000096 0.000000
252.000000 61693.952000 0.002576 0.000095 0.000000
253.000000 61820.928000 0.002579 0.000095 0.000000
254.000000 61673.472000 0.002578 0.000095 0.000000
255.000000 63115.264000 0.002683 0.000094 0.000000
256.000000 61251.584000 0.002581 0.000095 0.000000
257.000000 61440.000000 0.002574 0.000095 0.000000
258.000000 61427.712000 0.002573 0.000095 0.000000
259.000000 36818.944000 0.002810 0.000095 0.000000
260.000000 61239.296000 0.002579 0.000096 0.000000
261.000000 62025.728000 0.002584 0.000094 0.000000
262.000000 61988.864000 0.002585 0.000095 0.000000
263.000000 61693.952000 0.002594 0.000095 0.000000
264.000000 61440.000000 0.002579 0.000095 0.000000
265.000000 61825.024000 0.002570 0.000095 0.000000
266.000000 61538.304000 0.002575 0.000095 0.000000
267.000000 61603.840000 0.002587 0.000095 0.000000
268.000000 61394.944000 0.002579 0.000095 0.000000
269.000000 61575.168000 0.002581 0.000095 0.000000
270.000000 61849.600000 0.002582 0.000095 0.000000
271.000000 61771.776000 0.002587 0.000095 0.000000
272.000000 61730.816000 0.002600 0.000095 0.000000
273.000000 61673.472000 0.002600 0.000096 0.000000
274.000000 61628.416000 0.002578 0.000095 0.000000
275.000000 61853.696000 0.002573 0.000095 0.000000
276.000000 61661.184000 0.002581 0.000095 0.000000
277.000000 61730.816000 0.002575 0.000095 0.000000
278.000000 61759.488000 0.002575 0.000095 0.000000
279.000000 61730.816000 0.002578 0.000095 0.000000
280.000000 61722.624000 0.002576 0.000095 0.000000
281.000000 61710.336000 0.002580 0.000095 0.000000
282.000000 61751.296000 0.002580 0.000095 0.000000
283.000000 61952.000000 0.002578 0.000095 0.000000
284.000000 61673.472000 0.002573 0.000095 0.000000
285.000000 61923.328000 0.002581 0.000095 0.000000
286.000000 61779.968000 0.002604 0.000095 0.000000
287.000000 61956.096000 0.002611 0.000094 0.000000
288.000000 61849.600000 0.002607 0.000095 0.000000
289.000000 50540.544000 0.002896 0.000092 0.000000
290.000000 61136.896000 0.002610 0.000096 0.000000
291.000000 61530.112000 0.002578 0.000095 0.000000
292.000000 61521.920000 0.002586 0.000095 0.000000
293.000000 61546.496000 0.002583 0.000095 0.000000
294.000000 61362.176000 0.002580 0.000096 0.000000
295.000000 61739.008000 0.002578 0.000095 0.000000
296.000000 61657.088000 0.002583 0.000095 0.000000
297.000000 61796.352000 0.002587 0.000095 0.000000
298.000000 61669.376000 0.002610 0.000096 0.000000
299.000000 61636.608000 0.002609 0.000095 0.000000
300.000000 61554.688000 0.002621 0.000095 0.000000
301.000000 61579.264000 0.002584 0.000095 0.000000
302.000000 61763.584000 0.002579 0.000095 0.000000
303.000000 61751.296000 0.002587 0.000095 0.000000
304.000000 59658.240000 0.002589 0.000095 0.000000
305.000000 61739.008000 0.002585 0.000095 0.000000
306.000000 61882.368000 0.002585 0.000095 0.000000
307.000000 61616.128000 0.002592 0.000095 0.000000
308.000000 61800.448000 0.002586 0.000095 0.000000
309.000000 61829.120000 0.002957 0.000096 0.000000
310.000000 61992.960000 0.002606 0.000095 0.000000
311.000000 61829.120000 0.002580 0.000095 0.000000
312.000000 61988.864000 0.003048 0.000095 0.000000
313.000000 61775.872000 0.002796 0.000096 0.000000
314.000000 61820.928000 0.002589 0.000095 0.000000
315.000000 62312.448000 0.002584 0.000094 0.000000
316.000000 61714.432000 0.002590 0.000095 0.000000
317.000000 61521.920000 0.002591 0.000095 0.000000
318.000000 61259.776000 0.002593 0.000096 0.000000
319.000000 61083.648000 0.002595 0.000095 0.000000
320.000000 46137.344000 0.002719 0.000094 0.000000
321.000000 61435.904000 0.002944 0.000095 0.000000
322.000000 61456.384000 0.002594 0.000096 0.000000
323.000000 61554.688000 0.002585 0.000095 0.000000
324.000000 59777.024000 0.002597 0.000095 0.000000
325.000000 61591.552000 0.002585 0.000095 0.000000
326.000000 61415.424000 0.002588 0.000096 0.000000
327.000000 61468.672000 0.002588 0.000095 0.000000
328.000000 61579.264000 0.002598 0.000095 0.000000
329.000000 61988.864000 0.002705 0.000095 0.000000
330.000000 62185.472000 0.002608 0.000095 0.000000
331.000000 62427.136000 0.002597 0.000094 0.000000
332.000000 62246.912000 0.002589 0.000094 0.000000
333.000000 62373.888000 0.002599 0.000095 0.000000
334.000000 62140.416000 0.002608 0.000094 0.000000
335.000000 61644.800000 0.002589 0.000095 0.000000
336.000000 62312.448000 0.002599 0.000095 0.000000
337.000000 62377.984000 0.002593 0.000094 0.000000
338.000000 62341.120000 0.002595 0.000095 0.000000
339.000000 62357.504000 0.002620 0.000094 0.000000
340.000000 62255.104000 0.002599 0.000094 0.000000
341.000000 62431.232000 0.002596 0.000094 0.000000
342.000000 62398.464000 0.002614 0.000094 0.000000
343.000000 62038.016000 0.002603 0.000095 0.000000
344.000000 62009.344000 0.002591 0.000095 0.000000
345.000000 62128.128000 0.002598 0.000095 0.000000
346.000000 61968.384000 0.002619 0.000095 0.000000
347.000000 61739.008000 0.002619 0.000095 0.000000
348.000000 61530.112000 0.002604 0.000096 0.000000
349.000000 61501.440000 0.002601 0.000096 0.000000
350.000000 61399.040000 0.002745 0.000095 0.000000
351.000000 61501.440000 0.002603 0.000096 0.000000
352.000000 61296.640000 0.002599 0.000096 0.000000
353.000000 61169.664000 0.002608 0.000096 0.000000
354.000000 61726.720000 0.002641 0.000095 0.000000
355.000000 62013.440000 0.002599 0.000095 0.000000
356.000000 61829.120000 0.002689 0.000095 0.000000
357.000000 61538.304000 0.002612 0.000095 0.000000
358.000000 61566.976000 0.002601 0.000095 0.000000
359.000000 61726.720000 0.002612 0.000095 0.000000
360.000000 61358.080000 0.002615 0.000095 0.000000
361.000000 61616.128000 0.002628 0.000096 0.000000
362.000000 61648.896000 0.002619 0.000095 0.000000
363.000000 61763.584000 0.002641 0.000095 0.000000
364.000000 61505.536000 0.002606 0.000095 0.000000
365.000000 61698.048000 0.002598 0.000095 0.000000
366.000000 61829.120000 0.002600 0.000095 0.000000
367.000000 61571.072000 0.002609 0.000095 0.000000
368.000000 61702.144000 0.002616 0.000095 0.000000
369.000000 61730.816000 0.002604 0.000095 0.000000
370.000000 61534.208000 0.002616 0.000096 0.000000
371.000000 61632.512000 0.002691 0.000096 0.000000
372.000000 61751.296000 0.002895 0.000096 0.000000
373.000000 62144.512000 0.002713 0.000095 0.000000
374.000000 62636.032000 0.002668 0.000094 0.000000
375.000000 61677.568000 0.002622 0.000095 0.000000
376.000000 62627.840000 0.002611 0.000094 0.000000
377.000000 61870.080000 0.002607 0.000095 0.000000
378.000000 61964.288000 0.002608 0.000095 0.000000
379.000000 61829.120000 0.002620 0.000095 0.000000
380.000000 60641.280000 0.002611 0.000095 0.000000
381.000000 61198.336000 0.002608 0.000095 0.000000
382.000000 61837.312000 0.002616 0.000095 0.000000
383.000000 61366.272000 0.002612 0.000095 0.000000
384.000000 60428.288000 0.002613 0.000095 0.000000
385.000000 61652.992000 0.002705 0.000097 201.000000
386.000000 61476.864000 0.002615 0.000095 0.000000
387.000000 61505.536000 0.002629 0.000095 0.000000
388.000000 61591.552000 0.002620 0.000095 0.000000
389.000000 61448.192000 0.002621 0.000095 0.000000
390.000000 61452.288000 0.002612 0.000095 0.000000
391.000000 61763.584000 0.002648 0.000095 0.000000
392.000000 61612.032000 0.002642 0.000096 0.000000
393.000000 61431.808000 0.002632 0.000095 0.000000
394.000000 61722.624000 0.002620 0.000095 0.000000
395.000000 62054.400000 0.002623 0.000095 0.000000
396.000000 62074.880000 0.002629 0.000095 0.000000
397.000000 62197.760000 0.002629 0.000095 0.000000
398.000000 62435.328000 0.002622 0.000094 0.000000
399.000000 62144.512000 0.002623 0.000094 0.000000
400.000000 62353.408000 0.002619 0.000094 0.000000
401.000000 62451.712000 0.002617 0.000094 0.000000
402.000000 62328.832000 0.002649 0.000095 0.000000
403.000000 62394.368000 0.002643 0.000095 0.000000
404.000000 62214.144000 0.002670 0.000095 0.000000
405.000000 61759.488000 0.002628 0.000095 0.000000
406.000000 62259.200000 0.002642 0.000094 0.000000
407.000000 61468.672000 0.002633 0.000095 0.000000
408.000000 61472.768000 0.002626 0.000096 0.000000
409.000000 61382.656000 0.002617 0.000095 0.000000
410.000000 62021.632000 0.002646 0.000095 0.000000
411.000000 61136.896000 0.002634 0.000095 0.000000
412.000000 61349.888000 0.002626 0.000095 0.000000
413.000000 62689.280000 0.002814 0.000094 0.000000
414.000000 61943.808000 0.002640 0.000095 0.000000
415.000000 62156.800000 0.002622 0.000095 0.000000
416.000000 62021.632000 0.002622 0.000095 0.000000
417.000000 61923.328000 0.002626 0.000095 0.000000
418.000000 61644.800000 0.002624 0.000095 0.000000
419.000000 61464.576000 0.002630 0.000095 0.000000
420.000000 61747.200000 0.002640 0.000095 0.000000
421.000000 61501.440000 0.002661 0.000096 0.000000
422.000000 61440.000000 0.002654 0.000096 0.000000
423.000000 61464.576000 0.002626 0.000095 0.000000
424.000000 61464.576000 0.002636 0.000095 0.000000
425.000000 61538.304000 0.002634 0.000095 0.000000
426.000000 62296.064000 0.002640 0.000094 0.000000
427.000000 62173.184000 0.002633 0.000094 0.000000
428.000000 62283.776000 0.002703 0.000095 0.000000
429.000000 61714.432000 0.002631 0.000095 0.000000
430.000000 61747.200000 0.002639 0.000095 0.000000
431.000000 61722.624000 0.002634 0.000095 0.000000
432.000000 61427.712000 0.002890 0.000096 0.000000
433.000000 61665.280000 0.002775 0.000095 0.000000
434.000000 61665.280000 0.002658 0.000095 0.000000
435.000000 61837.312000 0.002652 0.000095 0.000000
436.000000 61714.432000 0.002645 0.000095 0.000000
437.000000 61825.024000 0.002629 0.000095 0.000000
438.000000 61476.864000 0.002632 0.000096 0.000000
439.000000 61444.096000 0.002637 0.000095 0.000000
440.000000 61362.176000 0.002649 0.000096 0.000000
441.000000 61100.032000 0.002645 0.000095 0.000000
442.000000 61591.552000 0.002640 0.000095 0.000000
443.000000 61571.072000 0.002640 0.000095 0.000000
444.000000 61444.096000 0.002639 0.000095 0.000000
445.000000 61517.824000 0.002637 0.000095 0.000000
446.000000 61743.104000 0.002634 0.000095 0.000000
447.000000 61665.280000 0.002634 0.000095 0.000000
448.000000 61702.144000 0.002636 0.000095 0.000000
449.000000 61673.472000 0.002647 0.000095 0.000000
450.000000 61718.528000 0.002666 0.000095 0.000000
451.000000 61632.512000 0.002665 0.000095 0.000000
452.000000 61407.232000 0.002648 0.000095 0.000000
453.000000 61632.512000 0.002641 0.000095 0.000000
454.000000 61534.208000 0.002639 0.000095 0.000000
455.000000 61603.840000 0.002645 0.000095 0.000000
456.000000 61689.856000 0.002642 0.000095 0.000000
457.000000 61861.888000 0.002647 0.000095 0.000000
458.000000 61702.144000 0.002654 0.000095 0.000000
459.000000 61833.216000 0.002649 0.000095 0.000000
460.000000 61804.544000 0.002647 0.000095 0.000000
461.000000 61878.272000 0.002644 0.000095 0.000000
462.000000 61661.184000 0.002664 0.000095 0.000000
463.000000 61837.312000 0.002672 0.000095 0.000000
464.000000 61612.032000 0.002660 0.000095 0.000000
465.000000 61575.168000 0.002659 0.000095 0.000000
466.000000 61628.416000 0.002649 0.000095 0.000000
467.000000 61759.488000 0.002651 0.000095 0.000000
468.000000 61558.784000 0.002655 0.000095 0.000000
469.000000 61526.016000 0.002648 0.000095 0.000000
470.000000 61661.184000 0.002655 0.000095 0.000000
471.000000 54149.120000 0.002679 0.000095 0.000000
472.000000 60985.344000 0.002663 0.000096 0.000000
473.000000 62119.936000 0.002648 0.000095 0.000000
474.000000 62013.440000 0.002657 0.000095 0.000000
475.000000 62070.784000 0.002651 0.000095 0.000000
476.000000 61472.768000 0.002654 0.000095 0.000000
477.000000 61489.152000 0.002665 0.000096 0.000000
478.000000 61165.568000 0.002661 0.000096 0.000000
479.000000 61505.536000 0.002689 0.000096 0.000000
480.000000 61665.280000 0.002673 0.000095 0.000000
481.000000 61468.672000 0.002663 0.000095 0.000000
482.000000 61534.208000 0.002663 0.000095 0.000000
483.000000 61493.248000 0.002657 0.000096 0.000000
484.000000 61624.320000 0.002659 0.000095 0.000000
485.000000 61358.080000 0.002652 0.000095 0.000000
486.000000 61648.896000 0.002660 0.000095 0.000000
487.000000 61648.896000 0.002651 0.000095 0.000000
488.000000 61644.800000 0.002670 0.000095 0.000000
489.000000 61583.360000 0.002660 0.000095 0.000000
490.000000 61812.736000 0.002662 0.000095 0.000000
491.000000 61755.392000 0.002666 0.000095 0.000000
492.000000 61612.032000 0.002807 0.000096 0.000000
493.000000 61808.640000 0.002858 0.000096 0.000000
494.000000 61734.912000 0.002666 0.000095 0.000000
495.000000 61812.736000 0.002659 0.000095 0.000000
496.000000 61833.216000 0.002670 0.000095 0.000000
497.000000 62038.016000 0.002681 0.000095 0.000000
498.000000 61665.280000 0.002664 0.000095 0.000000
499.000000 61317.120000 0.002664 0.000095 0.000000
