0.000000 52916.224000 -0.001458 0.000105 0.000000
1.000000 53239.808000 -0.001476 0.000105 0.000000
2.000000 53211.136000 -0.001457 0.000105 0.000000
3.000000 53075.968000 -0.001462 0.000106 0.000000
4.000000 52899.840000 -0.001461 0.000106 0.000000
5.000000 53342.208000 -0.001453 0.000105 0.000000
6.000000 53252.096000 -0.001428 0.000105 0.000000
7.000000 53325.824000 -0.001451 0.000105 0.000000
8.000000 53346.304000 -0.001434 0.000105 0.000000
9.000000 53252.096000 -0.001429 0.000106 0.000000
10.000000 52883.456000 -0.001437 0.000105 0.000000
11.000000 53010.432000 -0.001431 0.000105 0.000000
12.000000 52973.568000 -0.001417 0.000105 0.000000
13.000000 52953.088000 -0.001428 0.000106 0.000000
14.000000 53276.672000 -0.001424 0.000105 0.000000
15.000000 53227.520000 -0.001433 0.000105 0.000000
16.000000 53059.584000 -0.001428 0.000105 0.000000
17.000000 53231.616000 -0.001416 0.000105 0.000000
18.000000 53182.464000 -0.001419 0.000105 0.000000
19.000000 53350.400000 -0.001401 0.000105 0.000000
20.000000 53346.304000 -0.001382 0.000106 0.000000
21.000000 53342.208000 -0.001410 0.000105 0.000000
22.000000 53133.312000 -0.001404 0.000106 0.000000
23.000000 53190.656000 -0.001404 0.000105 0.000000
24.000000 52944.896000 -0.001399 0.000105 0.000000
25.000000 53002.240000 -0.001409 0.000106 0.000000
26.000000 53157.888000 -0.001406 0.000105 0.000000
27.000000 53170.176000 -0.001397 0.000105 0.000000
28.000000 53170.176000 -0.001417 0.000105 0.000000
29.000000 53116.928000 -0.001395 0.000105 0.000000
30.000000 53243.904000 -0.001403 0.000105 0.000000
31.000000 53293.056000 -0.001410 0.000105 0.000000
32.000000 52928.512000 -0.001385 0.000105 0.000000
33.000000 52965.376000 -0.001390 0.000106 0.000000
34.000000 53260.288000 -0.001390 0.000105 0.000000
35.000000 53235.712000 -0.001372 0.000105 0.000000
36.000000 53301.248000 -0.001397 0.000105 0.000000
37.000000 53354.496000 -0.001379 0.000105 0.000000
38.000000 53342.208000 -0.001381 0.000105 0.000000
39.000000 53317.632000 -0.001379 0.000105 0.000000
40.000000 53293.056000 -0.001375 0.000105 0.000000
41.000000 53161.984000 -0.001370 0.000105 0.000000
42.000000 53293.056000 -0.001361 0.000105 0.000000
43.000000 53272.576000 -0.001377 0.000105 0.000000
44.000000 53010.432000 -0.001370 0.000105 0.000000
45.000000 53014.528000 -0.001364 0.000105 0.000000
46.000000 53186.560000 -0.001358 0.000105 0.000000
47.000000 53329.920000 -0.001335 0.000105 0.000000
48.000000 53133.312000 -0.001355 0.000105 0.000000
49.000000 53260.288000 -0.001354 0.000105 0.000000
50.000000 53075.968000 -0.001365 0.000106 0.000000
51.000000 53276.672000 -0.001341 0.000105 0.000000
52.000000 53239.808000 -0.001350 0.000105 0.000000
53.000000 53149.696000 -0.000660 0.000108 0.000000
54.000000 53080.064000 -0.001346 0.000105 0.000000
55.000000 53256.192000 -0.001334 0.000105 0.000000
56.000000 53125.120000 -0.001347 0.000105 0.000000
57.000000 53243.904000 -0.001331 0.000105 0.000000
58.000000 53223.424000 -0.001346 0.000105 0.000000
59.000000 52510.720000 -0.001335 0.000105 0.000000
60.000000 47853.568000 -0.001346 0.000106 0.000000
61.000000 53260.288000 -0.001353 0.000105 0.000000
62.000000 53207.040000 -0.001340 0.000105 0.000000
63.000000 46829.568000 -0.000303 0.000126 1562.000000
64.000000 53088.256000 -0.001326 0.000105 0.000000
65.000000 53227.520000 -0.001306 0.000106 0.000000
66.000000 53223.424000 -0.001296 0.000106 0.000000
67.000000 53272.576000 -0.001316 0.000105 0.000000
68.000000 53313.536000 -0.001309 0.000106 0.000000
69.000000 53313.536000 -0.001209 0.000106 0.000000
70.000000 53272.576000 -0.001307 0.000105 0.000000
71.000000 53166.080000 -0.001311 0.000105 0.000000
72.000000 53350.400000 -0.001295 0.000106 0.000000
73.000000 53321.728000 -0.001311 0.000105 0.000000
74.000000 53276.672000 -0.001313 0.000105 0.000000
75.000000 53334.016000 -0.001304 0.000105 0.000000
76.000000 53272.576000 -0.001301 0.000105 0.000000
77.000000 53362.688000 -0.001302 0.000105 0.000000
78.000000 53297.152000 -0.001280 0.000105 0.000000
79.000000 53243.904000 -0.001281 0.000105 0.000000
80.000000 53350.400000 -0.001280 0.000105 0.000000
81.000000 53313.536000 -0.001274 0.000105 0.000000
82.000000 53342.208000 -0.001272 0.000106 0.000000
83.000000 53219.328000 -0.001284 0.000105 0.000000
84.000000 53166.080000 -0.001246 0.000106 0.000000
85.000000 53121.024000 -0.001264 0.000105 0.000000
86.000000 53051.392000 -0.001271 0.000105 0.000000
87.000000 53194.752000 -0.001270 0.000105 0.000000
88.000000 53174.272000 -0.001291 0.000105 0.000000
89.000000 53239.808000 -0.001284 0.000105 0.000000
90.000000 41992.192000 -0.001274 0.000106 0.000000
91.000000 53256.192000 -0.001280 0.000105 0.000000
92.000000 53235.712000 -0.001271 0.000106 0.000000
93.000000 43159.552000 0.000434 0.000142 2475.000000
94.000000 53166.080000 -0.001272 0.000105 0.000000
95.000000 53370.880000 -0.001266 0.000105 0.000000
96.000000 53350.400000 -0.001238 0.000106 0.000000
97.000000 53366.784000 -0.001246 0.000105 0.000000
98.000000 53342.208000 -0.001253 0.000105 0.000000
99.000000 53301.248000 -0.001229 0.000105 0.000000
100.000000 53321.728000 -0.001251 0.000105 0.000000
101.000000 53272.576000 -0.001253 0.000106 0.000000
102.000000 53338.112000 -0.001259 0.000105 0.000000
103.000000 53362.688000 -0.001256 0.000105 0.000000
104.000000 53112.832000 -0.001264 0.000105 0.000000
105.000000 53055.488000 -0.001250 0.000105 0.000000
106.000000 52985.856000 -0.001204 0.000105 0.000000
107.000000 53342.208000 -0.001216 0.000105 0.000000
108.000000 53338.112000 -0.001235 0.000105 0.000000
109.000000 53170.176000 -0.001237 0.000105 0.000000
110.000000 53366.784000 -0.001233 0.000105 0.000000
111.000000 53354.496000 -0.001225 0.000106 0.000000
112.000000 53399.552000 -0.001241 0.000105 0.000000
113.000000 53248.000000 -0.001232 0.000105 0.000000
114.000000 52879.360000 0.000001 0.000109 0.000000
115.000000 53346.304000 -0.001160 0.000105 0.000000
116.000000 53067.776000 -0.001250 0.000105 0.000000
117.000000 53198.848000 -0.001251 0.000105 0.000000
118.000000 53190.656000 -0.001248 0.000105 0.000000
119.000000 53243.904000 -0.001252 0.000105 0.000000
120.000000 48238.592000 -0.001231 0.000106 0.000000
121.000000 52846.592000 -0.001236 0.000106 0.000000
122.000000 52879.360000 -0.001228 0.000105 0.000000
123.000000 52891.648000 -0.001179 0.000106 27.000000
124.000000 52781.056000 -0.001217 0.000106 0.000000
125.000000 52862.976000 -0.001228 0.000106 0.000000
126.000000 53252.096000 -0.001212 0.000105 0.000000
127.000000 53305.344000 -0.001218 0.000104 0.000000
128.000000 53325.824000 -0.000756 0.000105 0.000000
129.000000 53305.344000 -0.001177 0.000106 0.000000
130.000000 53022.720000 -0.001209 0.000106 0.000000
131.000000 53284.864000 -0.001180 0.000106 0.000000
132.000000 53149.696000 -0.001206 0.000105 0.000000
133.000000 53202.944000 -0.001207 0.000105 0.000000
134.000000 53248.000000 -0.001201 0.000105 0.000000
135.000000 53342.208000 -0.001198 0.000105 0.000000
136.000000 53342.208000 -0.001204 0.000105 0.000000
137.000000 53342.208000 -0.001210 0.000105 0.000000
138.000000 53346.304000 -0.001206 0.000105 0.000000
139.000000 53219.328000 -0.001202 0.000105 0.000000
140.000000 53280.768000 -0.001173 0.000105 0.000000
141.000000 53264.384000 -0.001166 0.000105 0.000000
142.000000 53325.824000 -0.001193 0.000105 0.000000
143.000000 53252.096000 -0.001177 0.000105 0.000000
144.000000 53071.872000 -0.001165 0.000106 0.000000
145.000000 53084.160000 -0.001185 0.000105 0.000000
146.000000 53035.008000 -0.001189 0.000105 0.000000
147.000000 52953.088000 -0.001176 0.000106 0.000000
148.000000 53161.984000 -0.001181 0.000105 0.000000
149.000000 53141.504000 -0.001180 0.000105 0.000000
150.000000 52822.016000 -0.001177 0.000106 0.000000
151.000000 50405.376000 -0.001169 0.000105 0.000000
152.000000 53219.328000 -0.001151 0.000105 0.000000
153.000000 53080.064000 -0.001143 0.000106 0.000000
154.000000 52858.880000 -0.001175 0.000106 0.000000
155.000000 53067.776000 -0.001164 0.000106 0.000000
156.000000 53260.288000 -0.001129 0.000105 0.000000
157.000000 53248.000000 -0.001131 0.000105 0.000000
158.000000 51097.600000 -0.000813 0.000112 524.000000
159.000000 53301.248000 -0.001141 0.000105 0.000000
160.000000 53338.112000 -0.001148 0.000105 0.000000
161.000000 53211.136000 -0.001141 0.000105 0.000000
162.000000 52932.608000 -0.001135 0.000105 0.000000
163.000000 53137.408000 -0.001142 0.000106 0.000000
164.000000 52756.480000 -0.001141 0.000106 0.000000
165.000000 53043.200000 -0.001139 0.000106 0.000000
166.000000 53002.240000 -0.001163 0.000105 0.000000
167.000000 53059.584000 -0.001158 0.000105 0.000000
168.000000 53235.712000 -0.001129 0.000105 0.000000
169.000000 53346.304000 -0.001130 0.000106 0.000000
170.000000 53211.136000 -0.001102 0.000106 0.000000
171.000000 53248.000000 -0.001133 0.000106 0.000000
172.000000 53342.208000 -0.001129 0.000105 0.000000
173.000000 53325.824000 -0.001143 0.000105 0.000000
174.000000 53043.200000 -0.001128 0.000106 0.000000
175.000000 53174.272000 0.000307 0.000109 0.000000
176.000000 53194.752000 -0.001136 0.000105 0.000000
177.000000 52912.128000 -0.001145 0.000105 0.000000
178.000000 52817.920000 -0.001152 0.000106 0.000000
179.000000 53178.368000 -0.001144 0.000105 0.000000
180.000000 53194.752000 -0.001135 0.000105 0.000000
181.000000 52666.368000 -0.001138 0.000105 0.000000
182.000000 53194.752000 -0.001123 0.000105 0.000000
183.000000 53280.768000 -0.001117 0.000105 0.000000
184.000000 52977.664000 -0.001130 0.000105 0.000000
185.000000 53047.296000 -0.001108 0.000105 0.000000
186.000000 53243.904000 -0.001107 0.000106 0.000000
187.000000 53264.384000 -0.001113 0.000105 0.000000
188.000000 53313.536000 -0.001097 0.000105 0.000000
189.000000 53346.304000 -0.001102 0.000106 0.000000
190.000000 53374.976000 -0.001069 0.000106 0.000000
191.000000 53334.016000 -0.001076 0.000105 0.000000
192.000000 53350.400000 -0.001095 0.000105 0.000000
193.000000 53264.384000 -0.001105 0.000105 0.000000
194.000000 53293.056000 -0.001102 0.000105 0.000000
195.000000 53362.688000 -0.001085 0.000106 0.000000
196.000000 53334.016000 -0.001100 0.000105 0.000000
197.000000 53350.400000 -0.001090 0.000105 0.000000
198.000000 53456.896000 -0.001103 0.000105 0.000000
199.000000 53403.648000 -0.001072 0.000105 0.000000
200.000000 53153.792000 -0.001099 0.000105 0.000000
201.000000 53325.824000 -0.001088 0.000105 0.000000
202.000000 53407.744000 -0.001104 0.000105 0.000000
203.000000 53403.648000 -0.001085 0.000105 0.000000
204.000000 53030.912000 -0.001092 0.000105 0.000000
205.000000 53022.720000 -0.001072 0.000105 0.000000
206.000000 52936.704000 -0.001064 0.000106 0.000000
207.000000 53170.176000 -0.001060 0.000106 0.000000
208.000000 53092.352000 -0.001077 0.000106 0.000000
209.000000 53121.024000 -0.001088 0.000105 0.000000
210.000000 53145.600000 -0.001085 0.000105 0.000000
211.000000 52764.672000 -0.001080 0.000105 0.000000
212.000000 53219.328000 -0.001078 0.000105 0.000000
213.000000 53260.288000 -0.001085 0.000105 0.000000
214.000000 53174.272000 -0.001090 0.000105 0.000000
215.000000 53202.944000 -0.001065 0.000105 0.000000
216.000000 53248.000000 -0.001043 0.000105 0.000000
217.000000 53248.000000 -0.001059 0.000105 0.000000
218.000000 53276.672000 -0.001054 0.000106 0.000000
219.000000 37650.432000 0.001966 0.000170 3837.000000
220.000000 53325.824000 -0.001063 0.000105 0.000000
221.000000 53231.616000 -0.001061 0.000105 0.000000
222.000000 53338.112000 -0.001046 0.000105 0.000000
223.000000 53223.424000 -0.001066 0.000105 0.000000
224.000000 53313.536000 -0.001060 0.000105 0.000000
225.000000 53399.552000 -0.001044 0.000105 0.000000
226.000000 53297.152000 -0.001059 0.000105 0.000000
227.000000 53391.360000 -0.001051 0.000105 0.000000
228.000000 53342.208000 -0.001029 0.000105 0.000000
229.000000 53387.264000 -0.001039 0.000105 0.000000
230.000000 53215.232000 -0.001053 0.000105 0.000000
231.000000 53207.040000 -0.001039 0.000105 0.000000
232.000000 53346.304000 -0.001049 0.000105 0.000000
233.000000 53399.552000 -0.001040 0.000104 0.000000
234.000000 53125.120000 -0.001039 0.000105 0.000000
235.000000 53100.544000 -0.000012 0.000109 0.000000
236.000000 52563.968000 -0.001051 0.000106 0.000000
237.000000 52772.864000 -0.001044 0.000106 0.000000
238.000000 52715.520000 -0.001051 0.000105 0.000000
239.000000 52875.264000 -0.001047 0.000105 0.000000
240.000000 52871.168000 -0.001046 0.000105 0.000000
241.000000 50671.616000 -0.001056 0.000105 0.000000
242.000000 52924.416000 -0.001024 0.000105 0.000000
243.000000 53313.536000 -0.001017 0.000105 0.000000
244.000000 53276.672000 -0.001018 0.000105 0.000000
245.000000 53305.344000 -0.001009 0.000105 0.000000
246.000000 53035.008000 -0.001013 0.000105 0.000000
247.000000 53252.096000 -0.001022 0.000106 0.000000
248.000000 53153.792000 -0.000812 0.000105 0.000000
249.000000 51703.808000 -0.001005 0.000105 0.000000
250.000000 41201.664000 0.001380 0.000156 3303.000000
251.000000 53157.888000 -0.001008 0.000106 0.000000
252.000000 53309.440000 -0.001014 0.000105 0.000000
253.000000 53194.752000 -0.001025 0.000105 0.000000
254.000000 53223.424000 -0.001025 0.000105 0.000000
255.000000 53198.848000 -0.001018 0.000105 0.000000
256.000000 53325.824000 -0.001015 0.000105 0.000000
257.000000 53350.400000 -0.001019 0.000105 0.000000
258.000000 53354.496000 -0.001009 0.000105 0.000000
259.000000 53321.728000 -0.001014 0.000105 0.000000
260.000000 53395.456000 -0.001007 0.000105 0.000000
261.000000 53248.000000 -0.000987 0.000105 0.000000
262.000000 53415.936000 -0.000994 0.000105 0.000000
263.000000 53403.648000 -0.001008 0.000105 0.000000
264.000000 53256.192000 -0.000993 0.000105 0.000000
265.000000 52826.112000 -0.001003 0.000106 0.000000
266.000000 52465.664000 -0.001003 0.000106 0.000000
267.000000 53137.408000 -0.000993 0.000106 0.000000
268.000000 52908.032000 -0.001003 0.000105 0.000000
269.000000 53006.336000 -0.000996 0.000106 0.000000
270.000000 52867.072000 -0.000988 0.000105 0.000000
271.000000 53006.336000 -0.001007 0.000105 0.000000
272.000000 52953.088000 -0.000971 0.000106 0.000000
273.000000 53293.056000 -0.000980 0.000105 0.000000
274.000000 53149.696000 -0.000971 0.000105 0.000000
275.000000 53235.712000 -0.000965 0.000105 0.000000
276.000000 53092.352000 -0.000968 0.000105 0.000000
277.000000 53243.904000 -0.000976 0.000105 0.000000
278.000000 53264.384000 -0.000973 0.000105 0.000000
279.000000 51658.752000 -0.000964 0.000106 0.000000
280.000000 42414.080000 0.001107 0.000150 2921.000000
281.000000 53157.888000 -0.000997 0.000105 0.000000
282.000000 53215.232000 -0.000970 0.000105 0.000000
283.000000 53329.920000 -0.000995 0.000105 0.000000
284.000000 53174.272000 -0.000998 0.000105 0.000000
285.000000 53391.360000 -0.000979 0.000105 0.000000
286.000000 53301.248000 -0.000976 0.000105 0.000000
287.000000 53284.864000 -0.000967 0.000105 0.000000
288.000000 53374.976000 -0.000972 0.000105 0.000000
289.000000 53387.264000 -0.000987 0.000105 0.000000
290.000000 53448.704000 -0.000959 0.000105 0.000000
291.000000 53207.040000 -0.000971 0.000105 0.000000
292.000000 53313.536000 -0.000968 0.000105 0.000000
293.000000 53370.880000 -0.000965 0.000105 0.000000
294.000000 53284.864000 -0.000939 0.000106 0.000000
295.000000 53071.872000 -0.000956 0.000106 0.000000
296.000000 53092.352000 -0.000977 0.000106 0.000000
297.000000 53141.504000 0.000309 0.000109 0.000000
298.000000 53010.432000 -0.000979 0.000106 0.000000
299.000000 53030.912000 -0.000943 0.000105 0.000000
300.000000 53092.352000 -0.000971 0.000105 0.000000
301.000000 53112.832000 -0.000971 0.000106 0.000000
302.000000 32911.360000 -0.000927 0.000105 0.000000
303.000000 53268.480000 -0.000935 0.000106 0.000000
304.000000 53153.792000 -0.000947 0.000105 0.000000
305.000000 53141.504000 -0.000950 0.000106 0.000000
306.000000 53243.904000 -0.000960 0.000105 0.000000
307.000000 53252.096000 -0.000941 0.000105 0.000000
308.000000 53297.152000 -0.000958 0.000106 0.000000
309.000000 51171.328000 -0.000850 0.000107 114.000000
310.000000 50176.000000 -0.000226 0.000120 1161.000000
311.000000 53383.168000 -0.000953 0.000105 0.000000
312.000000 53026.816000 -0.000954 0.000106 0.000000
313.000000 53420.032000 -0.000946 0.000105 0.000000
314.000000 53227.520000 -0.000954 0.000105 0.000000
315.000000 53346.304000 -0.000945 0.000105 0.000000
316.000000 53391.360000 -0.000925 0.000105 0.000000
317.000000 53362.688000 -0.000953 0.000105 0.000000
318.000000 53559.296000 -0.000965 0.000105 0.000000
319.000000 53436.416000 -0.000961 0.000105 0.000000
320.000000 53403.648000 -0.000939 0.000105 0.000000
321.000000 53469.184000 -0.000940 0.000105 0.000000
322.000000 53305.344000 -0.000949 0.000105 0.000000
323.000000 53481.472000 -0.000955 0.000105 0.000000
324.000000 52854.784000 -0.000932 0.000106 0.000000
325.000000 53002.240000 -0.000923 0.000106 0.000000
326.000000 52998.144000 -0.000935 0.000106 0.000000
327.000000 53133.312000 -0.000929 0.000106 0.000000
328.000000 52912.128000 -0.000928 0.000106 0.000000
329.000000 52981.760000 -0.000924 0.000105 0.000000
330.000000 53161.984000 -0.000934 0.000105 0.000000
331.000000 53161.984000 -0.000892 0.000106 0.000000
332.000000 45481.984000 -0.000947 0.000106 0.000000
333.000000 53190.656000 -0.000915 0.000105 0.000000
334.000000 53129.216000 -0.000925 0.000105 0.000000
335.000000 53104.640000 -0.000930 0.000106 0.000000
336.000000 52973.568000 -0.000919 0.000105 0.000000
337.000000 52891.648000 -0.000944 0.000105 0.000000
338.000000 53030.912000 -0.000919 0.000106 0.000000
339.000000 35336.192000 0.002422 0.000177 3924.000000
340.000000 42778.624000 0.001105 0.000148 2885.000000
341.000000 52998.144000 -0.000933 0.000105 0.000000
342.000000 53039.104000 -0.000928 0.000105 0.000000
343.000000 53153.792000 -0.000943 0.000105 0.000000
344.000000 53043.200000 -0.000929 0.000105 0.000000
345.000000 52957.184000 -0.000917 0.000106 0.000000
346.000000 53379.072000 -0.000938 0.000105 0.000000
347.000000 53338.112000 -0.000942 0.000105 0.000000
348.000000 53432.320000 -0.000927 0.000105 0.000000
349.000000 53088.256000 -0.000894 0.000106 0.000000
350.000000 53428.224000 -0.000909 0.000105 0.000000
351.000000 53448.704000 -0.000912 0.000106 0.000000
352.000000 53260.288000 -0.000917 0.000105 0.000000
353.000000 53391.360000 -0.000909 0.000104 0.000000
354.000000 53399.552000 -0.000884 0.000105 0.000000
355.000000 53223.424000 -0.000895 0.000105 0.000000
356.000000 52482.048000 -0.000926 0.000106 0.000000
357.000000 52576.256000 0.000523 0.000111 0.000000
358.000000 53075.968000 -0.000944 0.000105 0.000000
359.000000 53088.256000 -0.000940 0.000105 0.000000
360.000000 53010.432000 -0.000930 0.000106 0.000000
361.000000 53108.736000 -0.000937 0.000105 0.000000
362.000000 52961.280000 -0.000929 0.000106 0.000000
363.000000 52809.728000 -0.000912 0.000105 0.000000
364.000000 53043.200000 -0.000912 0.000105 0.000000
365.000000 53202.944000 -0.000905 0.000106 0.000000
366.000000 52867.072000 -0.000899 0.000106 0.000000
367.000000 53207.040000 -0.000902 0.000106 0.000000
368.000000 53092.352000 -0.000909 0.000105 0.000000
369.000000 48099.328000 -0.000896 0.000106 0.000000
370.000000 26820.608000 0.007602 0.000286 7695.000000
371.000000 53321.728000 -0.000905 0.000105 0.000000
372.000000 53297.152000 -0.000897 0.000105 0.000000
373.000000 53338.112000 -0.000650 0.000106 0.000000
374.000000 53227.520000 -0.000041 0.000108 0.000000
375.000000 53125.120000 -0.000894 0.000105 0.000000
376.000000 52985.856000 -0.000907 0.000105 0.000000
377.000000 53346.304000 -0.000910 0.000105 0.000000
378.000000 53387.264000 -0.000892 0.000105 0.000000
379.000000 53354.496000 -0.000888 0.000105 0.000000
380.000000 53420.032000 -0.000903 0.000105 0.000000
381.000000 53370.880000 -0.000908 0.000105 0.000000
382.000000 53383.168000 -0.000901 0.000105 0.000000
383.000000 53252.096000 -0.000904 0.000105 0.000000
384.000000 53399.552000 -0.000901 0.000105 0.000000
385.000000 53157.888000 -0.000908 0.000105 0.000000
386.000000 52592.640000 -0.000913 0.000106 0.000000
387.000000 53092.352000 -0.000890 0.000106 0.000000
388.000000 52703.232000 -0.000904 0.000106 0.000000
389.000000 53043.200000 -0.000911 0.000105 0.000000
390.000000 52957.184000 -0.000909 0.000105 0.000000
391.000000 53137.408000 -0.000901 0.000106 0.000000
392.000000 53088.256000 -0.000908 0.000105 0.000000
393.000000 47140.864000 -0.000884 0.000106 0.000000
394.000000 52658.176000 -0.000879 0.000106 0.000000
395.000000 53075.968000 -0.000875 0.000106 0.000000
396.000000 53211.136000 -0.000872 0.000105 0.000000
397.000000 52969.472000 -0.000884 0.000105 0.000000
398.000000 53133.312000 -0.000899 0.000106 0.000000
399.000000 53227.520000 -0.000887 0.000105 0.000000
400.000000 53227.520000 -0.000876 0.000105 0.000000
401.000000 53231.616000 -0.000894 0.000106 0.000000
402.000000 53288.960000 -0.000891 0.000105 0.000000
403.000000 53313.536000 -0.000882 0.000105 0.000000
404.000000 53284.864000 -0.000889 0.000105 0.000000
405.000000 53346.304000 -0.000880 0.000105 0.000000
406.000000 53280.768000 -0.000884 0.000105 0.000000
407.000000 53321.728000 -0.000873 0.000105 0.000000
408.000000 53309.440000 -0.000874 0.000105 0.000000
409.000000 53383.168000 -0.000876 0.000105 0.000000
410.000000 53383.168000 -0.000880 0.000105 0.000000
411.000000 53370.880000 -0.000899 0.000104 0.000000
412.000000 53370.880000 -0.000884 0.000105 0.000000
413.000000 53321.728000 -0.000889 0.000105 0.000000
414.000000 53436.416000 -0.000865 0.000105 0.000000
415.000000 53428.224000 -0.000816 0.000106 0.000000
416.000000 53080.064000 -0.000876 0.000105 0.000000
417.000000 53166.080000 -0.000860 0.000105 0.000000
418.000000 53063.680000 -0.000854 0.000106 0.000000
419.000000 53096.448000 0.000529 0.000110 0.000000
420.000000 52944.896000 -0.000780 0.000106 0.000000
421.000000 52957.184000 -0.000887 0.000105 0.000000
422.000000 53116.928000 -0.000893 0.000105 0.000000
423.000000 52826.112000 -0.000849 0.000106 0.000000
424.000000 52838.400000 -0.000859 0.000106 0.000000
425.000000 52928.512000 -0.000870 0.000106 0.000000
426.000000 53080.064000 -0.000865 0.000105 0.000000
427.000000 53280.768000 -0.000870 0.000105 0.000000
428.000000 53108.736000 -0.000854 0.000105 0.000000
429.000000 53227.520000 -0.000865 0.000106 0.000000
430.000000 52002.816000 -0.000660 0.000110 291.000000
431.000000 53264.384000 -0.000860 0.000106 0.000000
432.000000 53334.016000 -0.000872 0.000105 0.000000
433.000000 53305.344000 -0.000868 0.000105 0.000000
434.000000 53317.632000 -0.000867 0.000105 0.000000
435.000000 53174.272000 -0.000792 0.000106 53.000000
436.000000 53141.504000 -0.000867 0.000105 0.000000
437.000000 53346.304000 -0.000869 0.000105 0.000000
438.000000 53329.920000 -0.000857 0.000105 0.000000
439.000000 53358.592000 -0.000868 0.000105 0.000000
440.000000 53424.128000 -0.000857 0.000105 0.000000
441.000000 53448.704000 -0.000847 0.000105 0.000000
442.000000 53415.936000 -0.000850 0.000105 0.000000
443.000000 53272.576000 -0.000846 0.000105 0.000000
444.000000 53366.784000 -0.000836 0.000104 0.000000
445.000000 53432.320000 -0.000848 0.000105 0.000000
446.000000 53149.696000 -0.000858 0.000106 0.000000
447.000000 52813.824000 -0.000846 0.000106 0.000000
448.000000 53059.584000 -0.000868 0.000106 0.000000
449.000000 52887.552000 -0.000848 0.000106 0.000000
450.000000 52428.800000 -0.000869 0.000106 0.000000
451.000000 53080.064000 -0.000868 0.000105 0.000000
452.000000 53137.408000 -0.000863 0.000105 0.000000
453.000000 52924.416000 -0.000850 0.000106 0.000000
454.000000 51527.680000 -0.000859 0.000105 0.000000
455.000000 53309.440000 -0.000838 0.000105 0.000000
456.000000 53223.424000 -0.000851 0.000105 0.000000
457.000000 53280.768000 -0.000857 0.000105 0.000000
458.000000 53260.288000 -0.000857 0.000105 0.000000
459.000000 53174.272000 -0.000854 0.000105 0.000000
460.000000 53280.768000 -0.000829 0.000105 0.000000
461.000000 53260.288000 -0.000841 0.000105 0.000000
462.000000 53309.440000 -0.000843 0.000106 0.000000
463.000000 53358.592000 -0.000832 0.000105 0.000000
464.000000 53284.864000 -0.000839 0.000105 0.000000
465.000000 53284.864000 -0.000851 0.000105 0.000000
466.000000 53243.904000 -0.000847 0.000105 0.000000
467.000000 53379.072000 -0.000833 0.000105 0.000000
468.000000 53358.592000 -0.000830 0.000105 0.000000
469.000000 53362.688000 -0.000813 0.000106 0.000000
470.000000 53399.552000 -0.000837 0.000105 0.000000
471.000000 53403.648000 -0.000847 0.000105 0.000000
472.000000 53424.128000 -0.000841 0.000105 0.000000
473.000000 53428.224000 -0.000847 0.000105 0.000000
474.000000 53235.712000 -0.000809 0.000105 0.000000
475.000000 53469.184000 -0.000820 0.000105 0.000000
476.000000 53305.344000 -0.000837 0.000105 0.000000
477.000000 53198.848000 -0.000839 0.000106 0.000000
478.000000 52678.656000 -0.000844 0.000106 0.000000
479.000000 53088.256000 0.000336 0.000109 0.000000
480.000000 52826.112000 -0.000838 0.000105 0.000000
481.000000 52846.592000 -0.000848 0.000105 0.000000
482.000000 53112.832000 -0.000842 0.000105 0.000000
483.000000 53166.080000 -0.000821 0.000106 0.000000
484.000000 50446.336000 -0.000808 0.000106 0.000000
485.000000 53207.040000 -0.000823 0.000106 0.000000
486.000000 53268.480000 -0.000830 0.000105 0.000000
487.000000 53297.152000 -0.000825 0.000105 0.000000
488.000000 53141.504000 -0.000818 0.000105 0.000000
489.000000 53088.256000 -0.000819 0.000106 0.000000
490.000000 51900.416000 -0.000610 0.000110 332.000000
491.000000 53288.960000 -0.000839 0.000105 0.000000
492.000000 53248.000000 -0.000729 0.000106 0.000000
493.000000 52883.456000 -0.000830 0.000105 0.000000
494.000000 52793.344000 -0.000831 0.000106 0.000000
495.000000 53329.920000 -0.000834 0.000105 0.000000
496.000000 53170.176000 -0.000819 0.000105 0.000000
497.000000 53223.424000 -0.000833 0.000105 0.000000
498.000000 53252.096000 -0.000820 0.000105 0.000000
499.000000 53317.632000 -0.000814 0.000105 0.000000
