0.000000 25911.296000 0.000922 0.000167 0.000000
1.000000 26046.464000 0.000666 0.000162 0.000000
2.000000 26013.696000 0.001002 0.000166 0.000000
3.000000 26030.080000 0.000725 0.000161 0.000000
4.000000 25993.216000 0.001067 0.000169 0.000000
5.000000 26046.464000 0.000653 0.000160 0.000000
6.000000 25997.312000 0.001013 0.000167 0.000000
7.000000 26038.272000 0.000649 0.000160 0.000000
8.000000 26005.504000 0.001087 0.000167 0.000000
9.000000 26034.176000 0.000656 0.000161 0.000000
10.000000 26021.888000 0.000849 0.000163 0.000000
11.000000 26066.944000 0.000655 0.000161 0.000000
12.000000 25952.256000 0.001186 0.000167 0.000000
13.000000 26001.408000 0.000715 0.000163 0.000000
14.000000 25952.256000 0.000869 0.000166 0.000000
15.000000 26038.272000 0.000659 0.000161 0.000000
16.000000 25972.736000 0.001196 0.000170 0.000000
17.000000 26017.792000 0.000730 0.000162 0.000000
18.000000 25968.640000 0.000917 0.000166 0.000000
19.000000 25980.928000 0.000658 0.000161 0.000000
20.000000 25985.024000 0.000960 0.000166 0.000000
21.000000 26030.080000 0.000654 0.000161 0.000000
22.000000 25985.024000 0.000835 0.000164 0.000000
23.000000 25726.976000 0.000710 0.000162 0.000000
24.000000 25751.552000 0.000796 0.000165 0.000000
25.000000 25800.704000 0.000649 0.000161 0.000000
26.000000 25845.760000 0.001019 0.000167 0.000000
27.000000 26095.616000 0.000637 0.000158 0.000000
28.000000 25968.640000 0.001305 0.000170 0.000000
29.000000 26042.368000 0.000631 0.000158 0.000000
30.000000 26021.888000 0.000814 0.000164 0.000000
31.000000 26075.136000 0.000647 0.000160 0.000000
32.000000 26017.792000 0.001020 0.000165 0.000000
33.000000 26075.136000 0.000716 0.000162 0.000000
34.000000 25931.776000 0.000955 0.000167 0.000000
35.000000 26042.368000 0.000647 0.000160 0.000000
36.000000 26021.888000 0.000991 0.000168 0.000000
37.000000 26071.040000 0.000647 0.000159 0.000000
38.000000 26025.984000 0.000912 0.000164 0.000000
39.000000 26046.464000 0.000655 0.000160 0.000000
40.000000 26042.368000 0.000978 0.000164 0.000000
41.000000 26062.848000 0.000703 0.000163 0.000000
42.000000 26034.176000 0.000817 0.000165 0.000000
43.000000 26038.272000 0.000728 0.000161 0.000000
44.000000 25935.872000 0.000881 0.000165 0.000000
45.000000 26038.272000 0.000661 0.000160 0.000000
46.000000 25980.928000 0.000781 0.000162 0.000000
47.000000 26025.984000 0.001691 0.000182 0.000000
48.000000 25993.216000 0.001046 0.000166 0.000000
49.000000 26001.408000 0.000651 0.000160 0.000000
50.000000 25997.312000 0.001075 0.000167 0.000000
51.000000 26034.176000 0.000652 0.000160 0.000000
52.000000 25985.024000 0.001200 0.000171 0.000000
53.000000 26062.848000 0.000648 0.000159 0.000000
54.000000 26001.408000 0.001010 0.000166 0.000000
55.000000 26066.944000 0.000922 0.000172 0.000000
56.000000 26017.792000 0.000936 0.000166 0.000000
57.000000 26075.136000 0.000640 0.000158 0.000000
58.000000 26025.984000 0.001044 0.000166 0.000000
59.000000 25989.120000 0.000656 0.000160 0.000000
60.000000 26009.600000 0.000993 0.000166 0.000000
61.000000 26050.560000 0.000654 0.000160 0.000000
62.000000 26025.984000 0.000786 0.000166 0.000000
63.000000 26066.944000 0.000724 0.000162 0.000000
64.000000 25911.296000 0.000992 0.000166 0.000000
65.000000 26079.232000 0.000641 0.000159 0.000000
66.000000 26046.464000 0.001159 0.000170 0.000000
67.000000 26071.040000 0.000657 0.000161 0.000000
68.000000 26030.080000 0.001241 0.000168 0.000000
69.000000 26079.232000 0.000663 0.000159 0.000000
70.000000 25911.296000 0.001177 0.000169 0.000000
71.000000 25907.200000 0.000653 0.000160 0.000000
72.000000 25763.840000 0.001040 0.000167 0.000000
73.000000 25812.992000 0.000716 0.000162 0.000000
74.000000 25825.280000 0.001023 0.000166 0.000000
75.000000 25882.624000 0.000663 0.000160 0.000000
76.000000 25960.448000 0.001347 0.000167 0.000000
77.000000 26038.272000 0.000662 0.000160 0.000000
78.000000 26005.504000 0.001204 0.000167 0.000000
79.000000 25653.248000 0.000674 0.000161 0.000000
80.000000 26001.408000 0.001192 0.000170 0.000000
81.000000 26046.464000 0.000656 0.000160 0.000000
82.000000 26013.696000 0.000938 0.000166 0.000000
83.000000 26066.944000 0.000706 0.000161 0.000000
84.000000 25497.600000 0.000851 0.000166 0.000000
85.000000 26062.848000 0.000647 0.000159 0.000000
86.000000 26013.696000 0.001074 0.000167 0.000000
87.000000 26062.848000 0.000642 0.000158 0.000000
88.000000 25956.352000 0.001003 0.000165 0.000000
89.000000 25948.160000 0.000648 0.000160 0.000000
90.000000 25935.872000 0.000996 0.000165 0.000000
91.000000 25944.064000 0.000656 0.000160 0.000000
92.000000 25952.256000 0.000935 0.000166 0.000000
93.000000 25985.024000 0.000732 0.000162 0.000000
94.000000 25821.184000 0.000987 0.000167 0.000000
95.000000 25964.544000 0.000655 0.000161 0.000000
96.000000 25931.776000 0.001001 0.000168 0.000000
97.000000 25964.544000 0.000669 0.000161 0.000000
98.000000 25894.912000 0.001205 0.000167 0.000000
99.000000 25931.776000 0.000667 0.000162 0.000000
100.000000 26017.792000 0.001052 0.000167 0.000000
101.000000 26116.096000 0.000653 0.000159 0.000000
102.000000 25997.312000 0.001120 0.000167 0.000000
103.000000 26038.272000 0.000682 0.000161 0.000000
104.000000 25989.120000 0.000967 0.000167 0.000000
105.000000 26066.944000 0.000662 0.000162 0.000000
106.000000 25964.544000 0.001066 0.000166 0.000000
107.000000 26054.656000 0.000666 0.000160 0.000000
108.000000 26017.792000 0.001430 0.000168 0.000000
109.000000 25890.816000 0.002087 0.000188 0.000000
110.000000 25923.584000 0.001016 0.000165 12.000000
111.000000 25980.928000 0.000640 0.000158 0.000000
112.000000 25952.256000 0.000856 0.000164 0.000000
113.000000 26058.752000 0.000692 0.000159 0.000000
114.000000 26017.792000 0.000954 0.000167 0.000000
115.000000 26095.616000 0.000637 0.000158 0.000000
116.000000 26034.176000 0.000844 0.000164 0.000000
117.000000 26095.616000 0.000634 0.000158 0.000000
118.000000 26038.272000 0.000932 0.000163 0.000000
119.000000 26071.040000 0.000630 0.000158 0.000000
120.000000 26042.368000 0.000998 0.000164 0.000000
121.000000 26095.616000 0.000656 0.000159 0.000000
122.000000 25976.832000 0.000969 0.000166 0.000000
123.000000 26099.712000 0.000706 0.000162 0.000000
124.000000 25948.160000 0.001149 0.000169 0.000000
125.000000 26087.424000 0.000689 0.000162 0.000000
126.000000 26062.848000 0.000866 0.000168 0.000000
127.000000 26103.808000 0.000686 0.000163 0.000000
128.000000 26046.464000 0.001489 0.000167 0.000000
129.000000 26075.136000 0.000662 0.000160 0.000000
130.000000 26071.040000 0.000910 0.000162 0.000000
131.000000 26112.000000 0.000644 0.000159 0.000000
132.000000 26005.504000 0.001250 0.000166 0.000000
133.000000 26054.656000 0.000647 0.000158 0.000000
134.000000 25993.216000 0.000993 0.000165 0.000000
135.000000 26062.848000 0.000655 0.000160 0.000000
136.000000 26025.984000 0.000960 0.000167 0.000000
137.000000 26079.232000 0.000667 0.000161 0.000000
138.000000 25989.120000 0.001025 0.000167 0.000000
139.000000 26038.272000 0.000684 0.000162 0.000000
140.000000 26009.600000 0.001003 0.000168 0.000000
141.000000 26058.752000 0.000643 0.000159 0.000000
142.000000 26021.888000 0.000873 0.000162 0.000000
143.000000 26071.040000 0.000644 0.000159 0.000000
144.000000 26009.600000 0.001041 0.000165 0.000000
145.000000 26083.328000 0.000645 0.000157 0.000000
146.000000 26017.792000 0.000766 0.000161 0.000000
147.000000 26091.520000 0.000672 0.000159 0.000000
148.000000 26046.464000 0.001339 0.000168 0.000000
149.000000 26062.848000 0.000645 0.000158 0.000000
150.000000 26050.560000 0.000783 0.000163 0.000000
151.000000 26103.808000 0.000642 0.000159 0.000000
152.000000 26058.752000 0.000863 0.000163 0.000000
153.000000 26042.368000 0.000719 0.000160 0.000000
154.000000 25968.640000 0.000900 0.000165 0.000000
155.000000 26071.040000 0.000660 0.000159 0.000000
156.000000 26050.560000 0.000881 0.000163 0.000000
157.000000 26099.712000 0.000683 0.000160 0.000000
158.000000 26062.848000 0.001367 0.000170 0.000000
159.000000 25993.216000 0.000684 0.000163 0.000000
160.000000 25718.784000 0.000927 0.000165 0.000000
161.000000 26071.040000 0.000656 0.000159 0.000000
162.000000 25903.104000 0.000845 0.000167 0.000000
163.000000 26025.984000 0.000673 0.000161 0.000000
164.000000 25960.448000 0.000912 0.000166 0.000000
165.000000 26025.984000 0.000737 0.000165 0.000000
166.000000 25587.712000 0.001274 0.000171 0.000000
167.000000 25452.544000 0.000710 0.000165 0.000000
168.000000 25837.568000 0.000966 0.000166 0.000000
169.000000 25862.144000 0.000709 0.000164 0.000000
170.000000 25985.024000 0.001530 0.000178 0.000000
171.000000 26034.176000 0.000662 0.000159 0.000000
172.000000 25997.312000 0.000918 0.000164 0.000000
173.000000 26042.368000 0.000742 0.000160 0.000000
174.000000 25960.448000 0.000915 0.000167 0.000000
175.000000 26058.752000 0.000669 0.000160 0.000000
176.000000 26034.176000 0.001312 0.000168 0.000000
177.000000 26075.136000 0.000666 0.000159 0.000000
178.000000 26025.984000 0.001137 0.000167 0.000000
179.000000 26050.560000 0.000667 0.000159 0.000000
180.000000 26042.368000 0.000894 0.000166 0.000000
181.000000 26099.712000 0.000662 0.000159 0.000000
182.000000 26046.464000 0.001025 0.000165 0.000000
183.000000 26091.520000 0.000727 0.000160 0.000000
184.000000 25923.584000 0.000802 0.000164 0.000000
185.000000 26030.080000 0.000673 0.000161 0.000000
186.000000 26005.504000 0.000926 0.000167 0.000000
187.000000 26124.288000 0.000679 0.000161 0.000000
188.000000 26066.944000 0.001076 0.000166 0.000000
189.000000 26054.656000 0.000682 0.000161 0.000000
190.000000 26066.944000 0.000893 0.000163 0.000000
191.000000 26034.176000 0.000648 0.000158 0.000000
192.000000 25985.024000 0.001156 0.000166 0.000000
193.000000 26021.888000 0.000723 0.000160 0.000000
194.000000 25964.544000 0.000833 0.000164 0.000000
195.000000 26062.848000 0.000676 0.000162 0.000000
196.000000 26009.600000 0.000910 0.000165 0.000000
197.000000 26058.752000 0.000675 0.000161 0.000000
198.000000 26009.600000 0.001092 0.000167 0.000000
199.000000 26025.984000 0.000682 0.000160 0.000000
200.000000 25980.928000 0.000912 0.000166 0.000000
201.000000 26050.560000 0.000671 0.000160 0.000000
202.000000 25980.928000 0.000792 0.000164 0.000000
203.000000 26025.984000 0.000732 0.000161 0.000000
204.000000 25985.024000 0.000938 0.000167 0.000000
205.000000 26071.040000 0.000677 0.000161 0.000000
206.000000 26030.080000 0.001068 0.000166 0.000000
207.000000 26054.656000 0.000663 0.000158 0.000000
208.000000 26025.984000 0.001035 0.000168 0.000000
209.000000 26038.272000 0.000676 0.000161 0.000000
210.000000 26017.792000 0.000784 0.000165 0.000000
211.000000 26058.752000 0.000673 0.000160 0.000000
212.000000 26042.368000 0.001093 0.000168 0.000000
213.000000 26075.136000 0.000732 0.000162 0.000000
214.000000 25960.448000 0.001084 0.000168 0.000000
215.000000 26054.656000 0.000680 0.000160 0.000000
216.000000 25997.312000 0.000868 0.000164 0.000000
217.000000 26091.520000 0.000670 0.000159 0.000000
218.000000 26034.176000 0.000923 0.000166 0.000000
219.000000 26087.424000 0.000674 0.000159 0.000000
220.000000 26071.040000 0.001098 0.000165 0.000000
221.000000 26034.176000 0.000662 0.000158 0.000000
222.000000 26001.408000 0.000956 0.000164 0.000000
223.000000 26030.080000 0.000722 0.000159 0.000000
224.000000 25976.832000 0.001015 0.000166 0.000000
225.000000 26042.368000 0.000676 0.000159 0.000000
226.000000 25993.216000 0.001187 0.000167 0.000000
227.000000 26050.560000 0.000684 0.000160 0.000000
228.000000 25985.024000 0.001054 0.000166 0.000000
229.000000 26038.272000 0.000685 0.000161 0.000000
230.000000 26021.888000 0.000930 0.000167 0.000000
231.000000 26021.888000 0.002624 0.000189 0.000000
232.000000 25894.912000 0.000961 0.000168 0.000000
233.000000 25903.104000 0.000733 0.000161 0.000000
234.000000 25763.840000 0.001190 0.000169 0.000000
235.000000 25939.968000 0.000678 0.000159 0.000000
236.000000 25878.528000 0.000948 0.000168 0.000000
237.000000 26025.984000 0.000683 0.000159 0.000000
238.000000 26034.176000 0.001131 0.000165 0.000000
239.000000 26071.040000 0.000687 0.000159 0.000000
240.000000 26046.464000 0.001038 0.000168 0.000000
241.000000 26083.328000 0.000700 0.000161 0.000000
242.000000 26038.272000 0.000968 0.000167 0.000000
243.000000 26079.232000 0.000747 0.000161 0.000000
244.000000 26042.368000 0.001036 0.000168 0.000000
245.000000 25989.120000 0.000713 0.000160 0.000000
246.000000 26025.984000 0.001168 0.000167 0.000000
247.000000 26058.752000 0.000729 0.000161 0.000000
248.000000 26079.232000 0.001108 0.000169 0.000000
249.000000 26083.328000 0.000704 0.000160 0.000000
250.000000 26021.888000 0.001014 0.000167 0.000000
251.000000 26013.696000 0.000696 0.000161 0.000000
252.000000 25989.120000 0.001248 0.000168 0.000000
253.000000 26017.792000 0.000747 0.000162 0.000000
254.000000 25980.928000 0.000908 0.000165 0.000000
255.000000 26038.272000 0.000687 0.000159 0.000000
256.000000 25989.120000 0.001189 0.000168 0.000000
257.000000 26062.848000 0.000701 0.000160 0.000000
258.000000 26013.696000 0.001275 0.000166 0.000000
259.000000 26038.272000 0.000704 0.000160 0.000000
260.000000 25989.120000 0.000897 0.000166 0.000000
261.000000 26062.848000 0.000722 0.000160 0.000000
262.000000 26013.696000 0.001030 0.000165 0.000000
263.000000 26091.520000 0.000752 0.000160 0.000000
264.000000 26001.408000 0.000863 0.000165 0.000000
265.000000 26066.944000 0.000709 0.000161 0.000000
266.000000 26017.792000 0.001108 0.000169 0.000000
267.000000 26079.232000 0.000707 0.000162 0.000000
268.000000 26030.080000 0.001204 0.000170 0.000000
269.000000 26050.560000 0.000687 0.000159 0.000000
270.000000 26025.984000 0.001184 0.000165 0.000000
271.000000 26075.136000 0.000692 0.000158 0.000000
272.000000 26050.560000 0.001100 0.000165 0.000000
273.000000 26079.232000 0.000700 0.000158 0.000000
274.000000 26042.368000 0.001086 0.000165 0.000000
275.000000 25985.024000 0.000708 0.000158 0.000000
276.000000 26066.944000 0.001145 0.000165 0.000000
277.000000 26083.328000 0.000730 0.000158 0.000000
278.000000 25993.216000 0.000920 0.000167 0.000000
279.000000 26071.040000 0.000708 0.000160 0.000000
280.000000 25968.640000 0.000966 0.000167 0.000000
281.000000 26025.984000 0.000720 0.000161 0.000000
282.000000 26017.792000 0.000929 0.000166 0.000000
283.000000 26013.696000 0.000766 0.000161 0.000000
284.000000 25964.544000 0.000922 0.000164 0.000000
285.000000 26017.792000 0.000730 0.000161 0.000000
286.000000 25997.312000 0.001054 0.000167 0.000000
287.000000 26046.464000 0.000736 0.000164 0.000000
288.000000 26009.600000 0.001009 0.000166 0.000000
289.000000 26054.656000 0.000711 0.000160 0.000000
290.000000 25976.832000 0.001051 0.000170 0.000000
291.000000 26062.848000 0.002184 0.000185 0.000000
292.000000 26025.984000 0.000903 0.000164 0.000000
293.000000 26075.136000 0.000769 0.000160 0.000000
294.000000 25956.352000 0.001126 0.000167 0.000000
295.000000 26058.752000 0.000705 0.000159 0.000000
296.000000 26038.272000 0.001022 0.000168 0.000000
297.000000 26087.424000 0.000712 0.000160 0.000000
298.000000 26034.176000 0.000991 0.000165 0.000000
299.000000 26062.848000 0.000703 0.000159 0.000000
300.000000 26017.792000 0.001156 0.000168 0.000000
301.000000 26083.328000 0.000724 0.000160 0.000000
302.000000 26050.560000 0.000895 0.000164 0.000000
303.000000 26112.000000 0.000786 0.000162 0.000000
304.000000 26058.752000 0.001060 0.000169 0.000000
305.000000 25989.120000 0.000734 0.000163 0.000000
306.000000 26071.040000 0.001285 0.000169 0.000000
307.000000 26124.288000 0.000717 0.000160 0.000000
308.000000 26075.136000 0.001009 0.000164 0.000000
309.000000 26058.752000 0.000714 0.000159 0.000000
310.000000 26013.696000 0.001264 0.000167 0.000000
311.000000 26050.560000 0.000700 0.000159 0.000000
312.000000 26009.600000 0.001042 0.000164 0.000000
313.000000 26054.656000 0.000749 0.000159 0.000000
314.000000 26021.888000 0.001174 0.000166 0.000000
315.000000 26058.752000 0.000711 0.000159 0.000000
316.000000 26021.888000 0.001024 0.000166 0.000000
317.000000 26066.944000 0.000755 0.000163 0.000000
318.000000 26017.792000 0.000989 0.000168 0.000000
319.000000 26042.368000 0.000736 0.000160 0.000000
320.000000 26050.560000 0.001102 0.000168 0.000000
321.000000 26079.232000 0.000721 0.000159 0.000000
322.000000 26038.272000 0.001277 0.000169 0.000000
323.000000 26103.808000 0.000776 0.000162 0.000000
324.000000 26042.368000 0.000969 0.000166 0.000000
325.000000 26025.984000 0.000720 0.000160 0.000000
326.000000 26046.464000 0.000999 0.000166 0.000000
327.000000 26103.808000 0.000716 0.000160 0.000000
328.000000 26054.656000 0.001138 0.000167 0.000000
329.000000 26091.520000 0.000701 0.000157 0.000000
330.000000 26054.656000 0.001030 0.000164 0.000000
331.000000 26120.192000 0.000705 0.000156 0.000000
332.000000 26079.232000 0.000919 0.000162 0.000000
333.000000 25944.064000 0.000736 0.000161 0.000000
334.000000 25935.872000 0.000940 0.000163 0.000000
335.000000 25980.928000 0.000736 0.000161 0.000000
336.000000 26054.656000 0.001025 0.000167 0.000000
337.000000 26079.232000 0.000726 0.000159 0.000000
338.000000 26034.176000 0.001248 0.000166 0.000000
339.000000 26021.888000 0.000746 0.000160 0.000000
340.000000 25923.584000 0.000972 0.000164 0.000000
341.000000 26005.504000 0.000753 0.000163 0.000000
342.000000 25993.216000 0.001320 0.000172 0.000000
343.000000 26025.984000 0.000818 0.000163 0.000000
344.000000 25964.544000 0.000914 0.000165 0.000000
345.000000 26009.600000 0.000730 0.000160 0.000000
346.000000 25972.736000 0.001018 0.000164 0.000000
347.000000 25997.312000 0.000735 0.000160 0.000000
348.000000 26005.504000 0.000967 0.000166 0.000000
349.000000 25997.312000 0.000768 0.000164 0.000000
350.000000 25948.160000 0.000844 0.000163 0.000000
351.000000 26034.176000 0.000738 0.000162 0.000000
352.000000 25980.928000 0.001338 0.000175 0.000000
353.000000 25886.720000 0.000764 0.000161 0.000000
354.000000 25616.384000 0.001001 0.000164 0.000000
355.000000 25899.008000 0.000720 0.000159 0.000000
356.000000 25980.928000 0.001073 0.000167 0.000000
357.000000 26046.464000 0.000721 0.000159 0.000000
358.000000 26038.272000 0.001321 0.000169 0.000000
359.000000 25989.120000 0.000716 0.000158 0.000000
360.000000 26005.504000 0.001210 0.000166 0.000000
361.000000 26062.848000 0.000724 0.000158 0.000000
362.000000 26046.464000 0.001125 0.000165 0.000000
363.000000 26050.560000 0.000840 0.000163 0.000000
364.000000 26042.368000 0.001170 0.000167 0.000000
365.000000 25952.256000 0.000731 0.000160 0.000000
366.000000 26034.176000 0.001013 0.000167 0.000000
367.000000 26058.752000 0.000738 0.000161 0.000000
368.000000 26071.040000 0.001299 0.000166 0.000000
369.000000 26013.696000 0.000743 0.000161 0.000000
370.000000 25952.256000 0.001075 0.000167 0.000000
371.000000 25976.832000 0.000736 0.000161 0.000000
372.000000 25903.104000 0.000983 0.000166 0.000000
373.000000 26017.792000 0.000767 0.000162 0.000000
374.000000 25972.736000 0.000942 0.000165 0.000000
375.000000 25976.832000 0.000792 0.000163 0.000000
376.000000 25964.544000 0.000949 0.000166 0.000000
377.000000 26017.792000 0.000747 0.000161 0.000000
378.000000 25968.640000 0.001154 0.000167 0.000000
379.000000 25997.312000 0.000736 0.000160 0.000000
380.000000 25489.408000 0.001324 0.000171 107.000000
381.000000 26017.792000 0.000730 0.000159 0.000000
382.000000 26001.408000 0.001022 0.000165 0.000000
383.000000 26046.464000 0.000728 0.000159 0.000000
384.000000 26001.408000 0.001127 0.000166 0.000000
385.000000 26046.464000 0.000739 0.000160 0.000000
386.000000 26025.984000 0.000956 0.000165 0.000000
387.000000 26001.408000 0.000734 0.000160 0.000000
388.000000 26001.408000 0.001296 0.000170 0.000000
389.000000 26025.984000 0.000770 0.000163 0.000000
390.000000 26025.984000 0.001134 0.000170 0.000000
391.000000 26083.328000 0.000748 0.000161 0.000000
392.000000 26066.944000 0.001087 0.000166 0.000000
393.000000 26079.232000 0.000803 0.000161 0.000000
394.000000 26038.272000 0.001145 0.000167 0.000000
395.000000 25985.024000 0.000743 0.000160 0.000000
396.000000 26062.848000 0.001102 0.000166 0.000000
397.000000 26091.520000 0.000742 0.000160 0.000000
398.000000 26071.040000 0.001040 0.000166 0.000000
399.000000 26001.408000 0.000749 0.000162 0.000000
400.000000 25858.048000 0.001048 0.000168 0.000000
401.000000 25763.840000 0.000748 0.000162 0.000000
402.000000 25972.736000 0.001265 0.000170 0.000000
403.000000 25976.832000 0.000827 0.000163 0.000000
404.000000 25985.024000 0.001085 0.000167 0.000000
405.000000 26042.368000 0.000752 0.000160 0.000000
406.000000 26046.464000 0.000987 0.000166 0.000000
407.000000 26054.656000 0.000764 0.000161 0.000000
408.000000 25948.160000 0.001023 0.000168 0.000000
409.000000 26120.192000 0.000786 0.000163 0.000000
410.000000 26001.408000 0.000984 0.000166 0.000000
411.000000 26071.040000 0.000753 0.000161 0.000000
412.000000 26034.176000 0.002006 0.000184 0.000000
413.000000 26071.040000 0.000798 0.000162 0.000000
414.000000 26042.368000 0.000987 0.000166 0.000000
415.000000 26066.944000 0.000760 0.000161 0.000000
416.000000 26062.848000 0.001264 0.000168 0.000000
417.000000 26071.040000 0.000751 0.000160 0.000000
418.000000 26013.696000 0.001295 0.000168 0.000000
419.000000 26050.560000 0.000742 0.000158 0.000000
420.000000 26071.040000 0.000847 0.000162 0.000000
421.000000 26091.520000 0.000741 0.000158 0.000000
422.000000 25927.680000 0.001181 0.000168 0.000000
423.000000 26099.712000 0.000827 0.000162 0.000000
424.000000 26075.136000 0.001074 0.000165 0.000000
425.000000 25985.024000 0.000761 0.000158 0.000000
426.000000 26054.656000 0.001354 0.000169 0.000000
427.000000 26083.328000 0.000792 0.000162 0.000000
428.000000 26017.792000 0.001313 0.000168 0.000000
429.000000 26021.888000 0.000768 0.000161 0.000000
430.000000 25907.200000 0.000886 0.000165 0.000000
431.000000 25919.488000 0.000759 0.000161 0.000000
432.000000 25882.624000 0.001150 0.000168 0.000000
433.000000 25948.160000 0.000771 0.000161 0.000000
434.000000 25907.200000 0.000912 0.000166 0.000000
435.000000 26079.232000 0.000792 0.000160 0.000000
436.000000 26001.408000 0.001102 0.000164 0.000000
437.000000 26046.464000 0.000763 0.000159 0.000000
438.000000 26042.368000 0.001178 0.000167 0.000000
439.000000 26030.080000 0.000781 0.000162 0.000000
440.000000 26005.504000 0.000944 0.000166 0.000000
441.000000 26071.040000 0.000779 0.000163 0.000000
442.000000 26046.464000 0.001006 0.000166 0.000000
443.000000 26058.752000 0.000829 0.000161 0.000000
444.000000 26038.272000 0.001087 0.000167 0.000000
445.000000 26062.848000 0.000773 0.000160 0.000000
446.000000 26038.272000 0.001043 0.000165 0.000000
447.000000 26066.944000 0.000765 0.000159 0.000000
448.000000 26046.464000 0.001202 0.000167 0.000000
449.000000 26038.272000 0.000766 0.000159 0.000000
450.000000 25993.216000 0.001008 0.000166 0.000000
451.000000 26083.328000 0.000769 0.000160 0.000000
452.000000 26066.944000 0.000955 0.000167 0.000000
453.000000 26075.136000 0.000856 0.000163 0.000000
454.000000 26046.464000 0.001123 0.000168 0.000000
455.000000 25927.680000 0.000779 0.000161 0.000000
456.000000 25993.216000 0.001114 0.000169 0.000000
457.000000 26013.696000 0.000804 0.000162 0.000000
458.000000 25944.064000 0.000883 0.000165 0.000000
459.000000 25939.968000 0.000787 0.000163 0.000000
460.000000 26038.272000 0.000945 0.000167 0.000000
461.000000 26079.232000 0.000790 0.000163 0.000000
462.000000 26050.560000 0.001173 0.000166 0.000000
463.000000 26050.560000 0.000821 0.000161 0.000000
464.000000 26013.696000 0.000844 0.000162 0.000000
465.000000 26005.504000 0.000777 0.000161 0.000000
466.000000 26017.792000 0.001320 0.000166 0.000000
467.000000 26046.464000 0.000776 0.000160 0.000000
468.000000 26017.792000 0.001164 0.000167 0.000000
469.000000 26013.696000 0.000798 0.000163 0.000000
470.000000 26034.176000 0.001324 0.000169 0.000000
471.000000 26021.888000 0.000768 0.000159 0.000000
472.000000 26046.464000 0.001259 0.000165 0.000000
473.000000 26071.040000 0.002292 0.000186 0.000000
474.000000 26034.176000 0.000904 0.000164 0.000000
475.000000 26095.616000 0.000769 0.000159 0.000000
476.000000 26054.656000 0.001046 0.000164 0.000000
477.000000 26071.040000 0.000766 0.000159 0.000000
478.000000 26046.464000 0.001220 0.000168 0.000000
479.000000 26050.560000 0.000771 0.000159 0.000000
480.000000 26058.752000 0.001191 0.000167 0.000000
481.000000 26009.600000 0.000765 0.000159 0.000000
482.000000 26054.656000 0.001227 0.000165 0.000000
483.000000 26103.808000 0.000825 0.000161 0.000000
484.000000 26058.752000 0.001085 0.000167 0.000000
485.000000 25989.120000 0.000779 0.000160 0.000000
486.000000 26066.944000 0.001159 0.000165 0.000000
487.000000 26054.656000 0.000770 0.000159 0.000000
488.000000 26005.504000 0.001266 0.000168 0.000000
489.000000 26017.792000 0.000787 0.000160 0.000000
490.000000 26017.792000 0.001074 0.000166 0.000000
491.000000 26030.080000 0.000779 0.000159 0.000000
492.000000 25948.160000 0.001145 0.000164 0.000000
493.000000 26128.384000 0.000838 0.000161 0.000000
494.000000 25989.120000 0.001243 0.000167 0.000000
495.000000 26021.888000 0.000786 0.000160 0.000000
496.000000 25952.256000 0.000929 0.000164 0.000000
497.000000 26021.888000 0.000795 0.000161 0.000000
498.000000 26025.984000 0.000952 0.000165 0.000000
499.000000 25989.120000 0.000796 0.000161 0.000000
